Log file open, 03/18/19 14:21:26
LogWindows: Failed to load 'aqProf.dll' (GetLastError=126)
LogWindows: File 'aqProf.dll' does not exist
LogWindows: Failed to load 'VtuneApi.dll' (GetLastError=126)
LogWindows: File 'VtuneApi.dll' does not exist
LogWindows: Failed to load 'VtuneApi32e.dll' (GetLastError=126)
LogWindows: File 'VtuneApi32e.dll' does not exist
LogConsoleResponse: Display: Failed to find resolution value strings in scalability ini. Falling back to default.
LogInit: Display: Running engine for game: Shoot
LogPakFile: Registered encryption key '00000000000000000000000000000000': 0 pak files mounted, 0 remain pending
LogPlatformFile: Not using cached read wrapper
LogTaskGraph: Started task graph with 5 named threads and 23 total threads with 3 sets of task threads.
LogStats: Stats thread started at 0.405581
LogD3D11RHI: Loaded GFSDK_Aftermath_Lib.x64.dll
LogICUInternationalization: ICU TimeZone Detection - Raw Offset: +1:00, Platform Override: ''
LogPluginManager: Mounting plugin Paper2D
LogPluginManager: Mounting plugin AISupport
LogPluginManager: Mounting plugin LightPropagationVolume
LogPluginManager: Mounting plugin ActorLayerUtilities
LogPluginManager: Mounting plugin CLionSourceCodeAccess
LogPluginManager: Mounting plugin CodeLiteSourceCodeAccess
LogPluginManager: Mounting plugin GitSourceControl
LogPluginManager: Mounting plugin KDevelopSourceCodeAccess
LogPluginManager: Mounting plugin NullSourceCodeAccess
LogPluginManager: Mounting plugin PerforceSourceControl
LogPluginManager: Mounting plugin SubversionSourceControl
LogPluginManager: Mounting plugin UObjectPlugin
LogPluginManager: Mounting plugin VisualStudioCodeSourceCodeAccess
LogPluginManager: Mounting plugin VisualStudioSourceCodeAccess
LogPluginManager: Mounting plugin XCodeSourceCodeAccess
LogPluginManager: Mounting plugin AssetManagerEditor
LogPluginManager: Mounting plugin CryptoKeys
LogPluginManager: Mounting plugin DataValidation
LogPluginManager: Mounting plugin FacialAnimation
LogPluginManager: Mounting plugin GameplayTagsEditor
LogPluginManager: Mounting plugin MacGraphicsSwitching
LogPluginManager: Mounting plugin MeshEditor
LogPluginManager: Mounting plugin MobileLauncherProfileWizard
LogPluginManager: Mounting plugin PluginBrowser
LogPluginManager: Mounting plugin SpeedTreeImporter
LogPluginManager: Mounting plugin DatasmithContent
LogPluginManager: Mounting plugin VariantManagerContent
LogPluginManager: Mounting plugin AlembicImporter
LogPluginManager: Mounting plugin AppleImageUtils
LogPluginManager: Mounting plugin AppleVision
LogPluginManager: Mounting plugin BackChannel
LogPluginManager: Mounting plugin CharacterAI
LogPluginManager: Mounting plugin GeometryCache
LogPluginManager: Mounting plugin HTML5Networking
LogPluginManager: Mounting plugin ProxyLODPlugin
LogPluginManager: Mounting plugin MagicLeap
LogPluginManager: Mounting plugin MagicLeapMedia
LogPluginManager: Mounting plugin AndroidMedia
LogPluginManager: Mounting plugin AvfMedia
LogPluginManager: Mounting plugin ImgMedia
LogPluginManager: Mounting plugin LinearTimecode
LogPluginManager: Mounting plugin MediaCompositing
LogPluginManager: Mounting plugin MediaPlayerEditor
LogPluginManager: Mounting plugin WebMMedia
LogPluginManager: Mounting plugin WmfMedia
LogPluginManager: Mounting plugin TcpMessaging
LogPluginManager: Mounting plugin UdpMessaging
LogPluginManager: Mounting plugin ActorSequence
LogPluginManager: Mounting plugin LevelSequenceEditor
LogPluginManager: Mounting plugin MatineeToLevelSequence
LogPluginManager: Mounting plugin NetcodeUnitTest
LogPluginManager: Mounting plugin NUTUnrealEngine4
LogPluginManager: Mounting plugin OnlineSubsystemGooglePlay
LogPluginManager: Mounting plugin OnlineSubsystemIOS
LogPluginManager: Mounting plugin OnlineSubsystem
LogPluginManager: Mounting plugin OnlineSubsystemNull
LogPluginManager: Mounting plugin OnlineSubsystemUtils
LogPluginManager: Mounting plugin LauncherChunkInstaller
LogPluginManager: Mounting plugin AndroidDeviceProfileSelector
LogPluginManager: Mounting plugin AndroidMoviePlayer
LogPluginManager: Mounting plugin AndroidPermission
LogPluginManager: Mounting plugin AppleMoviePlayer
LogPluginManager: Mounting plugin ArchVisCharacter
LogPluginManager: Mounting plugin AudioCapture
LogPluginManager: Mounting plugin CableComponent
LogPluginManager: Mounting plugin CustomMeshComponent
LogPluginManager: Mounting plugin EditableMesh
LogPluginManager: Mounting plugin ExampleDeviceProfileSelector
LogPluginManager: Mounting plugin Firebase
LogPluginManager: Mounting plugin GoogleCloudMessaging
LogPluginManager: Mounting plugin IOSDeviceProfileSelector
LogPluginManager: Mounting plugin LinuxDeviceProfileSelector
LogPluginManager: Mounting plugin LocationServicesBPLibrary
LogPluginManager: Mounting plugin MobilePatchingUtils
LogPluginManager: Mounting plugin OculusVR
LogPluginManager: Mounting plugin PhysXVehicles
LogPluginManager: Mounting plugin ProceduralMeshComponent
LogPluginManager: Mounting plugin RuntimePhysXCooking
LogPluginManager: Mounting plugin SteamVR
LogPluginManager: Mounting plugin WebMMoviePlayer
LogPluginManager: Mounting plugin WindowsMoviePlayer
LogStreaming: Display: Took  0.076s to configure plugins.
LogInit: Using libcurl 7.55.1-DEV
LogInit:  - built for x86_64-pc-win32
LogInit:  - supports SSL with OpenSSL/1.0.2h
LogInit:  - supports HTTP deflate (compression) using libz 1.2.8
LogInit:  - other features:
LogInit:      CURL_VERSION_SSL
LogInit:      CURL_VERSION_LIBZ
LogInit:      CURL_VERSION_IPV6
LogInit:      CURL_VERSION_ASYNCHDNS
LogInit:      CURL_VERSION_LARGEFILE
LogInit:      CURL_VERSION_IDN
LogInit:  CurlRequestOptions (configurable via config and command line):
LogInit:  - bVerifyPeer = true  - Libcurl will verify peer certificate
LogInit:  - bUseHttpProxy = false  - Libcurl will NOT use HTTP proxy
LogInit:  - bDontReuseConnections = false  - Libcurl will reuse connections
LogInit:  - MaxHostConnections = 16  - Libcurl will limit the number of connections to a host
LogInit:  - LocalHostAddr = Default
LogInit:  - BufferSize = 65536
LogInit: WinSock: version 1.1 (2.2), MaxSocks=32767, MaxUdp=65467
LogInit: Build: ++UE4+Release-4.21-CL-4753647
LogInit: Engine Version: 4.21.2-4753647+++UE4+Release-4.21
LogInit: Compatible Engine Version: 4.21.0-4541578+++UE4+Release-4.21
LogInit: Net CL: 4541578
LogInit: OS: Windows 10 (), CPU: Intel(R) Core(TM) i7-4980HQ CPU @ 2.80GHz, GPU: Intel(R) Iris(TM) Pro Graphics 5200
LogInit: Compiled (64-bit): Jan 19 2019 02:07:31
LogInit: Compiled with Visual C++: 19.13.26129.00
LogInit: Build Configuration: Development
LogInit: Branch Name: ++UE4+Release-4.21
LogInit: Command Line:  -skipcompile
LogInit: Base Directory: D:/Program Files/Epic Games/UE_4.21/Engine/Binaries/Win64/
LogInit: Installed Engine Build: 1
LogDevObjectVersion: Number of dev versions registered: 22
LogDevObjectVersion:   Dev-Blueprints (B0D832E4-1F89-4F0D-ACCF-7EB736FD4AA2): 10
LogDevObjectVersion:   Dev-Build (E1C64328-A22C-4D53-A36C-8E866417BD8C): 0
LogDevObjectVersion:   Dev-Core (375EC13C-06E4-48FB-B500-84F0262A717E): 2
LogDevObjectVersion:   Dev-Editor (E4B068ED-F494-42E9-A231-DA0B2E46BB41): 26
LogDevObjectVersion:   Dev-Framework (CFFC743F-43B0-4480-9391-14DF171D2073): 34
LogDevObjectVersion:   Dev-Mobile (B02B49B5-BB20-44E9-A304-32B752E40360): 2
LogDevObjectVersion:   Dev-Networking (A4E4105C-59A1-49B5-A7C5-40C4547EDFEE): 0
LogDevObjectVersion:   Dev-Online (39C831C9-5AE6-47DC-9A44-9C173E1C8E7C): 0
LogDevObjectVersion:   Dev-Physics (78F01B33-EBEA-4F98-B9B4-84EACCB95AA2): 0
LogDevObjectVersion:   Dev-Platform (6631380F-2D4D-43E0-8009-CF276956A95A): 0
LogDevObjectVersion:   Dev-Rendering (12F88B9F-8875-4AFC-A67C-D90C383ABD29): 27
LogDevObjectVersion:   Dev-Sequencer (7B5AE74C-D270-4C10-A958-57980B212A5A): 9
LogDevObjectVersion:   Dev-VR (D7296918-1DD6-4BDD-9DE2-64A83CC13884): 2
LogDevObjectVersion:   Dev-LoadTimes (C2A15278-BFE7-4AFE-6C17-90FF531DF755): 1
LogDevObjectVersion:   Private-Geometry (6EACA3D4-40EC-4CC1-B786-8BED09428FC5): 3
LogDevObjectVersion:   Dev-AnimPhys (29E575DD-E0A3-4627-9D10-D276232CDCEA): 17
LogDevObjectVersion:   Dev-Anim (AF43A65D-7FD3-4947-9873-3E8ED9C1BB05): 2
LogDevObjectVersion:   Dev-ReflectionCapture (6B266CEC-1EC7-4B8F-A30B-E4D90942FC07): 1
LogDevObjectVersion:   Dev-Automation (0DF73D61-A23F-47EA-B727-89E90C41499A): 1
LogDevObjectVersion:   FortniteMain (601D1886-AC64-4F84-AA16-D3DE0DEAC7D6): 17
LogDevObjectVersion:   Dev-Enterprise (9DFFBCD6-494F-0158-E221-12823C92A888): 4
LogDevObjectVersion:   Dev-Niagara (F2AED0AC-9AFE-416F-8664-AA7FFA26D6FC): 1
LogStreaming: Display: Took  0.002s to delete old logs.
LogInit: Presizing for max 8388607 objects, including 0 objects not considered by GC, pre-allocating 0 bytes for permanent pool.
LogInit: Object subsystem initialized
LogConfig: Setting CVar [[con.DebugEarlyDefault:1]]
LogConfig: Setting CVar [[r.setres:1280x720]]
[2019.03.18-13.21.26:899][  0]LogConfig: Setting CVar [[r.VSync:0]]
[2019.03.18-13.21.26:899][  0]LogConfig: Setting CVar [[r.RHICmdBypass:0]]
[2019.03.18-13.21.26:899][  0]LogConfig: Applying CVar settings from Section [/Script/Engine.RendererSettings] File [D:/Program Files/Epic Games/Projects/Shoot/Saved/Config/Windows/Engine.ini]
[2019.03.18-13.21.26:899][  0]LogConfig: Setting CVar [[r.GPUCrashDebugging:0]]
[2019.03.18-13.21.26:899][  0]LogConfig: Applying CVar settings from Section [/Script/Engine.RendererOverrideSettings] File [D:/Program Files/Epic Games/Projects/Shoot/Saved/Config/Windows/Engine.ini]
[2019.03.18-13.21.26:900][  0]LogConfig: Applying CVar settings from Section [/Script/Engine.StreamingSettings] File [D:/Program Files/Epic Games/Projects/Shoot/Saved/Config/Windows/Engine.ini]
[2019.03.18-13.21.26:900][  0]LogConfig: Setting CVar [[s.MinBulkDataSizeForAsyncLoading:131072]]
[2019.03.18-13.21.26:900][  0]LogConfig: Setting CVar [[s.AsyncLoadingThreadEnabled:0]]
[2019.03.18-13.21.26:900][  0]LogConfig: Setting CVar [[s.EventDrivenLoaderEnabled:1]]
[2019.03.18-13.21.26:900][  0]LogConfig: Setting CVar [[s.WarnIfTimeLimitExceeded:0]]
[2019.03.18-13.21.26:900][  0]LogConfig: Setting CVar [[s.TimeLimitExceededMultiplier:1.5]]
[2019.03.18-13.21.26:900][  0]LogConfig: Setting CVar [[s.TimeLimitExceededMinTime:0.005]]
[2019.03.18-13.21.26:900][  0]LogConfig: Setting CVar [[s.UseBackgroundLevelStreaming:1]]
[2019.03.18-13.21.26:900][  0]LogConfig: Setting CVar [[s.PriorityAsyncLoadingExtraTime:15.0]]
[2019.03.18-13.21.26:900][  0]LogConfig: Setting CVar [[s.LevelStreamingActorsUpdateTimeLimit:5.0]]
[2019.03.18-13.21.26:900][  0]LogConfig: Setting CVar [[s.PriorityLevelStreamingActorsUpdateExtraTime:5.0]]
[2019.03.18-13.21.26:901][  0]LogConfig: Setting CVar [[s.LevelStreamingComponentsRegistrationGranularity:10]]
[2019.03.18-13.21.26:901][  0]LogConfig: Setting CVar [[s.UnregisterComponentsTimeLimit:1.0]]
[2019.03.18-13.21.26:901][  0]LogConfig: Setting CVar [[s.LevelStreamingComponentsUnregistrationGranularity:5]]
[2019.03.18-13.21.26:901][  0]LogConfig: Applying CVar settings from Section [/Script/Engine.GarbageCollectionSettings] File [D:/Program Files/Epic Games/Projects/Shoot/Saved/Config/Windows/Engine.ini]
[2019.03.18-13.21.26:901][  0]LogConfig: Setting CVar [[gc.MaxObjectsNotConsideredByGC:1]]
[2019.03.18-13.21.26:901][  0]LogConfig: Setting CVar [[gc.SizeOfPermanentObjectPool:0]]
[2019.03.18-13.21.26:901][  0]LogConfig: Setting CVar [[gc.FlushStreamingOnGC:0]]
[2019.03.18-13.21.26:901][  0]LogConfig: Setting CVar [[gc.NumRetriesBeforeForcingGC:10]]
[2019.03.18-13.21.26:901][  0]LogConfig: Setting CVar [[gc.AllowParallelGC:1]]
[2019.03.18-13.21.26:901][  0]LogConfig: Setting CVar [[gc.TimeBetweenPurgingPendingKillObjects:61.1]]
[2019.03.18-13.21.26:901][  0]LogConfig: Setting CVar [[gc.MaxObjectsInEditor:8388607]]
[2019.03.18-13.21.26:902][  0]LogConfig: Setting CVar [[gc.IncrementalBeginDestroyEnabled:1]]
[2019.03.18-13.21.26:902][  0]LogConfig: Setting CVar [[gc.CreateGCClusters:1]]
[2019.03.18-13.21.26:902][  0]LogConfig: Setting CVar [[gc.MergeGCClusters:0]]
[2019.03.18-13.21.26:902][  0]LogConfig: Setting CVar [[gc.MinGCClusterSize:5]]
[2019.03.18-13.21.26:902][  0]LogConfig: Setting CVar [[gc.ActorClusteringEnabled:0]]
[2019.03.18-13.21.26:902][  0]LogConfig: Setting CVar [[gc.BlueprintClusteringEnabled:0]]
[2019.03.18-13.21.26:902][  0]LogConfig: Setting CVar [[gc.UseDisregardForGCOnDedicatedServers:0]]
[2019.03.18-13.21.26:902][  0]LogConfig: Applying CVar settings from Section [/Script/Engine.NetworkSettings] File [D:/Program Files/Epic Games/Projects/Shoot/Saved/Config/Windows/Engine.ini]
[2019.03.18-13.21.26:902][  0]LogConfig: Applying CVar settings from Section [/Script/UnrealEd.CookerSettings] File [D:/Program Files/Epic Games/Projects/Shoot/Saved/Config/Windows/Engine.ini]
[2019.03.18-13.21.26:911][  0]LogConfig: Applying CVar settings from Section [ViewDistanceQuality@3] File [D:/Program Files/Epic Games/Projects/Shoot/Saved/Config/Windows/Scalability.ini]
[2019.03.18-13.21.26:911][  0]LogConfig: Setting CVar [[r.SkeletalMeshLODBias:0]]
[2019.03.18-13.21.26:911][  0]LogConfig: Setting CVar [[r.ViewDistanceScale:1.0]]
[2019.03.18-13.21.26:912][  0]LogConfig: Applying CVar settings from Section [AntiAliasingQuality@3] File [D:/Program Files/Epic Games/Projects/Shoot/Saved/Config/Windows/Scalability.ini]
[2019.03.18-13.21.26:912][  0]LogConfig: Setting CVar [[r.PostProcessAAQuality:4]]
[2019.03.18-13.21.26:912][  0]LogConfig: Applying CVar settings from Section [ShadowQuality@3] File [D:/Program Files/Epic Games/Projects/Shoot/Saved/Config/Windows/Scalability.ini]
[2019.03.18-13.21.26:912][  0]LogConfig: Setting CVar [[r.LightFunctionQuality:1]]
[2019.03.18-13.21.26:912][  0]LogConfig: Setting CVar [[r.ShadowQuality:5]]
[2019.03.18-13.21.26:912][  0]LogConfig: Setting CVar [[r.Shadow.CSM.MaxCascades:10]]
[2019.03.18-13.21.26:912][  0]LogConfig: Setting CVar [[r.Shadow.MaxResolution:2048]]
[2019.03.18-13.21.26:912][  0]LogConfig: Setting CVar [[r.Shadow.MaxCSMResolution:2048]]
[2019.03.18-13.21.26:912][  0]LogConfig: Setting CVar [[r.Shadow.RadiusThreshold:0.01]]
[2019.03.18-13.21.26:912][  0]LogConfig: Setting CVar [[r.Shadow.DistanceScale:1.0]]
[2019.03.18-13.21.26:912][  0]LogConfig: Setting CVar [[r.Shadow.CSM.TransitionScale:1.0]]
[2019.03.18-13.21.26:912][  0]LogConfig: Setting CVar [[r.Shadow.PreShadowResolutionFactor:1.0]]
[2019.03.18-13.21.26:913][  0]LogConfig: Setting CVar [[r.DistanceFieldShadowing:1]]
[2019.03.18-13.21.26:913][  0]LogConfig: Setting CVar [[r.DistanceFieldAO:1]]
[2019.03.18-13.21.26:913][  0]LogConfig: Setting CVar [[r.AOQuality:2]]
[2019.03.18-13.21.26:913][  0]LogConfig: Setting CVar [[r.VolumetricFog:1]]
[2019.03.18-13.21.26:913][  0]LogConfig: Setting CVar [[r.VolumetricFog.GridPixelSize:8]]
[2019.03.18-13.21.26:913][  0]LogConfig: Setting CVar [[r.VolumetricFog.GridSizeZ:128]]
[2019.03.18-13.21.26:913][  0]LogConfig: Setting CVar [[r.VolumetricFog.HistoryMissSupersampleCount:4]]
[2019.03.18-13.21.26:913][  0]LogConfig: Setting CVar [[r.LightMaxDrawDistanceScale:1]]
[2019.03.18-13.21.26:913][  0]LogConfig: Setting CVar [[r.CapsuleShadows:1]]
[2019.03.18-13.21.26:913][  0]LogConfig: Applying CVar settings from Section [PostProcessQuality@3] File [D:/Program Files/Epic Games/Projects/Shoot/Saved/Config/Windows/Scalability.ini]
[2019.03.18-13.21.26:913][  0]LogConfig: Setting CVar [[r.MotionBlurQuality:4]]
[2019.03.18-13.21.26:913][  0]LogConfig: Setting CVar [[r.AmbientOcclusionMipLevelFactor:0.4]]
[2019.03.18-13.21.26:914][  0]LogConfig: Setting CVar [[r.AmbientOcclusionMaxQuality:100]]
[2019.03.18-13.21.26:914][  0]LogConfig: Setting CVar [[r.AmbientOcclusionLevels:-1]]
[2019.03.18-13.21.26:914][  0]LogConfig: Setting CVar [[r.AmbientOcclusionRadiusScale:1.0]]
[2019.03.18-13.21.26:914][  0]LogConfig: Setting CVar [[r.DepthOfFieldQuality:2]]
[2019.03.18-13.21.26:914][  0]LogConfig: Setting CVar [[r.RenderTargetPoolMin:400]]
[2019.03.18-13.21.26:914][  0]LogConfig: Setting CVar [[r.LensFlareQuality:2]]
[2019.03.18-13.21.26:914][  0]LogConfig: Setting CVar [[r.SceneColorFringeQuality:1]]
[2019.03.18-13.21.26:914][  0]LogConfig: Setting CVar [[r.EyeAdaptationQuality:2]]
[2019.03.18-13.21.26:914][  0]LogConfig: Setting CVar [[r.BloomQuality:5]]
[2019.03.18-13.21.26:915][  0]LogConfig: Setting CVar [[r.FastBlurThreshold:100]]
[2019.03.18-13.21.26:915][  0]LogConfig: Setting CVar [[r.Upscale.Quality:3]]
[2019.03.18-13.21.26:915][  0]LogConfig: Setting CVar [[r.Tonemapper.GrainQuantization:1]]
[2019.03.18-13.21.26:915][  0]LogConfig: Setting CVar [[r.LightShaftQuality:1]]
[2019.03.18-13.21.26:915][  0]LogConfig: Setting CVar [[r.Filter.SizeScale:1]]
[2019.03.18-13.21.26:915][  0]LogConfig: Setting CVar [[r.Tonemapper.Quality:5]]
[2019.03.18-13.21.26:915][  0]LogConfig: Setting CVar [[r.DOF.Gather.AccumulatorQuality:1        ; higher gathering accumulator quality]]
[2019.03.18-13.21.26:915][  0]LogConfig: Setting CVar [[r.DOF.Gather.PostfilterMethod:1          ; Median3x3 postfilering method]]
[2019.03.18-13.21.26:915][  0]LogConfig: Setting CVar [[r.DOF.Gather.EnableBokehSettings:0       ; no bokeh simulation when gathering]]
[2019.03.18-13.21.26:915][  0]LogConfig: Setting CVar [[r.DOF.Gather.RingCount:4                 ; medium number of samples when gathering]]
[2019.03.18-13.21.26:916][  0]LogConfig: Setting CVar [[r.DOF.Scatter.ForegroundCompositing:1    ; additive foreground scattering]]
[2019.03.18-13.21.26:916][  0]LogConfig: Setting CVar [[r.DOF.Scatter.BackgroundCompositing:2    ; additive background scattering]]
[2019.03.18-13.21.26:916][  0]LogConfig: Setting CVar [[r.DOF.Scatter.EnableBokehSettings:1      ; bokeh simulation when scattering]]
[2019.03.18-13.21.26:916][  0]LogConfig: Setting CVar [[r.DOF.Scatter.MaxSpriteRatio:0.1         ; only a maximum of 10% of scattered bokeh]]
[2019.03.18-13.21.26:916][  0]LogConfig: Setting CVar [[r.DOF.Recombine.Quality:1                ; cheap slight out of focus]]
[2019.03.18-13.21.26:916][  0]LogConfig: Setting CVar [[r.DOF.Recombine.EnableBokehSettings:0    ; no bokeh simulation on slight out of focus]]
[2019.03.18-13.21.26:916][  0]LogConfig: Setting CVar [[r.DOF.TemporalAAQuality:1                ; more stable temporal accumulation]]
[2019.03.18-13.21.26:916][  0]LogConfig: Setting CVar [[r.DOF.Kernel.MaxForegroundRadius:0.025]]
[2019.03.18-13.21.26:916][  0]LogConfig: Setting CVar [[r.DOF.Kernel.MaxBackgroundRadius:0.025]]
[2019.03.18-13.21.26:916][  0]LogConfig: Applying CVar settings from Section [TextureQuality@3] File [D:/Program Files/Epic Games/Projects/Shoot/Saved/Config/Windows/Scalability.ini]
[2019.03.18-13.21.26:916][  0]LogConfig: Setting CVar [[r.Streaming.MipBias:0]]
[2019.03.18-13.21.26:917][  0]LogConfig: Setting CVar [[r.Streaming.AmortizeCPUToGPUCopy:0]]
[2019.03.18-13.21.26:917][  0]LogConfig: Setting CVar [[r.Streaming.MaxNumTexturesToStreamPerFrame:0]]
[2019.03.18-13.21.26:917][  0]LogConfig: Setting CVar [[r.Streaming.Boost:1]]
[2019.03.18-13.21.26:917][  0]LogConfig: Setting CVar [[r.MaxAnisotropy:8]]
[2019.03.18-13.21.26:917][  0]LogConfig: Setting CVar [[r.Streaming.LimitPoolSizeToVRAM:0]]
[2019.03.18-13.21.26:917][  0]LogConfig: Setting CVar [[r.Streaming.PoolSize:1000]]
[2019.03.18-13.21.26:917][  0]LogConfig: Setting CVar [[r.Streaming.MaxEffectiveScreenSize:0]]
[2019.03.18-13.21.26:917][  0]LogConfig: Applying CVar settings from Section [EffectsQuality@3] File [D:/Program Files/Epic Games/Projects/Shoot/Saved/Config/Windows/Scalability.ini]
[2019.03.18-13.21.26:917][  0]LogConfig: Setting CVar [[r.TranslucencyLightingVolumeDim:64]]
[2019.03.18-13.21.26:917][  0]LogConfig: Setting CVar [[r.RefractionQuality:2]]
[2019.03.18-13.21.26:917][  0]LogConfig: Setting CVar [[r.SSR.Quality:3]]
[2019.03.18-13.21.26:917][  0]LogConfig: Setting CVar [[r.SceneColorFormat:4]]
[2019.03.18-13.21.26:918][  0]LogConfig: Setting CVar [[r.DetailMode:2]]
[2019.03.18-13.21.26:918][  0]LogConfig: Setting CVar [[r.TranslucencyVolumeBlur:1]]
[2019.03.18-13.21.26:918][  0]LogConfig: Setting CVar [[r.MaterialQualityLevel:1 ; High quality]]
[2019.03.18-13.21.26:918][  0]LogConfig: Setting CVar [[r.SSS.Scale:1]]
[2019.03.18-13.21.26:918][  0]LogConfig: Setting CVar [[r.SSS.SampleSet:2]]
[2019.03.18-13.21.26:918][  0]LogConfig: Setting CVar [[r.SSS.Quality:1]]
[2019.03.18-13.21.26:918][  0]LogConfig: Setting CVar [[r.SSS.HalfRes:1]]
[2019.03.18-13.21.26:918][  0]LogConfig: Setting CVar [[r.EmitterSpawnRateScale:1.0]]
[2019.03.18-13.21.26:918][  0]LogConfig: Setting CVar [[r.ParticleLightQuality:2]]
[2019.03.18-13.21.26:918][  0]LogConfig: Applying CVar settings from Section [FoliageQuality@3] File [D:/Program Files/Epic Games/Projects/Shoot/Saved/Config/Windows/Scalability.ini]
[2019.03.18-13.21.26:918][  0]LogConfig: Setting CVar [[foliage.DensityScale:1.0]]
[2019.03.18-13.21.26:918][  0]LogConfig: Setting CVar [[grass.DensityScale:1.0]]
[2019.03.18-13.21.26:918][  0]LogInit: Selected Device Profile: [Windows]
[2019.03.18-13.21.26:919][  0]LogInit: Applying CVar settings loaded from the selected device profile: [Windows]
[2019.03.18-13.21.26:932][  0]LogHAL: Display: Platform has ~ 8 GB [8469803008 / 8589934592 / 8], which maps to Default [LargestMinGB=32, LargerMinGB=12, DefaultMinGB=8, SmallerMinGB=6, SmallestMinGB=0)
[2019.03.18-13.21.26:932][  0]LogConfig: Setting CVar [[r.Vulkan.UseRealUBs:1]]
[2019.03.18-13.21.26:932][  0]LogInit: Going up to parent DeviceProfile []
[2019.03.18-13.21.26:932][  0]LogConfig: Applying CVar settings from Section [ViewDistanceQuality@3] File [D:/Program Files/Epic Games/Projects/Shoot/Saved/Config/Windows/Scalability.ini]
[2019.03.18-13.21.26:932][  0]LogConfig: Setting CVar [[r.SkeletalMeshLODBias:0]]
[2019.03.18-13.21.26:933][  0]LogConfig: Setting CVar [[r.ViewDistanceScale:1.0]]
[2019.03.18-13.21.26:933][  0]LogConfig: Applying CVar settings from Section [AntiAliasingQuality@3] File [D:/Program Files/Epic Games/Projects/Shoot/Saved/Config/Windows/Scalability.ini]
[2019.03.18-13.21.26:933][  0]LogConfig: Setting CVar [[r.PostProcessAAQuality:4]]
[2019.03.18-13.21.26:933][  0]LogConfig: Applying CVar settings from Section [ShadowQuality@3] File [D:/Program Files/Epic Games/Projects/Shoot/Saved/Config/Windows/Scalability.ini]
[2019.03.18-13.21.26:933][  0]LogConfig: Setting CVar [[r.LightFunctionQuality:1]]
[2019.03.18-13.21.26:933][  0]LogConfig: Setting CVar [[r.ShadowQuality:5]]
[2019.03.18-13.21.26:933][  0]LogConfig: Setting CVar [[r.Shadow.CSM.MaxCascades:10]]
[2019.03.18-13.21.26:933][  0]LogConfig: Setting CVar [[r.Shadow.MaxResolution:2048]]
[2019.03.18-13.21.26:933][  0]LogConfig: Setting CVar [[r.Shadow.MaxCSMResolution:2048]]
[2019.03.18-13.21.26:933][  0]LogConfig: Setting CVar [[r.Shadow.RadiusThreshold:0.01]]
[2019.03.18-13.21.26:934][  0]LogConfig: Setting CVar [[r.Shadow.DistanceScale:1.0]]
[2019.03.18-13.21.26:934][  0]LogConfig: Setting CVar [[r.Shadow.CSM.TransitionScale:1.0]]
[2019.03.18-13.21.26:934][  0]LogConfig: Setting CVar [[r.Shadow.PreShadowResolutionFactor:1.0]]
[2019.03.18-13.21.26:934][  0]LogConfig: Setting CVar [[r.DistanceFieldShadowing:1]]
[2019.03.18-13.21.26:934][  0]LogConfig: Setting CVar [[r.DistanceFieldAO:1]]
[2019.03.18-13.21.26:934][  0]LogConfig: Setting CVar [[r.AOQuality:2]]
[2019.03.18-13.21.26:934][  0]LogConfig: Setting CVar [[r.VolumetricFog:1]]
[2019.03.18-13.21.26:934][  0]LogConfig: Setting CVar [[r.VolumetricFog.GridPixelSize:8]]
[2019.03.18-13.21.26:934][  0]LogConfig: Setting CVar [[r.VolumetricFog.GridSizeZ:128]]
[2019.03.18-13.21.26:934][  0]LogConfig: Setting CVar [[r.VolumetricFog.HistoryMissSupersampleCount:4]]
[2019.03.18-13.21.26:935][  0]LogConfig: Setting CVar [[r.LightMaxDrawDistanceScale:1]]
[2019.03.18-13.21.26:935][  0]LogConfig: Setting CVar [[r.CapsuleShadows:1]]
[2019.03.18-13.21.26:935][  0]LogConfig: Applying CVar settings from Section [PostProcessQuality@3] File [D:/Program Files/Epic Games/Projects/Shoot/Saved/Config/Windows/Scalability.ini]
[2019.03.18-13.21.26:935][  0]LogConfig: Setting CVar [[r.MotionBlurQuality:4]]
[2019.03.18-13.21.26:935][  0]LogConfig: Setting CVar [[r.AmbientOcclusionMipLevelFactor:0.4]]
[2019.03.18-13.21.26:935][  0]LogConfig: Setting CVar [[r.AmbientOcclusionMaxQuality:100]]
[2019.03.18-13.21.26:935][  0]LogConfig: Setting CVar [[r.AmbientOcclusionLevels:-1]]
[2019.03.18-13.21.26:935][  0]LogConfig: Setting CVar [[r.AmbientOcclusionRadiusScale:1.0]]
[2019.03.18-13.21.26:935][  0]LogConfig: Setting CVar [[r.DepthOfFieldQuality:2]]
[2019.03.18-13.21.26:935][  0]LogConfig: Setting CVar [[r.RenderTargetPoolMin:400]]
[2019.03.18-13.21.26:935][  0]LogConfig: Setting CVar [[r.LensFlareQuality:2]]
[2019.03.18-13.21.26:935][  0]LogConfig: Setting CVar [[r.SceneColorFringeQuality:1]]
[2019.03.18-13.21.26:936][  0]LogConfig: Setting CVar [[r.EyeAdaptationQuality:2]]
[2019.03.18-13.21.26:936][  0]LogConfig: Setting CVar [[r.BloomQuality:5]]
[2019.03.18-13.21.26:936][  0]LogConfig: Setting CVar [[r.FastBlurThreshold:100]]
[2019.03.18-13.21.26:936][  0]LogConfig: Setting CVar [[r.Upscale.Quality:3]]
[2019.03.18-13.21.26:936][  0]LogConfig: Setting CVar [[r.Tonemapper.GrainQuantization:1]]
[2019.03.18-13.21.26:936][  0]LogConfig: Setting CVar [[r.LightShaftQuality:1]]
[2019.03.18-13.21.26:936][  0]LogConfig: Setting CVar [[r.Filter.SizeScale:1]]
[2019.03.18-13.21.26:936][  0]LogConfig: Setting CVar [[r.Tonemapper.Quality:5]]
[2019.03.18-13.21.26:936][  0]LogConfig: Setting CVar [[r.DOF.Gather.AccumulatorQuality:1        ; higher gathering accumulator quality]]
[2019.03.18-13.21.26:936][  0]LogConfig: Setting CVar [[r.DOF.Gather.PostfilterMethod:1          ; Median3x3 postfilering method]]
[2019.03.18-13.21.26:937][  0]LogConfig: Setting CVar [[r.DOF.Gather.EnableBokehSettings:0       ; no bokeh simulation when gathering]]
[2019.03.18-13.21.26:937][  0]LogConfig: Setting CVar [[r.DOF.Gather.RingCount:4                 ; medium number of samples when gathering]]
[2019.03.18-13.21.26:937][  0]LogConfig: Setting CVar [[r.DOF.Scatter.ForegroundCompositing:1    ; additive foreground scattering]]
[2019.03.18-13.21.26:937][  0]LogConfig: Setting CVar [[r.DOF.Scatter.BackgroundCompositing:2    ; additive background scattering]]
[2019.03.18-13.21.26:937][  0]LogConfig: Setting CVar [[r.DOF.Scatter.EnableBokehSettings:1      ; bokeh simulation when scattering]]
[2019.03.18-13.21.26:937][  0]LogConfig: Setting CVar [[r.DOF.Scatter.MaxSpriteRatio:0.1         ; only a maximum of 10% of scattered bokeh]]
[2019.03.18-13.21.26:937][  0]LogConfig: Setting CVar [[r.DOF.Recombine.Quality:1                ; cheap slight out of focus]]
[2019.03.18-13.21.26:937][  0]LogConfig: Setting CVar [[r.DOF.Recombine.EnableBokehSettings:0    ; no bokeh simulation on slight out of focus]]
[2019.03.18-13.21.26:937][  0]LogConfig: Setting CVar [[r.DOF.TemporalAAQuality:1                ; more stable temporal accumulation]]
[2019.03.18-13.21.26:937][  0]LogConfig: Setting CVar [[r.DOF.Kernel.MaxForegroundRadius:0.025]]
[2019.03.18-13.21.26:937][  0]LogConfig: Setting CVar [[r.DOF.Kernel.MaxBackgroundRadius:0.025]]
[2019.03.18-13.21.26:938][  0]LogConfig: Applying CVar settings from Section [TextureQuality@3] File [D:/Program Files/Epic Games/Projects/Shoot/Saved/Config/Windows/Scalability.ini]
[2019.03.18-13.21.26:938][  0]LogConfig: Setting CVar [[r.Streaming.MipBias:0]]
[2019.03.18-13.21.26:938][  0]LogConfig: Setting CVar [[r.Streaming.AmortizeCPUToGPUCopy:0]]
[2019.03.18-13.21.26:938][  0]LogConfig: Setting CVar [[r.Streaming.MaxNumTexturesToStreamPerFrame:0]]
[2019.03.18-13.21.26:938][  0]LogConfig: Setting CVar [[r.Streaming.Boost:1]]
[2019.03.18-13.21.26:938][  0]LogConfig: Setting CVar [[r.MaxAnisotropy:8]]
[2019.03.18-13.21.26:938][  0]LogConfig: Setting CVar [[r.Streaming.LimitPoolSizeToVRAM:0]]
[2019.03.18-13.21.26:938][  0]LogConfig: Setting CVar [[r.Streaming.PoolSize:1000]]
[2019.03.18-13.21.26:938][  0]LogConfig: Setting CVar [[r.Streaming.MaxEffectiveScreenSize:0]]
[2019.03.18-13.21.26:938][  0]LogConfig: Applying CVar settings from Section [EffectsQuality@3] File [D:/Program Files/Epic Games/Projects/Shoot/Saved/Config/Windows/Scalability.ini]
[2019.03.18-13.21.26:938][  0]LogConfig: Setting CVar [[r.TranslucencyLightingVolumeDim:64]]
[2019.03.18-13.21.26:938][  0]LogConfig: Setting CVar [[r.RefractionQuality:2]]
[2019.03.18-13.21.26:939][  0]LogConfig: Setting CVar [[r.SSR.Quality:3]]
[2019.03.18-13.21.26:939][  0]LogConfig: Setting CVar [[r.SceneColorFormat:4]]
[2019.03.18-13.21.26:939][  0]LogConfig: Setting CVar [[r.DetailMode:2]]
[2019.03.18-13.21.26:939][  0]LogConfig: Setting CVar [[r.TranslucencyVolumeBlur:1]]
[2019.03.18-13.21.26:939][  0]LogConfig: Setting CVar [[r.MaterialQualityLevel:1 ; High quality]]
[2019.03.18-13.21.26:939][  0]LogConfig: Setting CVar [[r.SSS.Scale:1]]
[2019.03.18-13.21.26:939][  0]LogConfig: Setting CVar [[r.SSS.SampleSet:2]]
[2019.03.18-13.21.26:939][  0]LogConfig: Setting CVar [[r.SSS.Quality:1]]
[2019.03.18-13.21.26:939][  0]LogConfig: Setting CVar [[r.SSS.HalfRes:1]]
[2019.03.18-13.21.26:939][  0]LogConfig: Setting CVar [[r.EmitterSpawnRateScale:1.0]]
[2019.03.18-13.21.26:939][  0]LogConfig: Setting CVar [[r.ParticleLightQuality:2]]
[2019.03.18-13.21.26:939][  0]LogConfig: Applying CVar settings from Section [FoliageQuality@3] File [D:/Program Files/Epic Games/Projects/Shoot/Saved/Config/Windows/Scalability.ini]
[2019.03.18-13.21.26:940][  0]LogConfig: Setting CVar [[foliage.DensityScale:1.0]]
[2019.03.18-13.21.26:940][  0]LogConfig: Setting CVar [[grass.DensityScale:1.0]]
[2019.03.18-13.21.26:940][  0]LogConfig: Applying CVar settings from Section [Startup] File [../../../Engine/Config/ConsoleVariables.ini]
[2019.03.18-13.21.26:940][  0]LogConfig: Setting CVar [[net.UseAdaptiveNetUpdateFrequency:0]]
[2019.03.18-13.21.26:940][  0]LogConfig: Applying CVar settings from Section [ConsoleVariables] File [D:/Program Files/Epic Games/Projects/Shoot/Saved/Config/Windows/Engine.ini]
[2019.03.18-13.21.26:940][  0]LogInit: Computer: PETER
[2019.03.18-13.21.26:940][  0]LogInit: User: Peter
[2019.03.18-13.21.26:940][  0]LogInit: CPU Page size=4096, Cores=4
[2019.03.18-13.21.26:941][  0]LogInit: High frequency timer resolution =2.732793 MHz
[2019.03.18-13.21.26:941][  0]LogMemory: Memory total: Physical=7.9GB (8GB approx)
[2019.03.18-13.21.26:941][  0]LogMemory: Platform Memory Stats for Windows
[2019.03.18-13.21.26:941][  0]LogMemory: Process Physical Memory: 102.13 MB used, 102.13 MB peak
[2019.03.18-13.21.26:941][  0]LogMemory: Process Virtual Memory: 91.24 MB used, 91.24 MB peak
[2019.03.18-13.21.26:941][  0]LogMemory: Physical Memory: 4618.02 MB used,  3459.41 MB free, 8077.43 MB total
[2019.03.18-13.21.26:941][  0]LogMemory: Virtual Memory: 4652.74 MB used,  134213072.00 MB free, 134217728.00 MB total
[2019.03.18-13.21.27:076][  0]LogInit: Using OS detected language (en-US).
[2019.03.18-13.21.27:076][  0]LogInit: Using OS detected locale (en-US).
[2019.03.18-13.21.27:077][  0]LogTextLocalizationManager: No specific localization for 'en-US' exists, so the 'en' localization will be used.
[2019.03.18-13.21.27:485][  0]LogStreaming: Display: Took  0.410s to InitEngineTextLocalization.
[2019.03.18-13.21.27:485][  0]LogInit: Setting process to per monitor DPI aware
[2019.03.18-13.21.27:529][  0]LogSlate: New Slate User Created.  User Index 0, Is Virtual User: 0
[2019.03.18-13.21.27:529][  0]LogSlate: Slate User Registered.  User Index 0, Is Virtual User: 0
[2019.03.18-13.21.27:764][  0]LogHMD: Failed to initialize OpenVR with code 110
[2019.03.18-13.21.27:764][  0]LogD3D11RHI: D3D11 adapters:
[2019.03.18-13.21.27:866][  0]LogD3D11RHI:    0. 'NVIDIA GeForce GTX 980M' (Feature Level 11_0)
[2019.03.18-13.21.27:866][  0]LogD3D11RHI:       4055/0/4038 MB DedicatedVideo/DedicatedSystem/SharedSystem, Outputs:1, VendorId:0x10de
[2019.03.18-13.21.27:884][  0]LogD3D11RHI:    1. 'Intel(R) Iris(TM) Pro Graphics 5200' (Feature Level 11_0)
[2019.03.18-13.21.27:885][  0]LogD3D11RHI:       112/0/2048 MB DedicatedVideo/DedicatedSystem/SharedSystem, Outputs:0, VendorId:0x8086
[2019.03.18-13.21.27:890][  0]LogD3D11RHI:    2. 'Microsoft Basic Render Driver' (Feature Level 11_0)
[2019.03.18-13.21.27:890][  0]LogD3D11RHI:       0/0/4038 MB DedicatedVideo/DedicatedSystem/SharedSystem, Outputs:0, VendorId:0x1414
[2019.03.18-13.21.27:890][  0]LogD3D11RHI: Chosen D3D11 Adapter: 0
[2019.03.18-13.21.27:931][  0]LogD3D11RHI: Creating new Direct3DDevice
[2019.03.18-13.21.27:931][  0]LogD3D11RHI:     GPU DeviceId: 0x13d7 (for the marketing name, search the web for "GPU Device Id")
[2019.03.18-13.21.27:931][  0]LogWindows: EnumDisplayDevices:
[2019.03.18-13.21.27:931][  0]LogWindows:    0. 'Intel(R) Iris(TM) Pro Graphics 5200' (P:1 D:1)
[2019.03.18-13.21.27:932][  0]LogWindows:    1. 'Intel(R) Iris(TM) Pro Graphics 5200' (P:0 D:0)
[2019.03.18-13.21.27:932][  0]LogWindows:    2. 'Intel(R) Iris(TM) Pro Graphics 5200' (P:0 D:0)
[2019.03.18-13.21.27:933][  0]LogWindows: DebugString: PrimaryIsNotTheChoosenAdapter PrimaryIsNotTheChoosenAdapter PrimaryIsNotTheChoosenAdapter FoundDriverCount:0 
[2019.03.18-13.21.27:933][  0]LogD3D11RHI:     Adapter Name: NVIDIA GeForce GTX 980M
[2019.03.18-13.21.27:933][  0]LogD3D11RHI:   Driver Version: Unknown (internal:Unknown, unified:Unknown)
[2019.03.18-13.21.27:933][  0]LogD3D11RHI:      Driver Date: Unknown
[2019.03.18-13.21.27:933][  0]LogRHI: Texture pool is 2839 MB (70% of 4055 MB)
[2019.03.18-13.21.27:991][  0]LogD3D11RHI: Async texture creation enabled
[2019.03.18-13.21.28:003][  0]LogD3D11RHI: GPU Timing Frequency: 1000.000000 (Debug: 2 1)
[2019.03.18-13.21.28:308][  0]LogTemp: Display: Loaded TP AllDesktopTargetPlatform
[2019.03.18-13.21.28:322][  0]LogTemp: Display: Loaded TP MacClientTargetPlatform
[2019.03.18-13.21.28:337][  0]LogTemp: Display: Loaded TP MacNoEditorTargetPlatform
[2019.03.18-13.21.28:352][  0]LogTemp: Display: Loaded TP MacServerTargetPlatform
[2019.03.18-13.21.28:368][  0]LogTemp: Display: Loaded TP MacTargetPlatform
[2019.03.18-13.21.28:382][  0]LogTemp: Display: Loaded TP WindowsClientTargetPlatform
[2019.03.18-13.21.28:396][  0]LogTemp: Display: Loaded TP WindowsNoEditorTargetPlatform
[2019.03.18-13.21.28:411][  0]LogTemp: Display: Loaded TP WindowsServerTargetPlatform
[2019.03.18-13.21.28:420][  0]LogTemp: Display: Loaded TP WindowsTargetPlatform
[2019.03.18-13.21.28:491][  0]LogTemp: Display: Loaded TP AndroidTargetPlatform
[2019.03.18-13.21.28:491][  0]LogTemp: Display: Loaded TP AndroidTargetPlatform
[2019.03.18-13.21.28:491][  0]LogTemp: Display: Loaded TP AndroidTargetPlatform
[2019.03.18-13.21.28:491][  0]LogTemp: Display: Loaded TP AndroidTargetPlatform
[2019.03.18-13.21.28:491][  0]LogTemp: Display: Loaded TP AndroidTargetPlatform
[2019.03.18-13.21.28:491][  0]LogTemp: Display: Loaded TP AndroidTargetPlatform
[2019.03.18-13.21.28:492][  0]LogTemp: Display: Loaded TP AndroidTargetPlatform
[2019.03.18-13.21.28:492][  0]LogTemp: Display: Loaded TP AndroidTargetPlatform
[2019.03.18-13.21.28:492][  0]LogTemp: Display: Loaded TP AndroidTargetPlatform
[2019.03.18-13.21.28:492][  0]LogTemp: Display: Loaded TP AndroidTargetPlatform
[2019.03.18-13.21.28:492][  0]LogTemp: Display: Loaded TP AndroidTargetPlatform
[2019.03.18-13.21.28:492][  0]LogTemp: Display: Loaded TP AndroidTargetPlatform
[2019.03.18-13.21.28:492][  0]LogTemp: Display: Loaded TP AndroidTargetPlatform
[2019.03.18-13.21.28:492][  0]LogTemp: Display: Loaded TP AndroidTargetPlatform
[2019.03.18-13.21.28:492][  0]LogTemp: Display: Loaded TP AndroidTargetPlatform
[2019.03.18-13.21.28:493][  0]LogTemp: Display: Loaded TP AndroidTargetPlatform
[2019.03.18-13.21.28:493][  0]LogTemp: Display: Loaded TP AndroidTargetPlatform
[2019.03.18-13.21.28:493][  0]LogTemp: Display: Loaded TP AndroidTargetPlatform
[2019.03.18-13.21.28:498][  0]LogTemp: Display: Loaded TP HTML5TargetPlatform
[2019.03.18-13.21.28:572][  0]LogTemp: Display: Loaded TP IOSTargetPlatform
[2019.03.18-13.21.28:572][  0]LogTemp: Display: Loaded TP IOSTargetPlatform
[2019.03.18-13.21.28:600][  0]LogTemp: Display: Loaded TP TVOSTargetPlatform
[2019.03.18-13.21.28:600][  0]LogTemp: Display: Loaded TP TVOSTargetPlatform
[2019.03.18-13.21.28:616][  0]LogTemp: Display: Loaded TP LinuxClientTargetPlatform
[2019.03.18-13.21.28:632][  0]LogTemp: Display: Loaded TP LinuxNoEditorTargetPlatform
[2019.03.18-13.21.28:648][  0]LogTemp: Display: Loaded TP LinuxServerTargetPlatform
[2019.03.18-13.21.28:664][  0]LogTemp: Display: Loaded TP LinuxTargetPlatform
[2019.03.18-13.21.28:713][  0]LogTemp: Display: Loaded TP LuminTargetPlatform
[2019.03.18-13.21.28:713][  0]LogTemp: Display: Loaded TP LuminTargetPlatform
[2019.03.18-13.21.28:713][  0]LogTargetPlatformManager: Display: Building Assets For Windows
[2019.03.18-13.21.28:849][  0]LogShaderCompilers: Guid format shader working directory is 19 characters bigger than the processId version (../../../../Projects/Shoot/Intermediate/Shaders/WorkingDirectory/14040/).
[2019.03.18-13.21.28:849][  0]LogShaderCompilers: Cleaned the shader compiler working directory 'C:/Users/Peter/AppData/Local/Temp/UnrealShaderWorkingDir/76A5DC944B5E03A4E8097A91863809CE/'.
[2019.03.18-13.21.28:853][  0]LogXGEController: Cleaning working directory: C:/Users/Peter/AppData/Local/Temp/UnrealXGEWorkingDir/
[2019.03.18-13.21.28:853][  0]LogXGEController: Cannot use XGE Controller as Incredibuild is not installed on this machine.
[2019.03.18-13.21.28:853][  0]LogShaderCompilers: Cannot use XGE Shader Compiler as Incredibuild is not installed on this machine.
[2019.03.18-13.21.28:853][  0]LogShaderCompilers: Display: Using Local Shader Compiler.
[2019.03.18-13.21.29:379][  0]LogDerivedDataCache: Display: Max Cache Size: 512 MB
[2019.03.18-13.21.29:453][  0]LogDerivedDataCache: Loaded boot cache 0.07s 72MB C:/Users/Peter/AppData/Local/UnrealEngine/4.21/DerivedDataCache/Boot.ddc.
[2019.03.18-13.21.29:453][  0]LogDerivedDataCache: Display: Loaded Boot cache: C:/Users/Peter/AppData/Local/UnrealEngine/4.21/DerivedDataCache/Boot.ddc
[2019.03.18-13.21.29:453][  0]LogDerivedDataCache: FDerivedDataBackendGraph:  Pak pak cache file ../../../../Projects/Shoot/DerivedDataCache/DDC.ddp not found, will not use a pak cache.
[2019.03.18-13.21.29:453][  0]LogDerivedDataCache: Unable to find inner node Pak for hierarchical cache Hierarchy.
[2019.03.18-13.21.29:453][  0]LogDerivedDataCache: FDerivedDataBackendGraph:  CompressedPak pak cache file ../../../../Projects/Shoot/DerivedDataCache/Compressed.ddp not found, will not use a pak cache.
[2019.03.18-13.21.29:453][  0]LogDerivedDataCache: Unable to find inner node CompressedPak for hierarchical cache Hierarchy.
[2019.03.18-13.21.29:466][  0]LogDerivedDataCache: Display: Pak cache opened for reading ../../../Engine/DerivedDataCache/Compressed.ddp.
[2019.03.18-13.21.29:466][  0]LogDerivedDataCache: FDerivedDataBackendGraph:  EnterprisePak pak cache file ../../../Enterprise/DerivedDataCache/Compressed.ddp not found, will not use a pak cache.
[2019.03.18-13.21.29:466][  0]LogDerivedDataCache: Unable to find inner node EnterprisePak for hierarchical cache Hierarchy.
[2019.03.18-13.21.29:479][  0]LogDerivedDataCache: Using Local data cache path C:/Users/Peter/AppData/Local/UnrealEngine/Common/DerivedDataCache: Writable
[2019.03.18-13.21.29:479][  0]LogDerivedDataCache: Shared data cache path not found in *engine.ini, will not use an Shared cache.
[2019.03.18-13.21.29:479][  0]LogDerivedDataCache: Unable to find inner node Shared for hierarchical cache Hierarchy.
[2019.03.18-13.21.29:500][  0]LogMaterial: Verifying Global Shaders for PCD3D_SM5
[2019.03.18-13.21.29:502][  0]LogSlate: Using FreeType 2.6.0
[2019.03.18-13.21.29:503][  0]LogSlate: SlateFontServices - WITH_FREETYPE: 1, WITH_HARFBUZZ: 1
[2019.03.18-13.21.29:590][  0]LogAssetRegistry: FAssetRegistry took 0.0345 seconds to start up
[2019.03.18-13.21.29:880][  0]LogInit: Selected Device Profile: [Windows]
[2019.03.18-13.21.30:043][  0]LogSimplygon: Simplygon DLL not present - disabling.
[2019.03.18-13.21.30:051][  0]LogMeshReduction: Using SimplygonSwarm for distributed automatic mesh merging
[2019.03.18-13.21.30:051][  0]LogMeshReduction: Using ProxyLODMeshReduction for automatic mesh merging
[2019.03.18-13.21.30:051][  0]LogMeshReduction: Using QuadricMeshReduction for automatic static mesh reduction
[2019.03.18-13.21.30:051][  0]LogMeshReduction: No automatic skeletal mesh reduction module available
[2019.03.18-13.21.30:064][  0]LogNetVersion: Shoot 1.0.0, NetCL: 4541578, EngineNetVer: 5, GameNetVer: 0 (Checksum: 2524423328)
[2019.03.18-13.21.30:544][  0]LogPackageLocalizationCache: Processed 11 localized package path(s) for 2 prioritized culture(s) in 0.068636 seconds
[2019.03.18-13.21.30:548][  0]LogUObjectArray: 39775 objects as part of root set at end of initial load.
[2019.03.18-13.21.30:548][  0]LogUObjectAllocator: 6914664 out of 0 bytes used by permanent object pool.
[2019.03.18-13.21.30:548][  0]LogUObjectArray: CloseDisregardForGC: 0/0 objects in disregard for GC pool
[2019.03.18-13.21.31:523][  0]LogTcpMessaging: Initializing TcpMessaging bridge
[2019.03.18-13.21.31:538][  0]LogUdpMessaging: Initializing bridge on interface 0.0.0.0:0 to multicast group 230.0.0.1:6666.
[2019.03.18-13.21.32:290][  0]SourceControl: Source control is disabled
[2019.03.18-13.21.32:290][  0]SourceControl: Source control is disabled
[2019.03.18-13.21.32:293][  0]SourceControl: Source control is disabled
[2019.03.18-13.21.32:296][  0]SourceControl: Source control is disabled
[2019.03.18-13.21.32:548][  0]LogAndroidPermission: UAndroidPermissionCallbackProxy::GetInstance
[2019.03.18-13.21.32:649][  0]LogOcInput: OculusInput pre-init called
[2019.03.18-13.21.32:814][  0]LogEngine: Initializing Engine...
[2019.03.18-13.21.32:815][  0]LogHMD: Failed to initialize OpenVR with code 110
[2019.03.18-13.21.32:816][  0]LogStats: UGameplayTagsManager::ConstructGameplayTagTree: ImportINI prefixes -  0.000 s
[2019.03.18-13.21.32:816][  0]LogStats: UGameplayTagsManager::ConstructGameplayTagTree: Construct from data asset -  0.000 s
[2019.03.18-13.21.32:817][  0]LogStats: UGameplayTagsManager::ConstructGameplayTagTree: ImportINI -  0.000 s
[2019.03.18-13.21.32:817][  0]LogStats: UGameplayTagsManager::ConstructGameplayTagTree: GameplayTagTreeChangedEvent.Broadcast -  0.000 s
[2019.03.18-13.21.33:053][  0]LogInit: Initializing FReadOnlyCVARCache
[2019.03.18-13.21.33:071][  0]LogAIModule: Creating AISystem for world Untitled
[2019.03.18-13.21.33:095][  0]LogInit: XAudio2 using 'Speakers (Sound Blaster Recon3Di)' : 2 channels at 48 kHz using 32 bits per sample (channel mask 0x3)
[2019.03.18-13.21.33:132][  0]LogInit: FAudioDevice initialized.
[2019.03.18-13.21.33:133][  0]LogNetVersion: Set ProjectVersion to 1.0.0.0. Version Checksum will be recalculated on next use.
[2019.03.18-13.21.33:279][  0]LogDerivedDataCache: Saved boot cache 0.15s 72MB C:/Users/Peter/AppData/Local/UnrealEngine/4.21/DerivedDataCache/Boot.ddc.
[2019.03.18-13.21.33:292][  0]LogInit: Texture streaming: Enabled
[2019.03.18-13.21.33:324][  0]LogEngineSessionManager: EngineSessionManager initialized
[2019.03.18-13.21.33:324][  0]LogEngineSessionManager: EngineSessionManager sent abnormal shutdown report. Type=Debugger, SessionId={0AD2550F-4CA9-0136-FEB7-4FB3BE19E996}
[2019.03.18-13.21.33:336][  0]LogInit: Transaction tracking system initialized
[2019.03.18-13.21.33:376][  0]BlueprintLog: New page: Editor Load
[2019.03.18-13.21.33:509][  0]LocalizationService: Localization service is disabled
[2019.03.18-13.21.34:096][  0]LogFileCache: Scanning file cache for directory 'D:/Program Files/Epic Games/Projects/Shoot/Content/' took 0.02s
[2019.03.18-13.21.34:097][  0]LogCook: Display: Max memory allowance for cook 16384mb min free memory 0mb
[2019.03.18-13.21.34:097][  0]LogCook: Display: Mobile HDR setting 1
[2019.03.18-13.21.34:097][  0]LogGameplayTags: Display: UGameplayTagsManager::DoneAddingNativeTags. DelegateIsBound: 0
[2019.03.18-13.21.34:097][  0]LogStats: UGameplayTagsManager::ConstructGameplayTagTree: ImportINI prefixes -  0.000 s
[2019.03.18-13.21.34:097][  0]LogStats: UGameplayTagsManager::ConstructGameplayTagTree: Construct from data asset -  0.000 s
[2019.03.18-13.21.34:097][  0]LogStats: UGameplayTagsManager::ConstructGameplayTagTree: ImportINI -  0.000 s
[2019.03.18-13.21.34:097][  0]LogStats: UGameplayTagsManager::ConstructGameplayTagTree: GameplayTagTreeChangedEvent.Broadcast -  0.000 s
[2019.03.18-13.21.34:299][  0]SourceControl: Source control is disabled
[2019.03.18-13.21.34:300][  0]Cmd: MAP LOAD FILE="../../../../Projects/Shoot/Content/StarterContent/Maps/Minimal_Default.umap" TEMPLATE=0 SHOWPROGRESS=1 FEATURELEVEL=3
[2019.03.18-13.21.34:300][  0]LightingResults: New page: Lighting Build
[2019.03.18-13.21.34:305][  0]MapCheck: New page: Map Check
[2019.03.18-13.21.34:305][  0]LightingResults: New page: Lighting Build
[2019.03.18-13.21.34:569][  0]LogAIModule: Creating AISystem for world Minimal_Default
[2019.03.18-13.21.34:579][  0]LogEditorServer: Finished looking for orphan Actors (0.000 secs)
[2019.03.18-13.21.34:599][  0]Cmd: MAP CHECKDEP NOCLEARLOG
[2019.03.18-13.21.34:599][  0]MapCheck: Map check complete: 0 Error(s), 0 Warning(s), took 0.117ms to complete.
[2019.03.18-13.21.34:599][  0]LogFileHelpers: Loading map 'Minimal_Default' took 0.299
[2019.03.18-13.21.34:701][  0]LogSlate: Updating window title bar state: overlay mode, drag disabled, window buttons hidden, title bar hidden
[2019.03.18-13.21.34:708][  0]LogSlate: Updating window title bar state: overlay mode, drag disabled, window buttons hidden, title bar hidden
[2019.03.18-13.21.34:714][  0]LogSlate: Updating window title bar state: overlay mode, drag disabled, window buttons hidden, title bar hidden
[2019.03.18-13.21.34:723][  0]LogSlate: Updating window title bar state: overlay mode, drag disabled, window buttons hidden, title bar hidden
[2019.03.18-13.21.34:734][  0]LogCollectionManager: Loaded 0 collections in 0.003240 seconds
[2019.03.18-13.21.34:755][  0]LogFileCache: Scanning file cache for directory 'D:/Program Files/Epic Games/Projects/Shoot/Saved/Collections/' took 0.01s
[2019.03.18-13.21.34:755][  0]LogFileCache: Scanning file cache for directory 'D:/Program Files/Epic Games/Projects/Shoot/Content/Developers/Peter/Collections/' took 0.00s
[2019.03.18-13.21.34:755][  0]LogFileCache: Scanning file cache for directory 'D:/Program Files/Epic Games/Projects/Shoot/Content/Collections/' took 0.00s
[2019.03.18-13.21.34:755][  0]LogCollectionManager: Rebuilt the GUID cache for 0 collections in 0.000000 seconds
[2019.03.18-13.21.34:766][  0]LogContentBrowser: Native class hierarchy populated in 0.0098 seconds. Added 2656 classes and 622 folders.
[2019.03.18-13.21.34:774][  0]LogContentBrowser: Native class hierarchy updated for 'WidgetCarousel' in 0.0003 seconds. Added 0 classes and 0 folders.
[2019.03.18-13.21.34:776][  0]LogPakFile: Registered encryption key '00000000000000000000000000000000': 0 pak files mounted, 0 remain pending
[2019.03.18-13.21.34:778][  0]LogPakFile: Registered encryption key '00000000000000000000000000000000': 0 pak files mounted, 0 remain pending
[2019.03.18-13.21.34:778][  0]LogPakFile: Registered encryption key '00000000000000000000000000000000': 0 pak files mounted, 0 remain pending
[2019.03.18-13.21.34:779][  0]LogPakFile: Registered encryption key '00000000000000000000000000000000': 0 pak files mounted, 0 remain pending
[2019.03.18-13.21.34:780][  0]LogPakFile: Registered encryption key '00000000000000000000000000000000': 0 pak files mounted, 0 remain pending
[2019.03.18-13.21.34:780][  0]LogPakFile: Registered encryption key '00000000000000000000000000000000': 0 pak files mounted, 0 remain pending
[2019.03.18-13.21.34:781][  0]LogPakFile: Registered encryption key '00000000000000000000000000000000': 0 pak files mounted, 0 remain pending
[2019.03.18-13.21.34:782][  0]LogPakFile: Registered encryption key '00000000000000000000000000000000': 0 pak files mounted, 0 remain pending
[2019.03.18-13.21.34:782][  0]LogPakFile: Registered encryption key '00000000000000000000000000000000': 0 pak files mounted, 0 remain pending
[2019.03.18-13.21.34:783][  0]LogPakFile: Registered encryption key '00000000000000000000000000000000': 0 pak files mounted, 0 remain pending
[2019.03.18-13.21.34:784][  0]LogPakFile: Registered encryption key '00000000000000000000000000000000': 0 pak files mounted, 0 remain pending
[2019.03.18-13.21.34:784][  0]LogPakFile: Registered encryption key '00000000000000000000000000000000': 0 pak files mounted, 0 remain pending
[2019.03.18-13.21.34:785][  0]LogPakFile: Registered encryption key '00000000000000000000000000000000': 0 pak files mounted, 0 remain pending
[2019.03.18-13.21.34:785][  0]LogPakFile: Registered encryption key '00000000000000000000000000000000': 0 pak files mounted, 0 remain pending
[2019.03.18-13.21.34:786][  0]LogPakFile: Registered encryption key '00000000000000000000000000000000': 0 pak files mounted, 0 remain pending
[2019.03.18-13.21.34:787][  0]LogPakFile: Registered encryption key '00000000000000000000000000000000': 0 pak files mounted, 0 remain pending
[2019.03.18-13.21.34:787][  0]LogPakFile: Registered encryption key '00000000000000000000000000000000': 0 pak files mounted, 0 remain pending
[2019.03.18-13.21.34:788][  0]LogPakFile: Registered encryption key '00000000000000000000000000000000': 0 pak files mounted, 0 remain pending
[2019.03.18-13.21.34:789][  0]LogPakFile: Registered encryption key '00000000000000000000000000000000': 0 pak files mounted, 0 remain pending
[2019.03.18-13.21.34:789][  0]LogPakFile: Registered encryption key '00000000000000000000000000000000': 0 pak files mounted, 0 remain pending
[2019.03.18-13.21.34:790][  0]LogPakFile: Registered encryption key '00000000000000000000000000000000': 0 pak files mounted, 0 remain pending
[2019.03.18-13.21.34:790][  0]LogPakFile: Registered encryption key '00000000000000000000000000000000': 0 pak files mounted, 0 remain pending
[2019.03.18-13.21.34:791][  0]LogPakFile: Registered encryption key '00000000000000000000000000000000': 0 pak files mounted, 0 remain pending
[2019.03.18-13.21.34:792][  0]LogPakFile: Registered encryption key '00000000000000000000000000000000': 0 pak files mounted, 0 remain pending
[2019.03.18-13.21.34:793][  0]LogPakFile: Registered encryption key '00000000000000000000000000000000': 0 pak files mounted, 0 remain pending
[2019.03.18-13.21.34:793][  0]LogPakFile: Registered encryption key '00000000000000000000000000000000': 0 pak files mounted, 0 remain pending
[2019.03.18-13.21.34:832][  0]LogContentBrowser: Native class hierarchy updated for 'AddContentDialog' in 0.0004 seconds. Added 0 classes and 0 folders.
[2019.03.18-13.21.34:841][  0]LogContentBrowser: Native class hierarchy updated for 'SceneOutliner' in 0.0006 seconds. Added 1 classes and 2 folders.
[2019.03.18-13.21.34:858][  0]LogSlate: Took 0.000200 seconds to synchronously load lazily loaded font '../../../Engine/Content/Slate/Fonts/Roboto-Regular.ttf' (155K)
[2019.03.18-13.21.34:861][  0]LogSlate: Took 0.000209 seconds to synchronously load lazily loaded font '../../../Engine/Content/Slate/Fonts/Roboto-Bold.ttf' (160K)
[2019.03.18-13.21.34:870][  0]LogSlate: Took 0.000261 seconds to synchronously load lazily loaded font '../../../Engine/Content/Editor/Slate/Fonts/FontAwesome.ttf' (139K)
[2019.03.18-13.21.34:958][  0]LogRenderer: Reallocating scene render targets to support 1208x576 Format 10 NumSamples 1 (Frame:1).
[2019.03.18-13.21.35:026][  0]LogSlate: Took 0.000179 seconds to synchronously load lazily loaded font '../../../Engine/Content/Slate/Fonts/Roboto-Light.ttf' (167K)
[2019.03.18-13.21.35:127][  0]LogContentBrowser: Native class hierarchy updated for 'HierarchicalLODOutliner' in 0.0004 seconds. Added 0 classes and 0 folders.
[2019.03.18-13.21.35:127][  0]LogLoad: (Engine Initialization) Total time: 10.18 seconds
[2019.03.18-13.21.35:127][  0]LogLoad: (Engine Initialization) Total Blueprint compile time: 0.00 seconds
[2019.03.18-13.21.35:151][  0]LogWindowsTextInputMethodSystem: Display: IME system now deactivated.
[2019.03.18-13.21.35:155][  0]LogActor: Warning: test /Engine/Transient.World_0:PersistentLevel.test_0 has natively added scene component(s), but none of them were set as the actor's RootComponent - picking one arbitrarily
[2019.03.18-13.21.35:227][  0]LogContentStreaming: Texture pool size now 1000 MB
[2019.03.18-13.21.35:273][  1]LogAssetRegistry: Asset discovery search completed in 5.7078 seconds
[2019.03.18-13.21.35:274][  1]LogCollectionManager: Rebuilt the object cache for 0 collections in 0.000000 seconds (found 0 objects)
[2019.03.18-13.21.35:274][  1]LogCollectionManager: Fixed up redirectors for 0 collections in 0.000120 seconds (updated 0 objects)
[2019.03.18-13.21.39:901][278]LogSlate: FSceneViewport::OnFocusLost() reason 0
[2019.03.18-13.21.40:001][284]LogTemp: Repeating last play command: Selected Viewport
[2019.03.18-13.21.40:013][284]LogBlueprintUserMessages: Early PlayInEditor Detection: Level '/Game/StarterContent/Maps/Minimal_Default.Minimal_Default:PersistentLevel' has LevelScriptBlueprint '/Game/StarterContent/Maps/Minimal_Default.Minimal_Default:PersistentLevel.Minimal_Default' with GeneratedClass '/Game/StarterContent/Maps/Minimal_Default.Minimal_Default_C' with ClassGeneratedBy '/Game/StarterContent/Maps/Minimal_Default.Minimal_Default:PersistentLevel.Minimal_Default'
[2019.03.18-13.21.40:014][284]LogPlayLevel: PlayLevel: No blueprints needed recompiling
[2019.03.18-13.21.40:014][284]PIE: New page: PIE session: Minimal_Default (Mar 18, 2019, 3:21:40 PM)
[2019.03.18-13.21.40:028][284]LogPlayLevel: Creating play world package: /Game/StarterContent/Maps/UEDPIE_0_Minimal_Default
[2019.03.18-13.21.40:033][284]LogPlayLevel: PIE: StaticDuplicateObject took: (0.003852s)
[2019.03.18-13.21.40:033][284]LogAIModule: Creating AISystem for world Minimal_Default
[2019.03.18-13.21.40:033][284]LogPlayLevel: PIE: World Init took: (0.000674s)
[2019.03.18-13.21.40:033][284]LogPlayLevel: PIE: Created PIE world by copying editor world from /Game/StarterContent/Maps/Minimal_Default.Minimal_Default to /Game/StarterContent/Maps/UEDPIE_0_Minimal_Default.Minimal_Default (0.005087s)
[2019.03.18-13.21.40:056][284]LogInit: XAudio2 using 'Speakers (Sound Blaster Recon3Di)' : 2 channels at 48 kHz using 32 bits per sample (channel mask 0x3)
[2019.03.18-13.21.40:066][284]LogInit: FAudioDevice initialized.
[2019.03.18-13.21.40:111][284]LogUObjectGlobals: Warning: Failed to find object 'Class /Script/Shoot.ShootGameMode'
[2019.03.18-13.21.40:111][284]LogLoad: Game class is 'GameModeBase'
[2019.03.18-13.21.40:113][284]LogWorld: Bringing World /Game/StarterContent/Maps/UEDPIE_0_Minimal_Default.Minimal_Default up for play (max tick rate 60) at 2019.03.18-14.21.40
[2019.03.18-13.21.40:114][284]LogWorld: Bringing up level for play took: 0.001193
[2019.03.18-13.21.40:133][284]LogContentBrowser: Native class hierarchy updated for 'MovieSceneCapture' in 0.0004 seconds. Added 20 classes and 0 folders.
[2019.03.18-13.21.40:134][284]PIE: Play in editor start time for /Game/StarterContent/Maps/UEDPIE_0_Minimal_Default 0.621
[2019.03.18-13.21.40:134][284]LogBlueprintUserMessages: Late PlayInEditor Detection: Level '/Game/StarterContent/Maps/Minimal_Default.Minimal_Default:PersistentLevel' has LevelScriptBlueprint '/Game/StarterContent/Maps/Minimal_Default.Minimal_Default:PersistentLevel.Minimal_Default' with GeneratedClass '/Game/StarterContent/Maps/Minimal_Default.Minimal_Default_C' with ClassGeneratedBy '/Game/StarterContent/Maps/Minimal_Default.Minimal_Default:PersistentLevel.Minimal_Default'
[2019.03.18-13.22.14:615][351]LogBlueprintUserMessages: Early EndPlayMap Detection: Level '/Game/StarterContent/Maps/Minimal_Default.Minimal_Default:PersistentLevel' has LevelScriptBlueprint '/Game/StarterContent/Maps/Minimal_Default.Minimal_Default:PersistentLevel.Minimal_Default' with GeneratedClass '/Game/StarterContent/Maps/Minimal_Default.Minimal_Default_C' with ClassGeneratedBy '/Game/StarterContent/Maps/Minimal_Default.Minimal_Default:PersistentLevel.Minimal_Default'
[2019.03.18-13.22.14:615][351]LogSlate: Updating window title bar state: overlay mode, drag disabled, window buttons hidden, title bar hidden
[2019.03.18-13.22.14:665][351]LogPlayLevel: Display: Shutting down PIE online subsystems
[2019.03.18-13.22.14:666][351]LogBlueprintUserMessages: Late EndPlayMap Detection: Level '/Game/StarterContent/Maps/Minimal_Default.Minimal_Default:PersistentLevel' has LevelScriptBlueprint '/Game/StarterContent/Maps/Minimal_Default.Minimal_Default:PersistentLevel.Minimal_Default' with GeneratedClass '/Game/StarterContent/Maps/Minimal_Default.Minimal_Default_C' with ClassGeneratedBy '/Game/StarterContent/Maps/Minimal_Default.Minimal_Default:PersistentLevel.Minimal_Default'
[2019.03.18-13.22.14:711][351]LogSlate: Updating window title bar state: overlay mode, drag disabled, window buttons hidden, title bar hidden
[2019.03.18-13.22.14:748][352]LogPlayLevel: Display: Destroying online subsystem :Context_3
