Log file open, 03/18/19 13:30:29
LogWindows: Failed to load 'aqProf.dll' (GetLastError=126)
LogWindows: File 'aqProf.dll' does not exist
LogWindows: Failed to load 'VtuneApi.dll' (GetLastError=126)
LogWindows: File 'VtuneApi.dll' does not exist
LogWindows: Failed to load 'VtuneApi32e.dll' (GetLastError=126)
LogWindows: File 'VtuneApi32e.dll' does not exist
LogConsoleResponse: Display: Failed to find resolution value strings in scalability ini. Falling back to default.
LogInit: Display: Running engine for game: Shoot
LogPakFile: Registered encryption key '00000000000000000000000000000000': 0 pak files mounted, 0 remain pending
LogPlatformFile: Not using cached read wrapper
LogTaskGraph: Started task graph with 5 named threads and 23 total threads with 3 sets of task threads.
LogStats: Stats thread started at 1.198550
LogD3D11RHI: Loaded GFSDK_Aftermath_Lib.x64.dll
LogICUInternationalization: ICU TimeZone Detection - Raw Offset: +1:00, Platform Override: ''
LogPluginManager: Mounting plugin Paper2D
LogPluginManager: Mounting plugin AISupport
LogPluginManager: Mounting plugin LightPropagationVolume
LogPluginManager: Mounting plugin ActorLayerUtilities
LogPluginManager: Mounting plugin CLionSourceCodeAccess
LogPluginManager: Mounting plugin CodeLiteSourceCodeAccess
LogPluginManager: Mounting plugin GitSourceControl
LogPluginManager: Mounting plugin KDevelopSourceCodeAccess
LogPluginManager: Mounting plugin NullSourceCodeAccess
LogPluginManager: Mounting plugin PerforceSourceControl
LogPluginManager: Mounting plugin SubversionSourceControl
LogPluginManager: Mounting plugin UObjectPlugin
LogPluginManager: Mounting plugin VisualStudioCodeSourceCodeAccess
LogPluginManager: Mounting plugin VisualStudioSourceCodeAccess
LogPluginManager: Mounting plugin XCodeSourceCodeAccess
LogPluginManager: Mounting plugin AssetManagerEditor
LogPluginManager: Mounting plugin CryptoKeys
LogPluginManager: Mounting plugin DataValidation
LogPluginManager: Mounting plugin FacialAnimation
LogPluginManager: Mounting plugin GameplayTagsEditor
LogPluginManager: Mounting plugin MacGraphicsSwitching
LogPluginManager: Mounting plugin MeshEditor
LogPluginManager: Mounting plugin MobileLauncherProfileWizard
LogPluginManager: Mounting plugin PluginBrowser
LogPluginManager: Mounting plugin SpeedTreeImporter
LogPluginManager: Mounting plugin DatasmithContent
LogPluginManager: Mounting plugin VariantManagerContent
LogPluginManager: Mounting plugin AlembicImporter
LogPluginManager: Mounting plugin AppleImageUtils
LogPluginManager: Mounting plugin AppleVision
LogPluginManager: Mounting plugin BackChannel
LogPluginManager: Mounting plugin CharacterAI
LogPluginManager: Mounting plugin GeometryCache
LogPluginManager: Mounting plugin HTML5Networking
LogPluginManager: Mounting plugin ProxyLODPlugin
LogPluginManager: Mounting plugin MagicLeap
LogPluginManager: Mounting plugin MagicLeapMedia
LogPluginManager: Mounting plugin AndroidMedia
LogPluginManager: Mounting plugin AvfMedia
LogPluginManager: Mounting plugin ImgMedia
LogPluginManager: Mounting plugin LinearTimecode
LogPluginManager: Mounting plugin MediaCompositing
LogPluginManager: Mounting plugin MediaPlayerEditor
LogPluginManager: Mounting plugin WebMMedia
LogPluginManager: Mounting plugin WmfMedia
LogPluginManager: Mounting plugin TcpMessaging
LogPluginManager: Mounting plugin UdpMessaging
LogPluginManager: Mounting plugin ActorSequence
LogPluginManager: Mounting plugin LevelSequenceEditor
LogPluginManager: Mounting plugin MatineeToLevelSequence
LogPluginManager: Mounting plugin NetcodeUnitTest
LogPluginManager: Mounting plugin NUTUnrealEngine4
LogPluginManager: Mounting plugin OnlineSubsystemGooglePlay
LogPluginManager: Mounting plugin OnlineSubsystemIOS
LogPluginManager: Mounting plugin OnlineSubsystem
LogPluginManager: Mounting plugin OnlineSubsystemNull
LogPluginManager: Mounting plugin OnlineSubsystemUtils
LogPluginManager: Mounting plugin LauncherChunkInstaller
LogPluginManager: Mounting plugin AndroidDeviceProfileSelector
LogPluginManager: Mounting plugin AndroidMoviePlayer
LogPluginManager: Mounting plugin AndroidPermission
LogPluginManager: Mounting plugin AppleMoviePlayer
LogPluginManager: Mounting plugin ArchVisCharacter
LogPluginManager: Mounting plugin AudioCapture
LogPluginManager: Mounting plugin CableComponent
LogPluginManager: Mounting plugin CustomMeshComponent
LogPluginManager: Mounting plugin EditableMesh
LogPluginManager: Mounting plugin ExampleDeviceProfileSelector
LogPluginManager: Mounting plugin Firebase
LogPluginManager: Mounting plugin GoogleCloudMessaging
LogPluginManager: Mounting plugin IOSDeviceProfileSelector
LogPluginManager: Mounting plugin LinuxDeviceProfileSelector
LogPluginManager: Mounting plugin LocationServicesBPLibrary
LogPluginManager: Mounting plugin MobilePatchingUtils
LogPluginManager: Mounting plugin OculusVR
LogPluginManager: Mounting plugin PhysXVehicles
LogPluginManager: Mounting plugin ProceduralMeshComponent
LogPluginManager: Mounting plugin RuntimePhysXCooking
LogPluginManager: Mounting plugin SteamVR
LogPluginManager: Mounting plugin WebMMoviePlayer
LogPluginManager: Mounting plugin WindowsMoviePlayer
LogStreaming: Display: Took  0.361s to configure plugins.
LogInit: Using libcurl 7.55.1-DEV
LogInit:  - built for x86_64-pc-win32
LogInit:  - supports SSL with OpenSSL/1.0.2h
LogInit:  - supports HTTP deflate (compression) using libz 1.2.8
LogInit:  - other features:
LogInit:      CURL_VERSION_SSL
LogInit:      CURL_VERSION_LIBZ
LogInit:      CURL_VERSION_IPV6
LogInit:      CURL_VERSION_ASYNCHDNS
LogInit:      CURL_VERSION_LARGEFILE
LogInit:      CURL_VERSION_IDN
LogInit:  CurlRequestOptions (configurable via config and command line):
LogInit:  - bVerifyPeer = true  - Libcurl will verify peer certificate
LogInit:  - bUseHttpProxy = false  - Libcurl will NOT use HTTP proxy
LogInit:  - bDontReuseConnections = false  - Libcurl will reuse connections
LogInit:  - MaxHostConnections = 16  - Libcurl will limit the number of connections to a host
LogInit:  - LocalHostAddr = Default
LogInit:  - BufferSize = 65536
LogInit: WinSock: version 1.1 (2.2), MaxSocks=32767, MaxUdp=65467
LogInit: Build: ++UE4+Release-4.21-CL-4753647
LogInit: Engine Version: 4.21.2-4753647+++UE4+Release-4.21
LogInit: Compatible Engine Version: 4.21.0-4541578+++UE4+Release-4.21
LogInit: Net CL: 4541578
LogInit: OS: Windows 10 (), CPU: Intel(R) Core(TM) i7-4980HQ CPU @ 2.80GHz, GPU: Intel(R) Iris(TM) Pro Graphics 5200
LogInit: Compiled (64-bit): Jan 19 2019 02:07:31
LogInit: Compiled with Visual C++: 19.13.26129.00
LogInit: Build Configuration: Development
LogInit: Branch Name: ++UE4+Release-4.21
LogInit: Command Line:  -skipcompile
LogInit: Base Directory: D:/Program Files/Epic Games/UE_4.21/Engine/Binaries/Win64/
LogInit: Installed Engine Build: 1
LogDevObjectVersion: Number of dev versions registered: 22
LogDevObjectVersion:   Dev-Blueprints (B0D832E4-1F89-4F0D-ACCF-7EB736FD4AA2): 10
LogDevObjectVersion:   Dev-Build (E1C64328-A22C-4D53-A36C-8E866417BD8C): 0
LogDevObjectVersion:   Dev-Core (375EC13C-06E4-48FB-B500-84F0262A717E): 2
LogDevObjectVersion:   Dev-Editor (E4B068ED-F494-42E9-A231-DA0B2E46BB41): 26
LogDevObjectVersion:   Dev-Framework (CFFC743F-43B0-4480-9391-14DF171D2073): 34
LogDevObjectVersion:   Dev-Mobile (B02B49B5-BB20-44E9-A304-32B752E40360): 2
LogDevObjectVersion:   Dev-Networking (A4E4105C-59A1-49B5-A7C5-40C4547EDFEE): 0
LogDevObjectVersion:   Dev-Online (39C831C9-5AE6-47DC-9A44-9C173E1C8E7C): 0
LogDevObjectVersion:   Dev-Physics (78F01B33-EBEA-4F98-B9B4-84EACCB95AA2): 0
LogDevObjectVersion:   Dev-Platform (6631380F-2D4D-43E0-8009-CF276956A95A): 0
LogDevObjectVersion:   Dev-Rendering (12F88B9F-8875-4AFC-A67C-D90C383ABD29): 27
LogDevObjectVersion:   Dev-Sequencer (7B5AE74C-D270-4C10-A958-57980B212A5A): 9
LogDevObjectVersion:   Dev-VR (D7296918-1DD6-4BDD-9DE2-64A83CC13884): 2
LogDevObjectVersion:   Dev-LoadTimes (C2A15278-BFE7-4AFE-6C17-90FF531DF755): 1
LogDevObjectVersion:   Private-Geometry (6EACA3D4-40EC-4CC1-B786-8BED09428FC5): 3
LogDevObjectVersion:   Dev-AnimPhys (29E575DD-E0A3-4627-9D10-D276232CDCEA): 17
LogDevObjectVersion:   Dev-Anim (AF43A65D-7FD3-4947-9873-3E8ED9C1BB05): 2
LogDevObjectVersion:   Dev-ReflectionCapture (6B266CEC-1EC7-4B8F-A30B-E4D90942FC07): 1
LogDevObjectVersion:   Dev-Automation (0DF73D61-A23F-47EA-B727-89E90C41499A): 1
LogDevObjectVersion:   FortniteMain (601D1886-AC64-4F84-AA16-D3DE0DEAC7D6): 17
LogDevObjectVersion:   Dev-Enterprise (9DFFBCD6-494F-0158-E221-12823C92A888): 4
LogDevObjectVersion:   Dev-Niagara (F2AED0AC-9AFE-416F-8664-AA7FFA26D6FC): 1
LogStreaming: Display: Took  0.002s to delete old logs.
LogInit: Presizing for max 8388607 objects, including 0 objects not considered by GC, pre-allocating 0 bytes for permanent pool.
LogInit: Object subsystem initialized
LogConfig: Setting CVar [[con.DebugEarlyDefault:1]]
LogConfig: Setting CVar [[r.setres:1280x720]]
[2019.03.18-12.30.32:484][  0]LogConfig: Setting CVar [[r.VSync:0]]
[2019.03.18-12.30.32:484][  0]LogConfig: Setting CVar [[r.RHICmdBypass:0]]
[2019.03.18-12.30.32:495][  0]LogConfig: Applying CVar settings from Section [/Script/Engine.RendererSettings] File [D:/Program Files/Epic Games/Projects/Shoot/Saved/Config/Windows/Engine.ini]
[2019.03.18-12.30.32:495][  0]LogConfig: Setting CVar [[r.GPUCrashDebugging:0]]
[2019.03.18-12.30.32:495][  0]LogConfig: Applying CVar settings from Section [/Script/Engine.RendererOverrideSettings] File [D:/Program Files/Epic Games/Projects/Shoot/Saved/Config/Windows/Engine.ini]
[2019.03.18-12.30.32:495][  0]LogConfig: Applying CVar settings from Section [/Script/Engine.StreamingSettings] File [D:/Program Files/Epic Games/Projects/Shoot/Saved/Config/Windows/Engine.ini]
[2019.03.18-12.30.32:495][  0]LogConfig: Setting CVar [[s.MinBulkDataSizeForAsyncLoading:131072]]
[2019.03.18-12.30.32:495][  0]LogConfig: Setting CVar [[s.AsyncLoadingThreadEnabled:0]]
[2019.03.18-12.30.32:495][  0]LogConfig: Setting CVar [[s.EventDrivenLoaderEnabled:1]]
[2019.03.18-12.30.32:495][  0]LogConfig: Setting CVar [[s.WarnIfTimeLimitExceeded:0]]
[2019.03.18-12.30.32:495][  0]LogConfig: Setting CVar [[s.TimeLimitExceededMultiplier:1.5]]
[2019.03.18-12.30.32:495][  0]LogConfig: Setting CVar [[s.TimeLimitExceededMinTime:0.005]]
[2019.03.18-12.30.32:495][  0]LogConfig: Setting CVar [[s.UseBackgroundLevelStreaming:1]]
[2019.03.18-12.30.32:495][  0]LogConfig: Setting CVar [[s.PriorityAsyncLoadingExtraTime:15.0]]
[2019.03.18-12.30.32:496][  0]LogConfig: Setting CVar [[s.LevelStreamingActorsUpdateTimeLimit:5.0]]
[2019.03.18-12.30.32:496][  0]LogConfig: Setting CVar [[s.PriorityLevelStreamingActorsUpdateExtraTime:5.0]]
[2019.03.18-12.30.32:496][  0]LogConfig: Setting CVar [[s.LevelStreamingComponentsRegistrationGranularity:10]]
[2019.03.18-12.30.32:496][  0]LogConfig: Setting CVar [[s.UnregisterComponentsTimeLimit:1.0]]
[2019.03.18-12.30.32:496][  0]LogConfig: Setting CVar [[s.LevelStreamingComponentsUnregistrationGranularity:5]]
[2019.03.18-12.30.32:496][  0]LogConfig: Applying CVar settings from Section [/Script/Engine.GarbageCollectionSettings] File [D:/Program Files/Epic Games/Projects/Shoot/Saved/Config/Windows/Engine.ini]
[2019.03.18-12.30.32:496][  0]LogConfig: Setting CVar [[gc.MaxObjectsNotConsideredByGC:1]]
[2019.03.18-12.30.32:496][  0]LogConfig: Setting CVar [[gc.SizeOfPermanentObjectPool:0]]
[2019.03.18-12.30.32:496][  0]LogConfig: Setting CVar [[gc.FlushStreamingOnGC:0]]
[2019.03.18-12.30.32:496][  0]LogConfig: Setting CVar [[gc.NumRetriesBeforeForcingGC:10]]
[2019.03.18-12.30.32:496][  0]LogConfig: Setting CVar [[gc.AllowParallelGC:1]]
[2019.03.18-12.30.32:496][  0]LogConfig: Setting CVar [[gc.TimeBetweenPurgingPendingKillObjects:61.1]]
[2019.03.18-12.30.32:496][  0]LogConfig: Setting CVar [[gc.MaxObjectsInEditor:8388607]]
[2019.03.18-12.30.32:496][  0]LogConfig: Setting CVar [[gc.IncrementalBeginDestroyEnabled:1]]
[2019.03.18-12.30.32:496][  0]LogConfig: Setting CVar [[gc.CreateGCClusters:1]]
[2019.03.18-12.30.32:496][  0]LogConfig: Setting CVar [[gc.MergeGCClusters:0]]
[2019.03.18-12.30.32:496][  0]LogConfig: Setting CVar [[gc.MinGCClusterSize:5]]
[2019.03.18-12.30.32:496][  0]LogConfig: Setting CVar [[gc.ActorClusteringEnabled:0]]
[2019.03.18-12.30.32:497][  0]LogConfig: Setting CVar [[gc.BlueprintClusteringEnabled:0]]
[2019.03.18-12.30.32:497][  0]LogConfig: Setting CVar [[gc.UseDisregardForGCOnDedicatedServers:0]]
[2019.03.18-12.30.32:497][  0]LogConfig: Applying CVar settings from Section [/Script/Engine.NetworkSettings] File [D:/Program Files/Epic Games/Projects/Shoot/Saved/Config/Windows/Engine.ini]
[2019.03.18-12.30.32:497][  0]LogConfig: Applying CVar settings from Section [/Script/UnrealEd.CookerSettings] File [D:/Program Files/Epic Games/Projects/Shoot/Saved/Config/Windows/Engine.ini]
[2019.03.18-12.30.32:631][  0]LogConfig: Applying CVar settings from Section [ViewDistanceQuality@3] File [D:/Program Files/Epic Games/Projects/Shoot/Saved/Config/Windows/Scalability.ini]
[2019.03.18-12.30.32:631][  0]LogConfig: Setting CVar [[r.SkeletalMeshLODBias:0]]
[2019.03.18-12.30.32:631][  0]LogConfig: Setting CVar [[r.ViewDistanceScale:1.0]]
[2019.03.18-12.30.32:631][  0]LogConfig: Applying CVar settings from Section [AntiAliasingQuality@3] File [D:/Program Files/Epic Games/Projects/Shoot/Saved/Config/Windows/Scalability.ini]
[2019.03.18-12.30.32:631][  0]LogConfig: Setting CVar [[r.PostProcessAAQuality:4]]
[2019.03.18-12.30.32:631][  0]LogConfig: Applying CVar settings from Section [ShadowQuality@3] File [D:/Program Files/Epic Games/Projects/Shoot/Saved/Config/Windows/Scalability.ini]
[2019.03.18-12.30.32:631][  0]LogConfig: Setting CVar [[r.LightFunctionQuality:1]]
[2019.03.18-12.30.32:631][  0]LogConfig: Setting CVar [[r.ShadowQuality:5]]
[2019.03.18-12.30.32:631][  0]LogConfig: Setting CVar [[r.Shadow.CSM.MaxCascades:10]]
[2019.03.18-12.30.32:631][  0]LogConfig: Setting CVar [[r.Shadow.MaxResolution:2048]]
[2019.03.18-12.30.32:631][  0]LogConfig: Setting CVar [[r.Shadow.MaxCSMResolution:2048]]
[2019.03.18-12.30.32:632][  0]LogConfig: Setting CVar [[r.Shadow.RadiusThreshold:0.01]]
[2019.03.18-12.30.32:632][  0]LogConfig: Setting CVar [[r.Shadow.DistanceScale:1.0]]
[2019.03.18-12.30.32:632][  0]LogConfig: Setting CVar [[r.Shadow.CSM.TransitionScale:1.0]]
[2019.03.18-12.30.32:632][  0]LogConfig: Setting CVar [[r.Shadow.PreShadowResolutionFactor:1.0]]
[2019.03.18-12.30.32:632][  0]LogConfig: Setting CVar [[r.DistanceFieldShadowing:1]]
[2019.03.18-12.30.32:632][  0]LogConfig: Setting CVar [[r.DistanceFieldAO:1]]
[2019.03.18-12.30.32:632][  0]LogConfig: Setting CVar [[r.AOQuality:2]]
[2019.03.18-12.30.32:632][  0]LogConfig: Setting CVar [[r.VolumetricFog:1]]
[2019.03.18-12.30.32:632][  0]LogConfig: Setting CVar [[r.VolumetricFog.GridPixelSize:8]]
[2019.03.18-12.30.32:632][  0]LogConfig: Setting CVar [[r.VolumetricFog.GridSizeZ:128]]
[2019.03.18-12.30.32:632][  0]LogConfig: Setting CVar [[r.VolumetricFog.HistoryMissSupersampleCount:4]]
[2019.03.18-12.30.32:632][  0]LogConfig: Setting CVar [[r.LightMaxDrawDistanceScale:1]]
[2019.03.18-12.30.32:632][  0]LogConfig: Setting CVar [[r.CapsuleShadows:1]]
[2019.03.18-12.30.32:632][  0]LogConfig: Applying CVar settings from Section [PostProcessQuality@3] File [D:/Program Files/Epic Games/Projects/Shoot/Saved/Config/Windows/Scalability.ini]
[2019.03.18-12.30.32:632][  0]LogConfig: Setting CVar [[r.MotionBlurQuality:4]]
[2019.03.18-12.30.32:632][  0]LogConfig: Setting CVar [[r.AmbientOcclusionMipLevelFactor:0.4]]
[2019.03.18-12.30.32:632][  0]LogConfig: Setting CVar [[r.AmbientOcclusionMaxQuality:100]]
[2019.03.18-12.30.32:633][  0]LogConfig: Setting CVar [[r.AmbientOcclusionLevels:-1]]
[2019.03.18-12.30.32:633][  0]LogConfig: Setting CVar [[r.AmbientOcclusionRadiusScale:1.0]]
[2019.03.18-12.30.32:633][  0]LogConfig: Setting CVar [[r.DepthOfFieldQuality:2]]
[2019.03.18-12.30.32:633][  0]LogConfig: Setting CVar [[r.RenderTargetPoolMin:400]]
[2019.03.18-12.30.32:633][  0]LogConfig: Setting CVar [[r.LensFlareQuality:2]]
[2019.03.18-12.30.32:633][  0]LogConfig: Setting CVar [[r.SceneColorFringeQuality:1]]
[2019.03.18-12.30.32:633][  0]LogConfig: Setting CVar [[r.EyeAdaptationQuality:2]]
[2019.03.18-12.30.32:633][  0]LogConfig: Setting CVar [[r.BloomQuality:5]]
[2019.03.18-12.30.32:633][  0]LogConfig: Setting CVar [[r.FastBlurThreshold:100]]
[2019.03.18-12.30.32:633][  0]LogConfig: Setting CVar [[r.Upscale.Quality:3]]
[2019.03.18-12.30.32:633][  0]LogConfig: Setting CVar [[r.Tonemapper.GrainQuantization:1]]
[2019.03.18-12.30.32:633][  0]LogConfig: Setting CVar [[r.LightShaftQuality:1]]
[2019.03.18-12.30.32:633][  0]LogConfig: Setting CVar [[r.Filter.SizeScale:1]]
[2019.03.18-12.30.32:633][  0]LogConfig: Setting CVar [[r.Tonemapper.Quality:5]]
[2019.03.18-12.30.32:633][  0]LogConfig: Setting CVar [[r.DOF.Gather.AccumulatorQuality:1        ; higher gathering accumulator quality]]
[2019.03.18-12.30.32:633][  0]LogConfig: Setting CVar [[r.DOF.Gather.PostfilterMethod:1          ; Median3x3 postfilering method]]
[2019.03.18-12.30.32:633][  0]LogConfig: Setting CVar [[r.DOF.Gather.EnableBokehSettings:0       ; no bokeh simulation when gathering]]
[2019.03.18-12.30.32:633][  0]LogConfig: Setting CVar [[r.DOF.Gather.RingCount:4                 ; medium number of samples when gathering]]
[2019.03.18-12.30.32:633][  0]LogConfig: Setting CVar [[r.DOF.Scatter.ForegroundCompositing:1    ; additive foreground scattering]]
[2019.03.18-12.30.32:634][  0]LogConfig: Setting CVar [[r.DOF.Scatter.BackgroundCompositing:2    ; additive background scattering]]
[2019.03.18-12.30.32:634][  0]LogConfig: Setting CVar [[r.DOF.Scatter.EnableBokehSettings:1      ; bokeh simulation when scattering]]
[2019.03.18-12.30.32:634][  0]LogConfig: Setting CVar [[r.DOF.Scatter.MaxSpriteRatio:0.1         ; only a maximum of 10% of scattered bokeh]]
[2019.03.18-12.30.32:634][  0]LogConfig: Setting CVar [[r.DOF.Recombine.Quality:1                ; cheap slight out of focus]]
[2019.03.18-12.30.32:634][  0]LogConfig: Setting CVar [[r.DOF.Recombine.EnableBokehSettings:0    ; no bokeh simulation on slight out of focus]]
[2019.03.18-12.30.32:634][  0]LogConfig: Setting CVar [[r.DOF.TemporalAAQuality:1                ; more stable temporal accumulation]]
[2019.03.18-12.30.32:634][  0]LogConfig: Setting CVar [[r.DOF.Kernel.MaxForegroundRadius:0.025]]
[2019.03.18-12.30.32:634][  0]LogConfig: Setting CVar [[r.DOF.Kernel.MaxBackgroundRadius:0.025]]
[2019.03.18-12.30.32:634][  0]LogConfig: Applying CVar settings from Section [TextureQuality@3] File [D:/Program Files/Epic Games/Projects/Shoot/Saved/Config/Windows/Scalability.ini]
[2019.03.18-12.30.32:634][  0]LogConfig: Setting CVar [[r.Streaming.MipBias:0]]
[2019.03.18-12.30.32:634][  0]LogConfig: Setting CVar [[r.Streaming.AmortizeCPUToGPUCopy:0]]
[2019.03.18-12.30.32:634][  0]LogConfig: Setting CVar [[r.Streaming.MaxNumTexturesToStreamPerFrame:0]]
[2019.03.18-12.30.32:634][  0]LogConfig: Setting CVar [[r.Streaming.Boost:1]]
[2019.03.18-12.30.32:634][  0]LogConfig: Setting CVar [[r.MaxAnisotropy:8]]
[2019.03.18-12.30.32:634][  0]LogConfig: Setting CVar [[r.Streaming.LimitPoolSizeToVRAM:0]]
[2019.03.18-12.30.32:634][  0]LogConfig: Setting CVar [[r.Streaming.PoolSize:1000]]
[2019.03.18-12.30.32:634][  0]LogConfig: Setting CVar [[r.Streaming.MaxEffectiveScreenSize:0]]
[2019.03.18-12.30.32:634][  0]LogConfig: Applying CVar settings from Section [EffectsQuality@3] File [D:/Program Files/Epic Games/Projects/Shoot/Saved/Config/Windows/Scalability.ini]
[2019.03.18-12.30.32:634][  0]LogConfig: Setting CVar [[r.TranslucencyLightingVolumeDim:64]]
[2019.03.18-12.30.32:634][  0]LogConfig: Setting CVar [[r.RefractionQuality:2]]
[2019.03.18-12.30.32:635][  0]LogConfig: Setting CVar [[r.SSR.Quality:3]]
[2019.03.18-12.30.32:635][  0]LogConfig: Setting CVar [[r.SceneColorFormat:4]]
[2019.03.18-12.30.32:635][  0]LogConfig: Setting CVar [[r.DetailMode:2]]
[2019.03.18-12.30.32:635][  0]LogConfig: Setting CVar [[r.TranslucencyVolumeBlur:1]]
[2019.03.18-12.30.32:635][  0]LogConfig: Setting CVar [[r.MaterialQualityLevel:1 ; High quality]]
[2019.03.18-12.30.32:635][  0]LogConfig: Setting CVar [[r.SSS.Scale:1]]
[2019.03.18-12.30.32:635][  0]LogConfig: Setting CVar [[r.SSS.SampleSet:2]]
[2019.03.18-12.30.32:635][  0]LogConfig: Setting CVar [[r.SSS.Quality:1]]
[2019.03.18-12.30.32:635][  0]LogConfig: Setting CVar [[r.SSS.HalfRes:1]]
[2019.03.18-12.30.32:635][  0]LogConfig: Setting CVar [[r.EmitterSpawnRateScale:1.0]]
[2019.03.18-12.30.32:635][  0]LogConfig: Setting CVar [[r.ParticleLightQuality:2]]
[2019.03.18-12.30.32:635][  0]LogConfig: Applying CVar settings from Section [FoliageQuality@3] File [D:/Program Files/Epic Games/Projects/Shoot/Saved/Config/Windows/Scalability.ini]
[2019.03.18-12.30.32:635][  0]LogConfig: Setting CVar [[foliage.DensityScale:1.0]]
[2019.03.18-12.30.32:635][  0]LogConfig: Setting CVar [[grass.DensityScale:1.0]]
[2019.03.18-12.30.32:646][  0]LogInit: Selected Device Profile: [Windows]
[2019.03.18-12.30.32:664][  0]LogInit: Applying CVar settings loaded from the selected device profile: [Windows]
[2019.03.18-12.30.32:771][  0]LogHAL: Display: Platform has ~ 8 GB [8469803008 / 8589934592 / 8], which maps to Default [LargestMinGB=32, LargerMinGB=12, DefaultMinGB=8, SmallerMinGB=6, SmallestMinGB=0)
[2019.03.18-12.30.32:791][  0]LogConfig: Setting CVar [[r.Vulkan.UseRealUBs:1]]
[2019.03.18-12.30.32:791][  0]LogInit: Going up to parent DeviceProfile []
[2019.03.18-12.30.32:794][  0]LogConfig: Applying CVar settings from Section [ViewDistanceQuality@3] File [D:/Program Files/Epic Games/Projects/Shoot/Saved/Config/Windows/Scalability.ini]
[2019.03.18-12.30.32:794][  0]LogConfig: Setting CVar [[r.SkeletalMeshLODBias:0]]
[2019.03.18-12.30.32:794][  0]LogConfig: Setting CVar [[r.ViewDistanceScale:1.0]]
[2019.03.18-12.30.32:795][  0]LogConfig: Applying CVar settings from Section [AntiAliasingQuality@3] File [D:/Program Files/Epic Games/Projects/Shoot/Saved/Config/Windows/Scalability.ini]
[2019.03.18-12.30.32:795][  0]LogConfig: Setting CVar [[r.PostProcessAAQuality:4]]
[2019.03.18-12.30.32:795][  0]LogConfig: Applying CVar settings from Section [ShadowQuality@3] File [D:/Program Files/Epic Games/Projects/Shoot/Saved/Config/Windows/Scalability.ini]
[2019.03.18-12.30.32:795][  0]LogConfig: Setting CVar [[r.LightFunctionQuality:1]]
[2019.03.18-12.30.32:795][  0]LogConfig: Setting CVar [[r.ShadowQuality:5]]
[2019.03.18-12.30.32:795][  0]LogConfig: Setting CVar [[r.Shadow.CSM.MaxCascades:10]]
[2019.03.18-12.30.32:795][  0]LogConfig: Setting CVar [[r.Shadow.MaxResolution:2048]]
[2019.03.18-12.30.32:795][  0]LogConfig: Setting CVar [[r.Shadow.MaxCSMResolution:2048]]
[2019.03.18-12.30.32:795][  0]LogConfig: Setting CVar [[r.Shadow.RadiusThreshold:0.01]]
[2019.03.18-12.30.32:795][  0]LogConfig: Setting CVar [[r.Shadow.DistanceScale:1.0]]
[2019.03.18-12.30.32:795][  0]LogConfig: Setting CVar [[r.Shadow.CSM.TransitionScale:1.0]]
[2019.03.18-12.30.32:795][  0]LogConfig: Setting CVar [[r.Shadow.PreShadowResolutionFactor:1.0]]
[2019.03.18-12.30.32:795][  0]LogConfig: Setting CVar [[r.DistanceFieldShadowing:1]]
[2019.03.18-12.30.32:795][  0]LogConfig: Setting CVar [[r.DistanceFieldAO:1]]
[2019.03.18-12.30.32:795][  0]LogConfig: Setting CVar [[r.AOQuality:2]]
[2019.03.18-12.30.32:795][  0]LogConfig: Setting CVar [[r.VolumetricFog:1]]
[2019.03.18-12.30.32:795][  0]LogConfig: Setting CVar [[r.VolumetricFog.GridPixelSize:8]]
[2019.03.18-12.30.32:795][  0]LogConfig: Setting CVar [[r.VolumetricFog.GridSizeZ:128]]
[2019.03.18-12.30.32:796][  0]LogConfig: Setting CVar [[r.VolumetricFog.HistoryMissSupersampleCount:4]]
[2019.03.18-12.30.32:796][  0]LogConfig: Setting CVar [[r.LightMaxDrawDistanceScale:1]]
[2019.03.18-12.30.32:796][  0]LogConfig: Setting CVar [[r.CapsuleShadows:1]]
[2019.03.18-12.30.32:796][  0]LogConfig: Applying CVar settings from Section [PostProcessQuality@3] File [D:/Program Files/Epic Games/Projects/Shoot/Saved/Config/Windows/Scalability.ini]
[2019.03.18-12.30.32:796][  0]LogConfig: Setting CVar [[r.MotionBlurQuality:4]]
[2019.03.18-12.30.32:796][  0]LogConfig: Setting CVar [[r.AmbientOcclusionMipLevelFactor:0.4]]
[2019.03.18-12.30.32:796][  0]LogConfig: Setting CVar [[r.AmbientOcclusionMaxQuality:100]]
[2019.03.18-12.30.32:796][  0]LogConfig: Setting CVar [[r.AmbientOcclusionLevels:-1]]
[2019.03.18-12.30.32:796][  0]LogConfig: Setting CVar [[r.AmbientOcclusionRadiusScale:1.0]]
[2019.03.18-12.30.32:796][  0]LogConfig: Setting CVar [[r.DepthOfFieldQuality:2]]
[2019.03.18-12.30.32:796][  0]LogConfig: Setting CVar [[r.RenderTargetPoolMin:400]]
[2019.03.18-12.30.32:796][  0]LogConfig: Setting CVar [[r.LensFlareQuality:2]]
[2019.03.18-12.30.32:796][  0]LogConfig: Setting CVar [[r.SceneColorFringeQuality:1]]
[2019.03.18-12.30.32:796][  0]LogConfig: Setting CVar [[r.EyeAdaptationQuality:2]]
[2019.03.18-12.30.32:796][  0]LogConfig: Setting CVar [[r.BloomQuality:5]]
[2019.03.18-12.30.32:796][  0]LogConfig: Setting CVar [[r.FastBlurThreshold:100]]
[2019.03.18-12.30.32:796][  0]LogConfig: Setting CVar [[r.Upscale.Quality:3]]
[2019.03.18-12.30.32:796][  0]LogConfig: Setting CVar [[r.Tonemapper.GrainQuantization:1]]
[2019.03.18-12.30.32:796][  0]LogConfig: Setting CVar [[r.LightShaftQuality:1]]
[2019.03.18-12.30.32:797][  0]LogConfig: Setting CVar [[r.Filter.SizeScale:1]]
[2019.03.18-12.30.32:797][  0]LogConfig: Setting CVar [[r.Tonemapper.Quality:5]]
[2019.03.18-12.30.32:797][  0]LogConfig: Setting CVar [[r.DOF.Gather.AccumulatorQuality:1        ; higher gathering accumulator quality]]
[2019.03.18-12.30.32:797][  0]LogConfig: Setting CVar [[r.DOF.Gather.PostfilterMethod:1          ; Median3x3 postfilering method]]
[2019.03.18-12.30.32:797][  0]LogConfig: Setting CVar [[r.DOF.Gather.EnableBokehSettings:0       ; no bokeh simulation when gathering]]
[2019.03.18-12.30.32:797][  0]LogConfig: Setting CVar [[r.DOF.Gather.RingCount:4                 ; medium number of samples when gathering]]
[2019.03.18-12.30.32:797][  0]LogConfig: Setting CVar [[r.DOF.Scatter.ForegroundCompositing:1    ; additive foreground scattering]]
[2019.03.18-12.30.32:797][  0]LogConfig: Setting CVar [[r.DOF.Scatter.BackgroundCompositing:2    ; additive background scattering]]
[2019.03.18-12.30.32:797][  0]LogConfig: Setting CVar [[r.DOF.Scatter.EnableBokehSettings:1      ; bokeh simulation when scattering]]
[2019.03.18-12.30.32:797][  0]LogConfig: Setting CVar [[r.DOF.Scatter.MaxSpriteRatio:0.1         ; only a maximum of 10% of scattered bokeh]]
[2019.03.18-12.30.32:797][  0]LogConfig: Setting CVar [[r.DOF.Recombine.Quality:1                ; cheap slight out of focus]]
[2019.03.18-12.30.32:797][  0]LogConfig: Setting CVar [[r.DOF.Recombine.EnableBokehSettings:0    ; no bokeh simulation on slight out of focus]]
[2019.03.18-12.30.32:797][  0]LogConfig: Setting CVar [[r.DOF.TemporalAAQuality:1                ; more stable temporal accumulation]]
[2019.03.18-12.30.32:797][  0]LogConfig: Setting CVar [[r.DOF.Kernel.MaxForegroundRadius:0.025]]
[2019.03.18-12.30.32:797][  0]LogConfig: Setting CVar [[r.DOF.Kernel.MaxBackgroundRadius:0.025]]
[2019.03.18-12.30.32:797][  0]LogConfig: Applying CVar settings from Section [TextureQuality@3] File [D:/Program Files/Epic Games/Projects/Shoot/Saved/Config/Windows/Scalability.ini]
[2019.03.18-12.30.32:797][  0]LogConfig: Setting CVar [[r.Streaming.MipBias:0]]
[2019.03.18-12.30.32:797][  0]LogConfig: Setting CVar [[r.Streaming.AmortizeCPUToGPUCopy:0]]
[2019.03.18-12.30.32:797][  0]LogConfig: Setting CVar [[r.Streaming.MaxNumTexturesToStreamPerFrame:0]]
[2019.03.18-12.30.32:797][  0]LogConfig: Setting CVar [[r.Streaming.Boost:1]]
[2019.03.18-12.30.32:797][  0]LogConfig: Setting CVar [[r.MaxAnisotropy:8]]
[2019.03.18-12.30.32:798][  0]LogConfig: Setting CVar [[r.Streaming.LimitPoolSizeToVRAM:0]]
[2019.03.18-12.30.32:798][  0]LogConfig: Setting CVar [[r.Streaming.PoolSize:1000]]
[2019.03.18-12.30.32:798][  0]LogConfig: Setting CVar [[r.Streaming.MaxEffectiveScreenSize:0]]
[2019.03.18-12.30.32:798][  0]LogConfig: Applying CVar settings from Section [EffectsQuality@3] File [D:/Program Files/Epic Games/Projects/Shoot/Saved/Config/Windows/Scalability.ini]
[2019.03.18-12.30.32:798][  0]LogConfig: Setting CVar [[r.TranslucencyLightingVolumeDim:64]]
[2019.03.18-12.30.32:798][  0]LogConfig: Setting CVar [[r.RefractionQuality:2]]
[2019.03.18-12.30.32:798][  0]LogConfig: Setting CVar [[r.SSR.Quality:3]]
[2019.03.18-12.30.32:798][  0]LogConfig: Setting CVar [[r.SceneColorFormat:4]]
[2019.03.18-12.30.32:798][  0]LogConfig: Setting CVar [[r.DetailMode:2]]
[2019.03.18-12.30.32:798][  0]LogConfig: Setting CVar [[r.TranslucencyVolumeBlur:1]]
[2019.03.18-12.30.32:798][  0]LogConfig: Setting CVar [[r.MaterialQualityLevel:1 ; High quality]]
[2019.03.18-12.30.32:798][  0]LogConfig: Setting CVar [[r.SSS.Scale:1]]
[2019.03.18-12.30.32:798][  0]LogConfig: Setting CVar [[r.SSS.SampleSet:2]]
[2019.03.18-12.30.32:798][  0]LogConfig: Setting CVar [[r.SSS.Quality:1]]
[2019.03.18-12.30.32:798][  0]LogConfig: Setting CVar [[r.SSS.HalfRes:1]]
[2019.03.18-12.30.32:798][  0]LogConfig: Setting CVar [[r.EmitterSpawnRateScale:1.0]]
[2019.03.18-12.30.32:798][  0]LogConfig: Setting CVar [[r.ParticleLightQuality:2]]
[2019.03.18-12.30.32:798][  0]LogConfig: Applying CVar settings from Section [FoliageQuality@3] File [D:/Program Files/Epic Games/Projects/Shoot/Saved/Config/Windows/Scalability.ini]
[2019.03.18-12.30.32:798][  0]LogConfig: Setting CVar [[foliage.DensityScale:1.0]]
[2019.03.18-12.30.32:798][  0]LogConfig: Setting CVar [[grass.DensityScale:1.0]]
[2019.03.18-12.30.32:799][  0]LogConfig: Applying CVar settings from Section [Startup] File [../../../Engine/Config/ConsoleVariables.ini]
[2019.03.18-12.30.32:817][  0]LogConfig: Setting CVar [[net.UseAdaptiveNetUpdateFrequency:0]]
[2019.03.18-12.30.32:818][  0]LogConfig: Applying CVar settings from Section [ConsoleVariables] File [D:/Program Files/Epic Games/Projects/Shoot/Saved/Config/Windows/Engine.ini]
[2019.03.18-12.30.32:856][  0]LogInit: Computer: PETER
[2019.03.18-12.30.32:857][  0]LogInit: User: Peter
[2019.03.18-12.30.32:857][  0]LogInit: CPU Page size=4096, Cores=4
[2019.03.18-12.30.32:857][  0]LogInit: High frequency timer resolution =2.732793 MHz
[2019.03.18-12.30.32:857][  0]LogMemory: Memory total: Physical=7.9GB (8GB approx)
[2019.03.18-12.30.32:857][  0]LogMemory: Platform Memory Stats for Windows
[2019.03.18-12.30.32:857][  0]LogMemory: Process Physical Memory: 102.19 MB used, 102.19 MB peak
[2019.03.18-12.30.32:857][  0]LogMemory: Process Virtual Memory: 91.22 MB used, 91.22 MB peak
[2019.03.18-12.30.32:857][  0]LogMemory: Physical Memory: 4444.53 MB used,  3632.90 MB free, 8077.43 MB total
[2019.03.18-12.30.32:857][  0]LogMemory: Virtual Memory: 4652.74 MB used,  134213072.00 MB free, 134217728.00 MB total
[2019.03.18-12.30.34:530][  0]LogInit: Using OS detected language (en-US).
[2019.03.18-12.30.34:530][  0]LogInit: Using OS detected locale (en-US).
[2019.03.18-12.30.34:596][  0]LogTextLocalizationManager: No specific localization for 'en-US' exists, so the 'en' localization will be used.
[2019.03.18-12.30.35:528][  0]LogStreaming: Display: Took  0.996s to InitEngineTextLocalization.
[2019.03.18-12.30.35:546][  0]LogInit: Setting process to per monitor DPI aware
[2019.03.18-12.30.36:450][  0]LogSlate: New Slate User Created.  User Index 0, Is Virtual User: 0
[2019.03.18-12.30.36:450][  0]LogSlate: Slate User Registered.  User Index 0, Is Virtual User: 0
[2019.03.18-12.30.39:929][  0]LogHMD: Failed to initialize OpenVR with code 110
[2019.03.18-12.30.39:929][  0]LogD3D11RHI: D3D11 adapters:
[2019.03.18-12.30.40:064][  0]LogD3D11RHI:    0. 'NVIDIA GeForce GTX 980M' (Feature Level 11_0)
[2019.03.18-12.30.40:064][  0]LogD3D11RHI:       4055/0/4038 MB DedicatedVideo/DedicatedSystem/SharedSystem, Outputs:1, VendorId:0x10de
[2019.03.18-12.30.40:079][  0]LogD3D11RHI:    1. 'Intel(R) Iris(TM) Pro Graphics 5200' (Feature Level 11_0)
[2019.03.18-12.30.40:079][  0]LogD3D11RHI:       112/0/2048 MB DedicatedVideo/DedicatedSystem/SharedSystem, Outputs:0, VendorId:0x8086
[2019.03.18-12.30.40:087][  0]LogD3D11RHI:    2. 'Microsoft Basic Render Driver' (Feature Level 11_0)
[2019.03.18-12.30.40:087][  0]LogD3D11RHI:       0/0/4038 MB DedicatedVideo/DedicatedSystem/SharedSystem, Outputs:0, VendorId:0x1414
[2019.03.18-12.30.40:087][  0]LogD3D11RHI: Chosen D3D11 Adapter: 0
[2019.03.18-12.30.40:175][  0]LogD3D11RHI: Creating new Direct3DDevice
[2019.03.18-12.30.40:175][  0]LogD3D11RHI:     GPU DeviceId: 0x13d7 (for the marketing name, search the web for "GPU Device Id")
[2019.03.18-12.30.40:175][  0]LogWindows: EnumDisplayDevices:
[2019.03.18-12.30.40:176][  0]LogWindows:    0. 'Intel(R) Iris(TM) Pro Graphics 5200' (P:1 D:1)
[2019.03.18-12.30.40:176][  0]LogWindows:    1. 'Intel(R) Iris(TM) Pro Graphics 5200' (P:0 D:0)
[2019.03.18-12.30.40:177][  0]LogWindows:    2. 'Intel(R) Iris(TM) Pro Graphics 5200' (P:0 D:0)
[2019.03.18-12.30.40:177][  0]LogWindows: DebugString: PrimaryIsNotTheChoosenAdapter PrimaryIsNotTheChoosenAdapter PrimaryIsNotTheChoosenAdapter FoundDriverCount:0 
[2019.03.18-12.30.40:177][  0]LogD3D11RHI:     Adapter Name: NVIDIA GeForce GTX 980M
[2019.03.18-12.30.40:177][  0]LogD3D11RHI:   Driver Version: Unknown (internal:Unknown, unified:Unknown)
[2019.03.18-12.30.40:177][  0]LogD3D11RHI:      Driver Date: Unknown
[2019.03.18-12.30.40:189][  0]LogRHI: Texture pool is 2839 MB (70% of 4055 MB)
[2019.03.18-12.30.40:262][  0]LogD3D11RHI: Async texture creation enabled
[2019.03.18-12.30.40:677][  0]LogD3D11RHI: GPU Timing Frequency: 1000.000000 (Debug: 2 1)
[2019.03.18-12.30.41:324][  0]LogTemp: Display: Loaded TP AllDesktopTargetPlatform
[2019.03.18-12.30.41:361][  0]LogTemp: Display: Loaded TP MacClientTargetPlatform
[2019.03.18-12.30.41:385][  0]LogTemp: Display: Loaded TP MacNoEditorTargetPlatform
[2019.03.18-12.30.41:412][  0]LogTemp: Display: Loaded TP MacServerTargetPlatform
[2019.03.18-12.30.41:496][  0]LogTemp: Display: Loaded TP MacTargetPlatform
[2019.03.18-12.30.41:580][  0]LogTemp: Display: Loaded TP WindowsClientTargetPlatform
[2019.03.18-12.30.41:607][  0]LogTemp: Display: Loaded TP WindowsNoEditorTargetPlatform
[2019.03.18-12.30.41:647][  0]LogTemp: Display: Loaded TP WindowsServerTargetPlatform
[2019.03.18-12.30.41:681][  0]LogTemp: Display: Loaded TP WindowsTargetPlatform
[2019.03.18-12.30.41:887][  0]LogTemp: Display: Loaded TP AndroidTargetPlatform
[2019.03.18-12.30.41:887][  0]LogTemp: Display: Loaded TP AndroidTargetPlatform
[2019.03.18-12.30.41:887][  0]LogTemp: Display: Loaded TP AndroidTargetPlatform
[2019.03.18-12.30.41:887][  0]LogTemp: Display: Loaded TP AndroidTargetPlatform
[2019.03.18-12.30.41:888][  0]LogTemp: Display: Loaded TP AndroidTargetPlatform
[2019.03.18-12.30.41:888][  0]LogTemp: Display: Loaded TP AndroidTargetPlatform
[2019.03.18-12.30.41:888][  0]LogTemp: Display: Loaded TP AndroidTargetPlatform
[2019.03.18-12.30.41:888][  0]LogTemp: Display: Loaded TP AndroidTargetPlatform
[2019.03.18-12.30.41:888][  0]LogTemp: Display: Loaded TP AndroidTargetPlatform
[2019.03.18-12.30.41:888][  0]LogTemp: Display: Loaded TP AndroidTargetPlatform
[2019.03.18-12.30.41:888][  0]LogTemp: Display: Loaded TP AndroidTargetPlatform
[2019.03.18-12.30.41:888][  0]LogTemp: Display: Loaded TP AndroidTargetPlatform
[2019.03.18-12.30.41:888][  0]LogTemp: Display: Loaded TP AndroidTargetPlatform
[2019.03.18-12.30.41:888][  0]LogTemp: Display: Loaded TP AndroidTargetPlatform
[2019.03.18-12.30.41:888][  0]LogTemp: Display: Loaded TP AndroidTargetPlatform
[2019.03.18-12.30.41:888][  0]LogTemp: Display: Loaded TP AndroidTargetPlatform
[2019.03.18-12.30.41:888][  0]LogTemp: Display: Loaded TP AndroidTargetPlatform
[2019.03.18-12.30.41:888][  0]LogTemp: Display: Loaded TP AndroidTargetPlatform
[2019.03.18-12.30.41:951][  0]LogTemp: Display: Loaded TP HTML5TargetPlatform
[2019.03.18-12.30.42:175][  0]LogTemp: Display: Loaded TP IOSTargetPlatform
[2019.03.18-12.30.42:175][  0]LogTemp: Display: Loaded TP IOSTargetPlatform
[2019.03.18-12.30.42:242][  0]LogTemp: Display: Loaded TP TVOSTargetPlatform
[2019.03.18-12.30.42:242][  0]LogTemp: Display: Loaded TP TVOSTargetPlatform
[2019.03.18-12.30.42:333][  0]LogTemp: Display: Loaded TP LinuxClientTargetPlatform
[2019.03.18-12.30.42:357][  0]LogTemp: Display: Loaded TP LinuxNoEditorTargetPlatform
[2019.03.18-12.30.42:382][  0]LogTemp: Display: Loaded TP LinuxServerTargetPlatform
[2019.03.18-12.30.42:519][  0]LogTemp: Display: Loaded TP LinuxTargetPlatform
[2019.03.18-12.30.42:589][  0]LogTemp: Display: Loaded TP LuminTargetPlatform
[2019.03.18-12.30.42:589][  0]LogTemp: Display: Loaded TP LuminTargetPlatform
[2019.03.18-12.30.42:590][  0]LogTargetPlatformManager: Display: Building Assets For Windows
[2019.03.18-12.30.43:854][  0]LogShaderCompilers: Guid format shader working directory is 20 characters bigger than the processId version (../../../../Projects/Shoot/Intermediate/Shaders/WorkingDirectory/1628/).
[2019.03.18-12.30.43:854][  0]LogShaderCompilers: Cleaned the shader compiler working directory 'C:/Users/Peter/AppData/Local/Temp/UnrealShaderWorkingDir/D03274E34DCC6147E48FF9BC7353B8EB/'.
[2019.03.18-12.30.43:885][  0]LogXGEController: Cleaning working directory: C:/Users/Peter/AppData/Local/Temp/UnrealXGEWorkingDir/
[2019.03.18-12.30.43:885][  0]LogXGEController: Cannot use XGE Controller as Incredibuild is not installed on this machine.
[2019.03.18-12.30.43:886][  0]LogShaderCompilers: Cannot use XGE Shader Compiler as Incredibuild is not installed on this machine.
[2019.03.18-12.30.43:886][  0]LogShaderCompilers: Display: Using Local Shader Compiler.
[2019.03.18-12.30.47:722][  0]LogDerivedDataCache: Display: Max Cache Size: 512 MB
[2019.03.18-12.30.48:137][  0]LogDerivedDataCache: Loaded boot cache 0.41s 72MB C:/Users/Peter/AppData/Local/UnrealEngine/4.21/DerivedDataCache/Boot.ddc.
[2019.03.18-12.30.48:137][  0]LogDerivedDataCache: Display: Loaded Boot cache: C:/Users/Peter/AppData/Local/UnrealEngine/4.21/DerivedDataCache/Boot.ddc
[2019.03.18-12.30.48:137][  0]LogDerivedDataCache: FDerivedDataBackendGraph:  Pak pak cache file ../../../../Projects/Shoot/DerivedDataCache/DDC.ddp not found, will not use a pak cache.
[2019.03.18-12.30.48:137][  0]LogDerivedDataCache: Unable to find inner node Pak for hierarchical cache Hierarchy.
[2019.03.18-12.30.48:137][  0]LogDerivedDataCache: FDerivedDataBackendGraph:  CompressedPak pak cache file ../../../../Projects/Shoot/DerivedDataCache/Compressed.ddp not found, will not use a pak cache.
[2019.03.18-12.30.48:137][  0]LogDerivedDataCache: Unable to find inner node CompressedPak for hierarchical cache Hierarchy.
[2019.03.18-12.30.48:309][  0]LogDerivedDataCache: Display: Pak cache opened for reading ../../../Engine/DerivedDataCache/Compressed.ddp.
[2019.03.18-12.30.48:309][  0]LogDerivedDataCache: FDerivedDataBackendGraph:  EnterprisePak pak cache file ../../../Enterprise/DerivedDataCache/Compressed.ddp not found, will not use a pak cache.
[2019.03.18-12.30.48:309][  0]LogDerivedDataCache: Unable to find inner node EnterprisePak for hierarchical cache Hierarchy.
[2019.03.18-12.30.48:326][  0]LogDerivedDataCache: Using Local data cache path C:/Users/Peter/AppData/Local/UnrealEngine/Common/DerivedDataCache: Writable
[2019.03.18-12.30.48:326][  0]LogDerivedDataCache: Shared data cache path not found in *engine.ini, will not use an Shared cache.
[2019.03.18-12.30.48:326][  0]LogDerivedDataCache: Unable to find inner node Shared for hierarchical cache Hierarchy.
[2019.03.18-12.30.48:498][  0]LogMaterial: Verifying Global Shaders for PCD3D_SM5
[2019.03.18-12.30.48:577][  0]LogSlate: Using FreeType 2.6.0
[2019.03.18-12.30.48:668][  0]LogSlate: SlateFontServices - WITH_FREETYPE: 1, WITH_HARFBUZZ: 1
[2019.03.18-12.30.49:733][  0]LogAssetRegistry: FAssetRegistry took 0.0413 seconds to start up
[2019.03.18-12.30.57:927][  0]LogInit: Selected Device Profile: [Windows]
[2019.03.18-12.31.00:002][  0]LogSimplygon: Simplygon DLL not present - disabling.
[2019.03.18-12.31.00:211][  0]LogMeshReduction: Using SimplygonSwarm for distributed automatic mesh merging
[2019.03.18-12.31.00:226][  0]LogMeshReduction: Using ProxyLODMeshReduction for automatic mesh merging
[2019.03.18-12.31.00:252][  0]LogMeshReduction: Using QuadricMeshReduction for automatic static mesh reduction
[2019.03.18-12.31.00:252][  0]LogMeshReduction: No automatic skeletal mesh reduction module available
[2019.03.18-12.31.01:260][  0]LogNetVersion: Shoot 1.0.0, NetCL: 4541578, EngineNetVer: 5, GameNetVer: 0 (Checksum: 2524423328)
[2019.03.18-12.31.07:918][  0]LogPackageLocalizationCache: Processed 11 localized package path(s) for 2 prioritized culture(s) in 0.152691 seconds
[2019.03.18-12.31.07:952][  0]LogUObjectArray: 39775 objects as part of root set at end of initial load.
[2019.03.18-12.31.07:953][  0]LogUObjectAllocator: 6914656 out of 0 bytes used by permanent object pool.
[2019.03.18-12.31.07:953][  0]LogUObjectArray: CloseDisregardForGC: 0/0 objects in disregard for GC pool
[2019.03.18-12.31.22:523][  0]LogTcpMessaging: Initializing TcpMessaging bridge
[2019.03.18-12.31.22:567][  0]LogUdpMessaging: Initializing bridge on interface 0.0.0.0:0 to multicast group 230.0.0.1:6666.
[2019.03.18-12.31.25:007][  0]SourceControl: Source control is disabled
[2019.03.18-12.31.25:015][  0]SourceControl: Source control is disabled
[2019.03.18-12.31.25:110][  0]SourceControl: Source control is disabled
[2019.03.18-12.31.25:141][  0]SourceControl: Source control is disabled
[2019.03.18-12.31.26:927][  0]LogAndroidPermission: UAndroidPermissionCallbackProxy::GetInstance
[2019.03.18-12.31.27:209][  0]LogOcInput: OculusInput pre-init called
[2019.03.18-12.31.28:679][  0]LogEngine: Initializing Engine...
[2019.03.18-12.31.28:742][  0]LogHMD: Failed to initialize OpenVR with code 110
[2019.03.18-12.31.28:763][  0]LogStats: UGameplayTagsManager::ConstructGameplayTagTree: ImportINI prefixes -  0.000 s
[2019.03.18-12.31.28:763][  0]LogStats: UGameplayTagsManager::ConstructGameplayTagTree: Construct from data asset -  0.000 s
[2019.03.18-12.31.28:763][  0]LogStats: UGameplayTagsManager::ConstructGameplayTagTree: ImportINI -  0.000 s
[2019.03.18-12.31.28:764][  0]LogStats: UGameplayTagsManager::ConstructGameplayTagTree: GameplayTagTreeChangedEvent.Broadcast -  0.000 s
[2019.03.18-12.31.29:760][  0]LogInit: Initializing FReadOnlyCVARCache
[2019.03.18-12.31.30:334][  0]LogAIModule: Creating AISystem for world Untitled
[2019.03.18-12.31.30:619][  0]LogInit: XAudio2 using 'Speakers (Sound Blaster Recon3Di)' : 2 channels at 48 kHz using 32 bits per sample (channel mask 0x3)
[2019.03.18-12.31.30:682][  0]LogInit: FAudioDevice initialized.
[2019.03.18-12.31.30:683][  0]LogNetVersion: Set ProjectVersion to 1.0.0.0. Version Checksum will be recalculated on next use.
[2019.03.18-12.31.30:834][  0]LogDerivedDataCache: Saved boot cache 0.15s 72MB C:/Users/Peter/AppData/Local/UnrealEngine/4.21/DerivedDataCache/Boot.ddc.
[2019.03.18-12.31.30:851][  0]LogInit: Texture streaming: Enabled
[2019.03.18-12.31.31:023][  0]LogEngineSessionManager: EngineSessionManager initialized
[2019.03.18-12.31.31:208][  0]LogInit: Transaction tracking system initialized
[2019.03.18-12.31.32:070][  0]BlueprintLog: New page: Editor Load
[2019.03.18-12.31.33:844][  0]LocalizationService: Localization service is disabled
[2019.03.18-12.31.36:674][  0]LogFileCache: Scanning file cache for directory 'D:/Program Files/Epic Games/Projects/Shoot/Content/' took 0.02s
[2019.03.18-12.31.36:674][  0]LogCook: Display: Max memory allowance for cook 16384mb min free memory 0mb
[2019.03.18-12.31.36:684][  0]LogCook: Display: Mobile HDR setting 1
[2019.03.18-12.31.36:684][  0]LogGameplayTags: Display: UGameplayTagsManager::DoneAddingNativeTags. DelegateIsBound: 0
[2019.03.18-12.31.36:684][  0]LogStats: UGameplayTagsManager::ConstructGameplayTagTree: ImportINI prefixes -  0.000 s
[2019.03.18-12.31.36:684][  0]LogStats: UGameplayTagsManager::ConstructGameplayTagTree: Construct from data asset -  0.000 s
[2019.03.18-12.31.36:685][  0]LogStats: UGameplayTagsManager::ConstructGameplayTagTree: ImportINI -  0.000 s
[2019.03.18-12.31.36:685][  0]LogStats: UGameplayTagsManager::ConstructGameplayTagTree: GameplayTagTreeChangedEvent.Broadcast -  0.000 s
[2019.03.18-12.31.38:800][  0]SourceControl: Source control is disabled
[2019.03.18-12.31.38:849][  0]Cmd: MAP LOAD FILE="../../../../Projects/Shoot/Content/StarterContent/Maps/Minimal_Default.umap" TEMPLATE=0 SHOWPROGRESS=1 FEATURELEVEL=3
[2019.03.18-12.31.38:898][  0]LightingResults: New page: Lighting Build
[2019.03.18-12.31.39:088][  0]MapCheck: New page: Map Check
[2019.03.18-12.31.39:088][  0]LightingResults: New page: Lighting Build
[2019.03.18-12.31.41:714][  0]LogAIModule: Creating AISystem for world Minimal_Default
[2019.03.18-12.31.42:433][  0]LogEditorServer: Finished looking for orphan Actors (0.000 secs)
[2019.03.18-12.31.42:568][  0]Cmd: MAP CHECKDEP NOCLEARLOG
[2019.03.18-12.31.42:588][  0]MapCheck: Map check complete: 0 Error(s), 0 Warning(s), took 0.135ms to complete.
[2019.03.18-12.31.42:588][  0]LogFileHelpers: Loading map 'Minimal_Default' took 3.780
[2019.03.18-12.31.44:603][  0]LogSlate: Updating window title bar state: overlay mode, drag disabled, window buttons hidden, title bar hidden
[2019.03.18-12.31.44:630][  0]LogSlate: Updating window title bar state: overlay mode, drag disabled, window buttons hidden, title bar hidden
[2019.03.18-12.31.44:637][  0]LogSlate: Updating window title bar state: overlay mode, drag disabled, window buttons hidden, title bar hidden
[2019.03.18-12.31.44:644][  0]LogSlate: Updating window title bar state: overlay mode, drag disabled, window buttons hidden, title bar hidden
[2019.03.18-12.31.44:823][  0]LogCollectionManager: Loaded 0 collections in 0.002285 seconds
[2019.03.18-12.31.45:114][  0]LogFileCache: Scanning file cache for directory 'D:/Program Files/Epic Games/Projects/Shoot/Saved/Collections/' took 0.01s
[2019.03.18-12.31.45:114][  0]LogFileCache: Scanning file cache for directory 'D:/Program Files/Epic Games/Projects/Shoot/Content/Developers/Peter/Collections/' took 0.00s
[2019.03.18-12.31.45:114][  0]LogFileCache: Scanning file cache for directory 'D:/Program Files/Epic Games/Projects/Shoot/Content/Collections/' took 0.00s
[2019.03.18-12.31.45:114][  0]LogCollectionManager: Rebuilt the GUID cache for 0 collections in 0.000000 seconds
[2019.03.18-12.31.45:165][  0]LogContentBrowser: Native class hierarchy populated in 0.0504 seconds. Added 2656 classes and 622 folders.
[2019.03.18-12.31.45:347][  0]LogContentBrowser: Native class hierarchy updated for 'WidgetCarousel' in 0.0004 seconds. Added 0 classes and 0 folders.
[2019.03.18-12.31.45:448][  0]LogPakFile: Registered encryption key '00000000000000000000000000000000': 0 pak files mounted, 0 remain pending
[2019.03.18-12.31.45:495][  0]LogPakFile: Registered encryption key '00000000000000000000000000000000': 0 pak files mounted, 0 remain pending
[2019.03.18-12.31.45:533][  0]LogPakFile: Registered encryption key '00000000000000000000000000000000': 0 pak files mounted, 0 remain pending
[2019.03.18-12.31.45:563][  0]LogPakFile: Registered encryption key '00000000000000000000000000000000': 0 pak files mounted, 0 remain pending
[2019.03.18-12.31.45:572][  0]LogPakFile: Registered encryption key '00000000000000000000000000000000': 0 pak files mounted, 0 remain pending
[2019.03.18-12.31.45:583][  0]LogPakFile: Registered encryption key '00000000000000000000000000000000': 0 pak files mounted, 0 remain pending
[2019.03.18-12.31.45:593][  0]LogPakFile: Registered encryption key '00000000000000000000000000000000': 0 pak files mounted, 0 remain pending
[2019.03.18-12.31.45:610][  0]LogPakFile: Registered encryption key '00000000000000000000000000000000': 0 pak files mounted, 0 remain pending
[2019.03.18-12.31.45:643][  0]LogPakFile: Registered encryption key '00000000000000000000000000000000': 0 pak files mounted, 0 remain pending
[2019.03.18-12.31.45:660][  0]LogPakFile: Registered encryption key '00000000000000000000000000000000': 0 pak files mounted, 0 remain pending
[2019.03.18-12.31.45:665][  0]LogPakFile: Registered encryption key '00000000000000000000000000000000': 0 pak files mounted, 0 remain pending
[2019.03.18-12.31.45:673][  0]LogPakFile: Registered encryption key '00000000000000000000000000000000': 0 pak files mounted, 0 remain pending
[2019.03.18-12.31.45:685][  0]LogPakFile: Registered encryption key '00000000000000000000000000000000': 0 pak files mounted, 0 remain pending
[2019.03.18-12.31.45:695][  0]LogPakFile: Registered encryption key '00000000000000000000000000000000': 0 pak files mounted, 0 remain pending
[2019.03.18-12.31.45:707][  0]LogPakFile: Registered encryption key '00000000000000000000000000000000': 0 pak files mounted, 0 remain pending
[2019.03.18-12.31.45:719][  0]LogPakFile: Registered encryption key '00000000000000000000000000000000': 0 pak files mounted, 0 remain pending
[2019.03.18-12.31.45:767][  0]LogPakFile: Registered encryption key '00000000000000000000000000000000': 0 pak files mounted, 0 remain pending
[2019.03.18-12.31.45:794][  0]LogPakFile: Registered encryption key '00000000000000000000000000000000': 0 pak files mounted, 0 remain pending
[2019.03.18-12.31.45:809][  0]LogPakFile: Registered encryption key '00000000000000000000000000000000': 0 pak files mounted, 0 remain pending
[2019.03.18-12.31.45:823][  0]LogPakFile: Registered encryption key '00000000000000000000000000000000': 0 pak files mounted, 0 remain pending
[2019.03.18-12.31.45:885][  0]LogPakFile: Registered encryption key '00000000000000000000000000000000': 0 pak files mounted, 0 remain pending
[2019.03.18-12.31.45:916][  0]LogPakFile: Registered encryption key '00000000000000000000000000000000': 0 pak files mounted, 0 remain pending
[2019.03.18-12.31.45:934][  0]LogPakFile: Registered encryption key '00000000000000000000000000000000': 0 pak files mounted, 0 remain pending
[2019.03.18-12.31.45:958][  0]LogPakFile: Registered encryption key '00000000000000000000000000000000': 0 pak files mounted, 0 remain pending
[2019.03.18-12.31.45:969][  0]LogPakFile: Registered encryption key '00000000000000000000000000000000': 0 pak files mounted, 0 remain pending
[2019.03.18-12.31.45:982][  0]LogPakFile: Registered encryption key '00000000000000000000000000000000': 0 pak files mounted, 0 remain pending
[2019.03.18-12.31.46:856][  0]LogContentBrowser: Native class hierarchy updated for 'AddContentDialog' in 0.0004 seconds. Added 0 classes and 0 folders.
[2019.03.18-12.31.46:895][  0]LogContentBrowser: Native class hierarchy updated for 'SceneOutliner' in 0.0004 seconds. Added 1 classes and 2 folders.
[2019.03.18-12.31.47:585][  0]LogSlate: Took 0.016097 seconds to synchronously load lazily loaded font '../../../Engine/Content/Slate/Fonts/Roboto-Regular.ttf' (155K)
[2019.03.18-12.31.47:642][  0]LogSlate: Took 0.039505 seconds to synchronously load lazily loaded font '../../../Engine/Content/Slate/Fonts/Roboto-Bold.ttf' (160K)
[2019.03.18-12.31.47:757][  0]LogSlate: Took 0.022552 seconds to synchronously load lazily loaded font '../../../Engine/Content/Editor/Slate/Fonts/FontAwesome.ttf' (139K)
[2019.03.18-12.31.48:325][  0]LogRenderer: Reallocating scene render targets to support 1208x576 Format 10 NumSamples 1 (Frame:1).
[2019.03.18-12.31.49:004][  0]LogSlate: Took 0.026227 seconds to synchronously load lazily loaded font '../../../Engine/Content/Slate/Fonts/Roboto-Light.ttf' (167K)
[2019.03.18-12.31.49:397][  0]LogContentBrowser: Native class hierarchy updated for 'HierarchicalLODOutliner' in 0.0004 seconds. Added 0 classes and 0 folders.
[2019.03.18-12.31.49:397][  0]LogLoad: (Engine Initialization) Total time: 95.49 seconds
[2019.03.18-12.31.49:397][  0]LogLoad: (Engine Initialization) Total Blueprint compile time: 0.00 seconds
[2019.03.18-12.31.49:502][  0]LogActor: Warning: test /Engine/Transient.World_0:PersistentLevel.test_0 has natively added scene component(s), but none of them were set as the actor's RootComponent - picking one arbitrarily
[2019.03.18-12.31.49:759][  0]LogContentStreaming: Texture pool size now 1000 MB
[2019.03.18-12.31.50:096][  2]LogAssetRegistry: Asset discovery search completed in 60.3892 seconds
[2019.03.18-12.31.50:119][  2]LogCollectionManager: Rebuilt the object cache for 0 collections in 0.000001 seconds (found 0 objects)
[2019.03.18-12.31.50:120][  2]LogCollectionManager: Fixed up redirectors for 0 collections in 0.021605 seconds (updated 0 objects)
[2019.03.18-12.33.39:920][518]LogSlate: FSceneViewport::OnFocusLost() reason 0
[2019.03.18-12.33.39:951][519]LogTemp: Repeating last play command: Selected Viewport
[2019.03.18-12.33.40:172][519]LogBlueprintUserMessages: Early PlayInEditor Detection: Level '/Game/StarterContent/Maps/Minimal_Default.Minimal_Default:PersistentLevel' has LevelScriptBlueprint '/Game/StarterContent/Maps/Minimal_Default.Minimal_Default:PersistentLevel.Minimal_Default' with GeneratedClass '/Game/StarterContent/Maps/Minimal_Default.Minimal_Default_C' with ClassGeneratedBy '/Game/StarterContent/Maps/Minimal_Default.Minimal_Default:PersistentLevel.Minimal_Default'
[2019.03.18-12.33.40:243][519]LogPlayLevel: PlayLevel: No blueprints needed recompiling
[2019.03.18-12.33.40:308][519]PIE: New page: PIE session: Minimal_Default (Mar 18, 2019, 2:33:40 PM)
[2019.03.18-12.33.40:515][519]LogPlayLevel: Creating play world package: /Game/StarterContent/Maps/UEDPIE_0_Minimal_Default
[2019.03.18-12.33.40:649][519]LogPlayLevel: PIE: StaticDuplicateObject took: (0.133189s)
[2019.03.18-12.33.40:650][519]LogAIModule: Creating AISystem for world Minimal_Default
[2019.03.18-12.33.40:660][519]LogPlayLevel: PIE: World Init took: (0.011089s)
[2019.03.18-12.33.40:660][519]LogPlayLevel: PIE: Created PIE world by copying editor world from /Game/StarterContent/Maps/Minimal_Default.Minimal_Default to /Game/StarterContent/Maps/UEDPIE_0_Minimal_Default.Minimal_Default (0.145567s)
[2019.03.18-12.33.40:732][519]LogInit: XAudio2 using 'Speakers (Sound Blaster Recon3Di)' : 2 channels at 48 kHz using 32 bits per sample (channel mask 0x3)
[2019.03.18-12.33.40:743][519]LogInit: FAudioDevice initialized.
[2019.03.18-12.33.40:998][519]LogUObjectGlobals: Warning: Failed to find object 'Class /Script/Shoot.ShootGameMode'
[2019.03.18-12.33.40:999][519]LogLoad: Game class is 'GameModeBase'
[2019.03.18-12.33.41:202][519]LogWorld: Bringing World /Game/StarterContent/Maps/UEDPIE_0_Minimal_Default.Minimal_Default up for play (max tick rate 60) at 2019.03.18-13.33.41
[2019.03.18-12.33.41:309][519]LogWorld: Bringing up level for play took: 0.140525
[2019.03.18-12.33.41:830][519]LogContentBrowser: Native class hierarchy updated for 'MovieSceneCapture' in 0.0140 seconds. Added 20 classes and 0 folders.
[2019.03.18-12.33.41:926][519]PIE: Play in editor start time for /Game/StarterContent/Maps/UEDPIE_0_Minimal_Default 2.413
[2019.03.18-12.33.41:926][519]LogBlueprintUserMessages: Late PlayInEditor Detection: Level '/Game/StarterContent/Maps/Minimal_Default.Minimal_Default:PersistentLevel' has LevelScriptBlueprint '/Game/StarterContent/Maps/Minimal_Default.Minimal_Default:PersistentLevel.Minimal_Default' with GeneratedClass '/Game/StarterContent/Maps/Minimal_Default.Minimal_Default_C' with ClassGeneratedBy '/Game/StarterContent/Maps/Minimal_Default.Minimal_Default:PersistentLevel.Minimal_Default'
[2019.03.18-12.34.38:867][840]LogBlueprintUserMessages: Early EndPlayMap Detection: Level '/Game/StarterContent/Maps/Minimal_Default.Minimal_Default:PersistentLevel' has LevelScriptBlueprint '/Game/StarterContent/Maps/Minimal_Default.Minimal_Default:PersistentLevel.Minimal_Default' with GeneratedClass '/Game/StarterContent/Maps/Minimal_Default.Minimal_Default_C' with ClassGeneratedBy '/Game/StarterContent/Maps/Minimal_Default.Minimal_Default:PersistentLevel.Minimal_Default'
[2019.03.18-12.34.38:974][840]LogSlate: Updating window title bar state: overlay mode, drag disabled, window buttons hidden, title bar hidden
[2019.03.18-12.34.39:316][840]LogPlayLevel: Display: Shutting down PIE online subsystems
[2019.03.18-12.34.39:328][840]LogBlueprintUserMessages: Late EndPlayMap Detection: Level '/Game/StarterContent/Maps/Minimal_Default.Minimal_Default:PersistentLevel' has LevelScriptBlueprint '/Game/StarterContent/Maps/Minimal_Default.Minimal_Default:PersistentLevel.Minimal_Default' with GeneratedClass '/Game/StarterContent/Maps/Minimal_Default.Minimal_Default_C' with ClassGeneratedBy '/Game/StarterContent/Maps/Minimal_Default.Minimal_Default:PersistentLevel.Minimal_Default'
[2019.03.18-12.34.39:460][840]LogSlate: Updating window title bar state: overlay mode, drag disabled, window buttons hidden, title bar hidden
[2019.03.18-12.34.39:765][841]LogPlayLevel: Display: Destroying online subsystem :Context_3
[2019.03.18-12.35.11:597][726]LogEditorViewport: Clicking on Actor (LMB): BP_Sky_Sphere_C (BP_Sky_Sphere)
[2019.03.18-12.35.14:862][727]LogEditorViewport: Clicking on Actor (LMB): BP_Sky_Sphere_C (BP_Sky_Sphere)
[2019.03.18-12.35.14:880][727]LogEditorViewport: Clicking on Actor (LMB): BP_Sky_Sphere_C (BP_Sky_Sphere)
[2019.03.18-12.35.20:943][ 78]Cmd: CAMERA ALIGN ACTIVEVIEWPORTONLY
[2019.03.18-12.35.24:509][288]LogSlate: FSceneViewport::OnFocusLost() reason 0
[2019.03.18-12.35.26:608][292]Cmd: CAMERA ALIGN ACTIVEVIEWPORTONLY
[2019.03.18-12.35.26:643][292]LogEditorViewport: Clicking Background
[2019.03.18-12.35.27:175][302]Cmd: CAMERA ALIGN ACTIVEVIEWPORTONLY
[2019.03.18-12.35.27:175][302]Can't find target actor or component.
[2019.03.18-12.35.28:076][325]LogEditorViewport: Clicking on Actor (LMB): StaticMeshActor (Plane)
[2019.03.18-12.35.28:800][340]LogEditorViewport: Clicking on Actor (LMB): Bow (Bow1)
[2019.03.18-12.37.18:793][542]LogSlate: Took 0.023600 seconds to synchronously load lazily loaded font '../../../Engine/Content/Slate/Fonts/Roboto-Italic.ttf' (157K)
[2019.03.18-12.37.20:993][664]LogSlate: FSceneViewport::OnFocusLost() reason 0
[2019.03.18-12.39.38:008][744]LogSlate: Took 0.014671 seconds to synchronously load lazily loaded font '../../../Engine/Content/Slate/Fonts/Roboto-Light.ttf' (167K)
[2019.03.18-12.39.38:024][744]LogAssetEditorManager: Opening Asset editor for StaticMesh /Game/StarterContent/Models/Bow/Bow_pCube1.Bow_pCube1
[2019.03.18-12.40.03:006][ 58]Cmd: OBJ SAVEPACKAGE PACKAGE="/Game/StarterContent/Models/Bow/Bow_pCube1" FILE="../../../../Projects/Shoot/Content/StarterContent/Models/Bow/Bow_pCube1.uasset" SILENT=true
[2019.03.18-12.40.03:222][ 58]LogSavePackage: Moving '../../../../Projects/Shoot/Saved/Bow_pCube11AD089654ECC026BDC81538F4BF560C0.tmp' to '../../../../Projects/Shoot/Content/StarterContent/Models/Bow/Bow_pCube1.uasset'
[2019.03.18-12.40.04:584][132]LogSlate: Window 'Bow_pCube1' being destroyed
[2019.03.18-12.40.04:586][132]LogSlate: Window 'Bow_pCube1' being destroyed
[2019.03.18-12.40.05:933][195]LogTemp: Repeating last play command: Selected Viewport
[2019.03.18-12.40.05:947][195]LogBlueprintUserMessages: Early PlayInEditor Detection: Level '/Game/StarterContent/Maps/Minimal_Default.Minimal_Default:PersistentLevel' has LevelScriptBlueprint '/Game/StarterContent/Maps/Minimal_Default.Minimal_Default:PersistentLevel.Minimal_Default' with GeneratedClass '/Game/StarterContent/Maps/Minimal_Default.Minimal_Default_C' with ClassGeneratedBy '/Game/StarterContent/Maps/Minimal_Default.Minimal_Default:PersistentLevel.Minimal_Default'
[2019.03.18-12.40.05:947][195]LogPlayLevel: PlayLevel: No blueprints needed recompiling
[2019.03.18-12.40.05:947][195]PIE: New page: PIE session: Minimal_Default (Mar 18, 2019, 2:40:05 PM)
[2019.03.18-12.40.05:947][195]LogPlayLevel: Creating play world package: /Game/StarterContent/Maps/UEDPIE_0_Minimal_Default
[2019.03.18-12.40.05:950][195]LogPlayLevel: PIE: StaticDuplicateObject took: (0.003115s)
[2019.03.18-12.40.05:951][195]LogAIModule: Creating AISystem for world Minimal_Default
[2019.03.18-12.40.05:951][195]LogPlayLevel: PIE: World Init took: (0.000704s)
[2019.03.18-12.40.05:951][195]LogPlayLevel: PIE: Created PIE world by copying editor world from /Game/StarterContent/Maps/Minimal_Default.Minimal_Default to /Game/StarterContent/Maps/UEDPIE_0_Minimal_Default.Minimal_Default (0.004110s)
[2019.03.18-12.40.06:070][195]LogInit: XAudio2 using 'Speakers (Sound Blaster Recon3Di)' : 2 channels at 48 kHz using 32 bits per sample (channel mask 0x3)
[2019.03.18-12.40.06:081][195]LogInit: FAudioDevice initialized.
[2019.03.18-12.40.06:124][195]LogLoad: Game class is 'GameModeBase'
[2019.03.18-12.40.06:126][195]LogWorld: Bringing World /Game/StarterContent/Maps/UEDPIE_0_Minimal_Default.Minimal_Default up for play (max tick rate 60) at 2019.03.18-13.40.06
[2019.03.18-12.40.06:126][195]LogWorld: Bringing up level for play took: 0.001380
[2019.03.18-12.40.06:140][195]PIE: Play in editor start time for /Game/StarterContent/Maps/UEDPIE_0_Minimal_Default 0.629
[2019.03.18-12.40.06:141][195]LogBlueprintUserMessages: Late PlayInEditor Detection: Level '/Game/StarterContent/Maps/Minimal_Default.Minimal_Default:PersistentLevel' has LevelScriptBlueprint '/Game/StarterContent/Maps/Minimal_Default.Minimal_Default:PersistentLevel.Minimal_Default' with GeneratedClass '/Game/StarterContent/Maps/Minimal_Default.Minimal_Default_C' with ClassGeneratedBy '/Game/StarterContent/Maps/Minimal_Default.Minimal_Default:PersistentLevel.Minimal_Default'
[2019.03.18-12.48.46:731][299]LogBlueprintUserMessages: Early EndPlayMap Detection: Level '/Game/StarterContent/Maps/Minimal_Default.Minimal_Default:PersistentLevel' has LevelScriptBlueprint '/Game/StarterContent/Maps/Minimal_Default.Minimal_Default:PersistentLevel.Minimal_Default' with GeneratedClass '/Game/StarterContent/Maps/Minimal_Default.Minimal_Default_C' with ClassGeneratedBy '/Game/StarterContent/Maps/Minimal_Default.Minimal_Default:PersistentLevel.Minimal_Default'
[2019.03.18-12.48.46:732][299]LogSlate: Updating window title bar state: overlay mode, drag disabled, window buttons hidden, title bar hidden
[2019.03.18-12.48.46:795][299]LogPlayLevel: Display: Shutting down PIE online subsystems
[2019.03.18-12.48.46:797][299]LogBlueprintUserMessages: Late EndPlayMap Detection: Level '/Game/StarterContent/Maps/Minimal_Default.Minimal_Default:PersistentLevel' has LevelScriptBlueprint '/Game/StarterContent/Maps/Minimal_Default.Minimal_Default:PersistentLevel.Minimal_Default' with GeneratedClass '/Game/StarterContent/Maps/Minimal_Default.Minimal_Default_C' with ClassGeneratedBy '/Game/StarterContent/Maps/Minimal_Default.Minimal_Default:PersistentLevel.Minimal_Default'
[2019.03.18-12.48.46:860][299]LogSlate: Updating window title bar state: overlay mode, drag disabled, window buttons hidden, title bar hidden
[2019.03.18-12.48.46:911][300]LogPlayLevel: Display: Destroying online subsystem :Context_7
