Log file open, 03/18/19 13:55:06
LogWindows: Failed to load 'aqProf.dll' (GetLastError=126)
LogWindows: File 'aqProf.dll' does not exist
LogWindows: Failed to load 'VtuneApi.dll' (GetLastError=126)
LogWindows: File 'VtuneApi.dll' does not exist
LogWindows: Failed to load 'VtuneApi32e.dll' (GetLastError=126)
LogWindows: File 'VtuneApi32e.dll' does not exist
LogConsoleResponse: Display: Failed to find resolution value strings in scalability ini. Falling back to default.
LogInit: Display: Running engine for game: Shoot
LogPakFile: Registered encryption key '00000000000000000000000000000000': 0 pak files mounted, 0 remain pending
LogPlatformFile: Not using cached read wrapper
LogTaskGraph: Started task graph with 5 named threads and 23 total threads with 3 sets of task threads.
LogStats: Stats thread started at 0.583540
LogD3D11RHI: Loaded GFSDK_Aftermath_Lib.x64.dll
LogICUInternationalization: ICU TimeZone Detection - Raw Offset: +1:00, Platform Override: ''
LogPluginManager: Mounting plugin Paper2D
LogPluginManager: Mounting plugin AISupport
LogPluginManager: Mounting plugin LightPropagationVolume
LogPluginManager: Mounting plugin ActorLayerUtilities
LogPluginManager: Mounting plugin CLionSourceCodeAccess
LogPluginManager: Mounting plugin CodeLiteSourceCodeAccess
LogPluginManager: Mounting plugin GitSourceControl
LogPluginManager: Mounting plugin KDevelopSourceCodeAccess
LogPluginManager: Mounting plugin NullSourceCodeAccess
LogPluginManager: Mounting plugin PerforceSourceControl
LogPluginManager: Mounting plugin SubversionSourceControl
LogPluginManager: Mounting plugin UObjectPlugin
LogPluginManager: Mounting plugin VisualStudioCodeSourceCodeAccess
LogPluginManager: Mounting plugin VisualStudioSourceCodeAccess
LogPluginManager: Mounting plugin XCodeSourceCodeAccess
LogPluginManager: Mounting plugin AssetManagerEditor
LogPluginManager: Mounting plugin CryptoKeys
LogPluginManager: Mounting plugin DataValidation
LogPluginManager: Mounting plugin FacialAnimation
LogPluginManager: Mounting plugin GameplayTagsEditor
LogPluginManager: Mounting plugin MacGraphicsSwitching
LogPluginManager: Mounting plugin MeshEditor
LogPluginManager: Mounting plugin MobileLauncherProfileWizard
LogPluginManager: Mounting plugin PluginBrowser
LogPluginManager: Mounting plugin SpeedTreeImporter
LogPluginManager: Mounting plugin DatasmithContent
LogPluginManager: Mounting plugin VariantManagerContent
LogPluginManager: Mounting plugin AlembicImporter
LogPluginManager: Mounting plugin AppleImageUtils
LogPluginManager: Mounting plugin AppleVision
LogPluginManager: Mounting plugin BackChannel
LogPluginManager: Mounting plugin CharacterAI
LogPluginManager: Mounting plugin GeometryCache
LogPluginManager: Mounting plugin HTML5Networking
LogPluginManager: Mounting plugin ProxyLODPlugin
LogPluginManager: Mounting plugin MagicLeap
LogPluginManager: Mounting plugin MagicLeapMedia
LogPluginManager: Mounting plugin AndroidMedia
LogPluginManager: Mounting plugin AvfMedia
LogPluginManager: Mounting plugin ImgMedia
LogPluginManager: Mounting plugin LinearTimecode
LogPluginManager: Mounting plugin MediaCompositing
LogPluginManager: Mounting plugin MediaPlayerEditor
LogPluginManager: Mounting plugin WebMMedia
LogPluginManager: Mounting plugin WmfMedia
LogPluginManager: Mounting plugin TcpMessaging
LogPluginManager: Mounting plugin UdpMessaging
LogPluginManager: Mounting plugin ActorSequence
LogPluginManager: Mounting plugin LevelSequenceEditor
LogPluginManager: Mounting plugin MatineeToLevelSequence
LogPluginManager: Mounting plugin NetcodeUnitTest
LogPluginManager: Mounting plugin NUTUnrealEngine4
LogPluginManager: Mounting plugin OnlineSubsystemGooglePlay
LogPluginManager: Mounting plugin OnlineSubsystemIOS
LogPluginManager: Mounting plugin OnlineSubsystem
LogPluginManager: Mounting plugin OnlineSubsystemNull
LogPluginManager: Mounting plugin OnlineSubsystemUtils
LogPluginManager: Mounting plugin LauncherChunkInstaller
LogPluginManager: Mounting plugin AndroidDeviceProfileSelector
LogPluginManager: Mounting plugin AndroidMoviePlayer
LogPluginManager: Mounting plugin AndroidPermission
LogPluginManager: Mounting plugin AppleMoviePlayer
LogPluginManager: Mounting plugin ArchVisCharacter
LogPluginManager: Mounting plugin AudioCapture
LogPluginManager: Mounting plugin CableComponent
LogPluginManager: Mounting plugin CustomMeshComponent
LogPluginManager: Mounting plugin EditableMesh
LogPluginManager: Mounting plugin ExampleDeviceProfileSelector
LogPluginManager: Mounting plugin Firebase
LogPluginManager: Mounting plugin GoogleCloudMessaging
LogPluginManager: Mounting plugin IOSDeviceProfileSelector
LogPluginManager: Mounting plugin LinuxDeviceProfileSelector
LogPluginManager: Mounting plugin LocationServicesBPLibrary
LogPluginManager: Mounting plugin MobilePatchingUtils
LogPluginManager: Mounting plugin OculusVR
LogPluginManager: Mounting plugin PhysXVehicles
LogPluginManager: Mounting plugin ProceduralMeshComponent
LogPluginManager: Mounting plugin RuntimePhysXCooking
LogPluginManager: Mounting plugin SteamVR
LogPluginManager: Mounting plugin WebMMoviePlayer
LogPluginManager: Mounting plugin WindowsMoviePlayer
LogStreaming: Display: Took  1.208s to configure plugins.
LogInit: Using libcurl 7.55.1-DEV
LogInit:  - built for x86_64-pc-win32
LogInit:  - supports SSL with OpenSSL/1.0.2h
LogInit:  - supports HTTP deflate (compression) using libz 1.2.8
LogInit:  - other features:
LogInit:      CURL_VERSION_SSL
LogInit:      CURL_VERSION_LIBZ
LogInit:      CURL_VERSION_IPV6
LogInit:      CURL_VERSION_ASYNCHDNS
LogInit:      CURL_VERSION_LARGEFILE
LogInit:      CURL_VERSION_IDN
LogInit:  CurlRequestOptions (configurable via config and command line):
LogInit:  - bVerifyPeer = true  - Libcurl will verify peer certificate
LogInit:  - bUseHttpProxy = false  - Libcurl will NOT use HTTP proxy
LogInit:  - bDontReuseConnections = false  - Libcurl will reuse connections
LogInit:  - MaxHostConnections = 16  - Libcurl will limit the number of connections to a host
LogInit:  - LocalHostAddr = Default
LogInit:  - BufferSize = 65536
LogInit: WinSock: version 1.1 (2.2), MaxSocks=32767, MaxUdp=65467
LogInit: Build: ++UE4+Release-4.21-CL-4753647
LogInit: Engine Version: 4.21.2-4753647+++UE4+Release-4.21
LogInit: Compatible Engine Version: 4.21.0-4541578+++UE4+Release-4.21
LogInit: Net CL: 4541578
LogInit: OS: Windows 10 (), CPU: Intel(R) Core(TM) i7-4980HQ CPU @ 2.80GHz, GPU: Intel(R) Iris(TM) Pro Graphics 5200
LogInit: Compiled (64-bit): Jan 19 2019 02:07:31
LogInit: Compiled with Visual C++: 19.13.26129.00
LogInit: Build Configuration: Development
LogInit: Branch Name: ++UE4+Release-4.21
LogInit: Command Line:  -skipcompile
LogInit: Base Directory: D:/Program Files/Epic Games/UE_4.21/Engine/Binaries/Win64/
LogInit: Installed Engine Build: 1
LogDevObjectVersion: Number of dev versions registered: 22
LogDevObjectVersion:   Dev-Blueprints (B0D832E4-1F89-4F0D-ACCF-7EB736FD4AA2): 10
LogDevObjectVersion:   Dev-Build (E1C64328-A22C-4D53-A36C-8E866417BD8C): 0
LogDevObjectVersion:   Dev-Core (375EC13C-06E4-48FB-B500-84F0262A717E): 2
LogDevObjectVersion:   Dev-Editor (E4B068ED-F494-42E9-A231-DA0B2E46BB41): 26
LogDevObjectVersion:   Dev-Framework (CFFC743F-43B0-4480-9391-14DF171D2073): 34
LogDevObjectVersion:   Dev-Mobile (B02B49B5-BB20-44E9-A304-32B752E40360): 2
LogDevObjectVersion:   Dev-Networking (A4E4105C-59A1-49B5-A7C5-40C4547EDFEE): 0
LogDevObjectVersion:   Dev-Online (39C831C9-5AE6-47DC-9A44-9C173E1C8E7C): 0
LogDevObjectVersion:   Dev-Physics (78F01B33-EBEA-4F98-B9B4-84EACCB95AA2): 0
LogDevObjectVersion:   Dev-Platform (6631380F-2D4D-43E0-8009-CF276956A95A): 0
LogDevObjectVersion:   Dev-Rendering (12F88B9F-8875-4AFC-A67C-D90C383ABD29): 27
LogDevObjectVersion:   Dev-Sequencer (7B5AE74C-D270-4C10-A958-57980B212A5A): 9
LogDevObjectVersion:   Dev-VR (D7296918-1DD6-4BDD-9DE2-64A83CC13884): 2
LogDevObjectVersion:   Dev-LoadTimes (C2A15278-BFE7-4AFE-6C17-90FF531DF755): 1
LogDevObjectVersion:   Private-Geometry (6EACA3D4-40EC-4CC1-B786-8BED09428FC5): 3
LogDevObjectVersion:   Dev-AnimPhys (29E575DD-E0A3-4627-9D10-D276232CDCEA): 17
LogDevObjectVersion:   Dev-Anim (AF43A65D-7FD3-4947-9873-3E8ED9C1BB05): 2
LogDevObjectVersion:   Dev-ReflectionCapture (6B266CEC-1EC7-4B8F-A30B-E4D90942FC07): 1
LogDevObjectVersion:   Dev-Automation (0DF73D61-A23F-47EA-B727-89E90C41499A): 1
LogDevObjectVersion:   FortniteMain (601D1886-AC64-4F84-AA16-D3DE0DEAC7D6): 17
LogDevObjectVersion:   Dev-Enterprise (9DFFBCD6-494F-0158-E221-12823C92A888): 4
LogDevObjectVersion:   Dev-Niagara (F2AED0AC-9AFE-416F-8664-AA7FFA26D6FC): 1
LogStreaming: Display: Took  0.002s to delete old logs.
LogInit: Presizing for max 8388607 objects, including 0 objects not considered by GC, pre-allocating 0 bytes for permanent pool.
LogInit: Object subsystem initialized
LogConfig: Setting CVar [[con.DebugEarlyDefault:1]]
LogConfig: Setting CVar [[r.setres:1280x720]]
[2019.03.18-12.55.09:843][  0]LogConfig: Setting CVar [[r.VSync:0]]
[2019.03.18-12.55.09:843][  0]LogConfig: Setting CVar [[r.RHICmdBypass:0]]
[2019.03.18-12.55.09:843][  0]LogConfig: Applying CVar settings from Section [/Script/Engine.RendererSettings] File [D:/Program Files/Epic Games/Projects/Shoot/Saved/Config/Windows/Engine.ini]
[2019.03.18-12.55.09:843][  0]LogConfig: Setting CVar [[r.GPUCrashDebugging:0]]
[2019.03.18-12.55.09:843][  0]LogConfig: Applying CVar settings from Section [/Script/Engine.RendererOverrideSettings] File [D:/Program Files/Epic Games/Projects/Shoot/Saved/Config/Windows/Engine.ini]
[2019.03.18-12.55.09:843][  0]LogConfig: Applying CVar settings from Section [/Script/Engine.StreamingSettings] File [D:/Program Files/Epic Games/Projects/Shoot/Saved/Config/Windows/Engine.ini]
[2019.03.18-12.55.09:843][  0]LogConfig: Setting CVar [[s.MinBulkDataSizeForAsyncLoading:131072]]
[2019.03.18-12.55.09:843][  0]LogConfig: Setting CVar [[s.AsyncLoadingThreadEnabled:0]]
[2019.03.18-12.55.09:843][  0]LogConfig: Setting CVar [[s.EventDrivenLoaderEnabled:1]]
[2019.03.18-12.55.09:843][  0]LogConfig: Setting CVar [[s.WarnIfTimeLimitExceeded:0]]
[2019.03.18-12.55.09:843][  0]LogConfig: Setting CVar [[s.TimeLimitExceededMultiplier:1.5]]
[2019.03.18-12.55.09:843][  0]LogConfig: Setting CVar [[s.TimeLimitExceededMinTime:0.005]]
[2019.03.18-12.55.09:843][  0]LogConfig: Setting CVar [[s.UseBackgroundLevelStreaming:1]]
[2019.03.18-12.55.09:843][  0]LogConfig: Setting CVar [[s.PriorityAsyncLoadingExtraTime:15.0]]
[2019.03.18-12.55.09:843][  0]LogConfig: Setting CVar [[s.LevelStreamingActorsUpdateTimeLimit:5.0]]
[2019.03.18-12.55.09:843][  0]LogConfig: Setting CVar [[s.PriorityLevelStreamingActorsUpdateExtraTime:5.0]]
[2019.03.18-12.55.09:843][  0]LogConfig: Setting CVar [[s.LevelStreamingComponentsRegistrationGranularity:10]]
[2019.03.18-12.55.09:843][  0]LogConfig: Setting CVar [[s.UnregisterComponentsTimeLimit:1.0]]
[2019.03.18-12.55.09:844][  0]LogConfig: Setting CVar [[s.LevelStreamingComponentsUnregistrationGranularity:5]]
[2019.03.18-12.55.09:844][  0]LogConfig: Applying CVar settings from Section [/Script/Engine.GarbageCollectionSettings] File [D:/Program Files/Epic Games/Projects/Shoot/Saved/Config/Windows/Engine.ini]
[2019.03.18-12.55.09:844][  0]LogConfig: Setting CVar [[gc.MaxObjectsNotConsideredByGC:1]]
[2019.03.18-12.55.09:844][  0]LogConfig: Setting CVar [[gc.SizeOfPermanentObjectPool:0]]
[2019.03.18-12.55.09:844][  0]LogConfig: Setting CVar [[gc.FlushStreamingOnGC:0]]
[2019.03.18-12.55.09:844][  0]LogConfig: Setting CVar [[gc.NumRetriesBeforeForcingGC:10]]
[2019.03.18-12.55.09:844][  0]LogConfig: Setting CVar [[gc.AllowParallelGC:1]]
[2019.03.18-12.55.09:844][  0]LogConfig: Setting CVar [[gc.TimeBetweenPurgingPendingKillObjects:61.1]]
[2019.03.18-12.55.09:844][  0]LogConfig: Setting CVar [[gc.MaxObjectsInEditor:8388607]]
[2019.03.18-12.55.09:844][  0]LogConfig: Setting CVar [[gc.IncrementalBeginDestroyEnabled:1]]
[2019.03.18-12.55.09:844][  0]LogConfig: Setting CVar [[gc.CreateGCClusters:1]]
[2019.03.18-12.55.09:844][  0]LogConfig: Setting CVar [[gc.MergeGCClusters:0]]
[2019.03.18-12.55.09:844][  0]LogConfig: Setting CVar [[gc.MinGCClusterSize:5]]
[2019.03.18-12.55.09:844][  0]LogConfig: Setting CVar [[gc.ActorClusteringEnabled:0]]
[2019.03.18-12.55.09:844][  0]LogConfig: Setting CVar [[gc.BlueprintClusteringEnabled:0]]
[2019.03.18-12.55.09:844][  0]LogConfig: Setting CVar [[gc.UseDisregardForGCOnDedicatedServers:0]]
[2019.03.18-12.55.09:844][  0]LogConfig: Applying CVar settings from Section [/Script/Engine.NetworkSettings] File [D:/Program Files/Epic Games/Projects/Shoot/Saved/Config/Windows/Engine.ini]
[2019.03.18-12.55.09:845][  0]LogConfig: Applying CVar settings from Section [/Script/UnrealEd.CookerSettings] File [D:/Program Files/Epic Games/Projects/Shoot/Saved/Config/Windows/Engine.ini]
[2019.03.18-12.55.09:850][  0]LogConfig: Applying CVar settings from Section [ViewDistanceQuality@3] File [D:/Program Files/Epic Games/Projects/Shoot/Saved/Config/Windows/Scalability.ini]
[2019.03.18-12.55.09:850][  0]LogConfig: Setting CVar [[r.SkeletalMeshLODBias:0]]
[2019.03.18-12.55.09:850][  0]LogConfig: Setting CVar [[r.ViewDistanceScale:1.0]]
[2019.03.18-12.55.09:850][  0]LogConfig: Applying CVar settings from Section [AntiAliasingQuality@3] File [D:/Program Files/Epic Games/Projects/Shoot/Saved/Config/Windows/Scalability.ini]
[2019.03.18-12.55.09:850][  0]LogConfig: Setting CVar [[r.PostProcessAAQuality:4]]
[2019.03.18-12.55.09:850][  0]LogConfig: Applying CVar settings from Section [ShadowQuality@3] File [D:/Program Files/Epic Games/Projects/Shoot/Saved/Config/Windows/Scalability.ini]
[2019.03.18-12.55.09:850][  0]LogConfig: Setting CVar [[r.LightFunctionQuality:1]]
[2019.03.18-12.55.09:850][  0]LogConfig: Setting CVar [[r.ShadowQuality:5]]
[2019.03.18-12.55.09:850][  0]LogConfig: Setting CVar [[r.Shadow.CSM.MaxCascades:10]]
[2019.03.18-12.55.09:850][  0]LogConfig: Setting CVar [[r.Shadow.MaxResolution:2048]]
[2019.03.18-12.55.09:850][  0]LogConfig: Setting CVar [[r.Shadow.MaxCSMResolution:2048]]
[2019.03.18-12.55.09:850][  0]LogConfig: Setting CVar [[r.Shadow.RadiusThreshold:0.01]]
[2019.03.18-12.55.09:850][  0]LogConfig: Setting CVar [[r.Shadow.DistanceScale:1.0]]
[2019.03.18-12.55.09:851][  0]LogConfig: Setting CVar [[r.Shadow.CSM.TransitionScale:1.0]]
[2019.03.18-12.55.09:851][  0]LogConfig: Setting CVar [[r.Shadow.PreShadowResolutionFactor:1.0]]
[2019.03.18-12.55.09:851][  0]LogConfig: Setting CVar [[r.DistanceFieldShadowing:1]]
[2019.03.18-12.55.09:851][  0]LogConfig: Setting CVar [[r.DistanceFieldAO:1]]
[2019.03.18-12.55.09:851][  0]LogConfig: Setting CVar [[r.AOQuality:2]]
[2019.03.18-12.55.09:851][  0]LogConfig: Setting CVar [[r.VolumetricFog:1]]
[2019.03.18-12.55.09:851][  0]LogConfig: Setting CVar [[r.VolumetricFog.GridPixelSize:8]]
[2019.03.18-12.55.09:851][  0]LogConfig: Setting CVar [[r.VolumetricFog.GridSizeZ:128]]
[2019.03.18-12.55.09:851][  0]LogConfig: Setting CVar [[r.VolumetricFog.HistoryMissSupersampleCount:4]]
[2019.03.18-12.55.09:851][  0]LogConfig: Setting CVar [[r.LightMaxDrawDistanceScale:1]]
[2019.03.18-12.55.09:851][  0]LogConfig: Setting CVar [[r.CapsuleShadows:1]]
[2019.03.18-12.55.09:851][  0]LogConfig: Applying CVar settings from Section [PostProcessQuality@3] File [D:/Program Files/Epic Games/Projects/Shoot/Saved/Config/Windows/Scalability.ini]
[2019.03.18-12.55.09:851][  0]LogConfig: Setting CVar [[r.MotionBlurQuality:4]]
[2019.03.18-12.55.09:851][  0]LogConfig: Setting CVar [[r.AmbientOcclusionMipLevelFactor:0.4]]
[2019.03.18-12.55.09:851][  0]LogConfig: Setting CVar [[r.AmbientOcclusionMaxQuality:100]]
[2019.03.18-12.55.09:851][  0]LogConfig: Setting CVar [[r.AmbientOcclusionLevels:-1]]
[2019.03.18-12.55.09:851][  0]LogConfig: Setting CVar [[r.AmbientOcclusionRadiusScale:1.0]]
[2019.03.18-12.55.09:851][  0]LogConfig: Setting CVar [[r.DepthOfFieldQuality:2]]
[2019.03.18-12.55.09:851][  0]LogConfig: Setting CVar [[r.RenderTargetPoolMin:400]]
[2019.03.18-12.55.09:851][  0]LogConfig: Setting CVar [[r.LensFlareQuality:2]]
[2019.03.18-12.55.09:852][  0]LogConfig: Setting CVar [[r.SceneColorFringeQuality:1]]
[2019.03.18-12.55.09:852][  0]LogConfig: Setting CVar [[r.EyeAdaptationQuality:2]]
[2019.03.18-12.55.09:852][  0]LogConfig: Setting CVar [[r.BloomQuality:5]]
[2019.03.18-12.55.09:852][  0]LogConfig: Setting CVar [[r.FastBlurThreshold:100]]
[2019.03.18-12.55.09:852][  0]LogConfig: Setting CVar [[r.Upscale.Quality:3]]
[2019.03.18-12.55.09:852][  0]LogConfig: Setting CVar [[r.Tonemapper.GrainQuantization:1]]
[2019.03.18-12.55.09:852][  0]LogConfig: Setting CVar [[r.LightShaftQuality:1]]
[2019.03.18-12.55.09:852][  0]LogConfig: Setting CVar [[r.Filter.SizeScale:1]]
[2019.03.18-12.55.09:852][  0]LogConfig: Setting CVar [[r.Tonemapper.Quality:5]]
[2019.03.18-12.55.09:852][  0]LogConfig: Setting CVar [[r.DOF.Gather.AccumulatorQuality:1        ; higher gathering accumulator quality]]
[2019.03.18-12.55.09:852][  0]LogConfig: Setting CVar [[r.DOF.Gather.PostfilterMethod:1          ; Median3x3 postfilering method]]
[2019.03.18-12.55.09:852][  0]LogConfig: Setting CVar [[r.DOF.Gather.EnableBokehSettings:0       ; no bokeh simulation when gathering]]
[2019.03.18-12.55.09:852][  0]LogConfig: Setting CVar [[r.DOF.Gather.RingCount:4                 ; medium number of samples when gathering]]
[2019.03.18-12.55.09:852][  0]LogConfig: Setting CVar [[r.DOF.Scatter.ForegroundCompositing:1    ; additive foreground scattering]]
[2019.03.18-12.55.09:852][  0]LogConfig: Setting CVar [[r.DOF.Scatter.BackgroundCompositing:2    ; additive background scattering]]
[2019.03.18-12.55.09:852][  0]LogConfig: Setting CVar [[r.DOF.Scatter.EnableBokehSettings:1      ; bokeh simulation when scattering]]
[2019.03.18-12.55.09:852][  0]LogConfig: Setting CVar [[r.DOF.Scatter.MaxSpriteRatio:0.1         ; only a maximum of 10% of scattered bokeh]]
[2019.03.18-12.55.09:852][  0]LogConfig: Setting CVar [[r.DOF.Recombine.Quality:1                ; cheap slight out of focus]]
[2019.03.18-12.55.09:852][  0]LogConfig: Setting CVar [[r.DOF.Recombine.EnableBokehSettings:0    ; no bokeh simulation on slight out of focus]]
[2019.03.18-12.55.09:853][  0]LogConfig: Setting CVar [[r.DOF.TemporalAAQuality:1                ; more stable temporal accumulation]]
[2019.03.18-12.55.09:853][  0]LogConfig: Setting CVar [[r.DOF.Kernel.MaxForegroundRadius:0.025]]
[2019.03.18-12.55.09:853][  0]LogConfig: Setting CVar [[r.DOF.Kernel.MaxBackgroundRadius:0.025]]
[2019.03.18-12.55.09:853][  0]LogConfig: Applying CVar settings from Section [TextureQuality@3] File [D:/Program Files/Epic Games/Projects/Shoot/Saved/Config/Windows/Scalability.ini]
[2019.03.18-12.55.09:853][  0]LogConfig: Setting CVar [[r.Streaming.MipBias:0]]
[2019.03.18-12.55.09:853][  0]LogConfig: Setting CVar [[r.Streaming.AmortizeCPUToGPUCopy:0]]
[2019.03.18-12.55.09:853][  0]LogConfig: Setting CVar [[r.Streaming.MaxNumTexturesToStreamPerFrame:0]]
[2019.03.18-12.55.09:853][  0]LogConfig: Setting CVar [[r.Streaming.Boost:1]]
[2019.03.18-12.55.09:853][  0]LogConfig: Setting CVar [[r.MaxAnisotropy:8]]
[2019.03.18-12.55.09:853][  0]LogConfig: Setting CVar [[r.Streaming.LimitPoolSizeToVRAM:0]]
[2019.03.18-12.55.09:853][  0]LogConfig: Setting CVar [[r.Streaming.PoolSize:1000]]
[2019.03.18-12.55.09:853][  0]LogConfig: Setting CVar [[r.Streaming.MaxEffectiveScreenSize:0]]
[2019.03.18-12.55.09:853][  0]LogConfig: Applying CVar settings from Section [EffectsQuality@3] File [D:/Program Files/Epic Games/Projects/Shoot/Saved/Config/Windows/Scalability.ini]
[2019.03.18-12.55.09:853][  0]LogConfig: Setting CVar [[r.TranslucencyLightingVolumeDim:64]]
[2019.03.18-12.55.09:853][  0]LogConfig: Setting CVar [[r.RefractionQuality:2]]
[2019.03.18-12.55.09:853][  0]LogConfig: Setting CVar [[r.SSR.Quality:3]]
[2019.03.18-12.55.09:853][  0]LogConfig: Setting CVar [[r.SceneColorFormat:4]]
[2019.03.18-12.55.09:853][  0]LogConfig: Setting CVar [[r.DetailMode:2]]
[2019.03.18-12.55.09:853][  0]LogConfig: Setting CVar [[r.TranslucencyVolumeBlur:1]]
[2019.03.18-12.55.09:853][  0]LogConfig: Setting CVar [[r.MaterialQualityLevel:1 ; High quality]]
[2019.03.18-12.55.09:854][  0]LogConfig: Setting CVar [[r.SSS.Scale:1]]
[2019.03.18-12.55.09:854][  0]LogConfig: Setting CVar [[r.SSS.SampleSet:2]]
[2019.03.18-12.55.09:854][  0]LogConfig: Setting CVar [[r.SSS.Quality:1]]
[2019.03.18-12.55.09:854][  0]LogConfig: Setting CVar [[r.SSS.HalfRes:1]]
[2019.03.18-12.55.09:854][  0]LogConfig: Setting CVar [[r.EmitterSpawnRateScale:1.0]]
[2019.03.18-12.55.09:854][  0]LogConfig: Setting CVar [[r.ParticleLightQuality:2]]
[2019.03.18-12.55.09:854][  0]LogConfig: Applying CVar settings from Section [FoliageQuality@3] File [D:/Program Files/Epic Games/Projects/Shoot/Saved/Config/Windows/Scalability.ini]
[2019.03.18-12.55.09:854][  0]LogConfig: Setting CVar [[foliage.DensityScale:1.0]]
[2019.03.18-12.55.09:854][  0]LogConfig: Setting CVar [[grass.DensityScale:1.0]]
[2019.03.18-12.55.09:854][  0]LogInit: Selected Device Profile: [Windows]
[2019.03.18-12.55.09:854][  0]LogInit: Applying CVar settings loaded from the selected device profile: [Windows]
[2019.03.18-12.55.09:910][  0]LogHAL: Display: Platform has ~ 8 GB [8469803008 / 8589934592 / 8], which maps to Default [LargestMinGB=32, LargerMinGB=12, DefaultMinGB=8, SmallerMinGB=6, SmallestMinGB=0)
[2019.03.18-12.55.09:910][  0]LogConfig: Setting CVar [[r.Vulkan.UseRealUBs:1]]
[2019.03.18-12.55.09:910][  0]LogInit: Going up to parent DeviceProfile []
[2019.03.18-12.55.09:910][  0]LogConfig: Applying CVar settings from Section [ViewDistanceQuality@3] File [D:/Program Files/Epic Games/Projects/Shoot/Saved/Config/Windows/Scalability.ini]
[2019.03.18-12.55.09:910][  0]LogConfig: Setting CVar [[r.SkeletalMeshLODBias:0]]
[2019.03.18-12.55.09:910][  0]LogConfig: Setting CVar [[r.ViewDistanceScale:1.0]]
[2019.03.18-12.55.09:910][  0]LogConfig: Applying CVar settings from Section [AntiAliasingQuality@3] File [D:/Program Files/Epic Games/Projects/Shoot/Saved/Config/Windows/Scalability.ini]
[2019.03.18-12.55.09:910][  0]LogConfig: Setting CVar [[r.PostProcessAAQuality:4]]
[2019.03.18-12.55.09:910][  0]LogConfig: Applying CVar settings from Section [ShadowQuality@3] File [D:/Program Files/Epic Games/Projects/Shoot/Saved/Config/Windows/Scalability.ini]
[2019.03.18-12.55.09:910][  0]LogConfig: Setting CVar [[r.LightFunctionQuality:1]]
[2019.03.18-12.55.09:910][  0]LogConfig: Setting CVar [[r.ShadowQuality:5]]
[2019.03.18-12.55.09:910][  0]LogConfig: Setting CVar [[r.Shadow.CSM.MaxCascades:10]]
[2019.03.18-12.55.09:911][  0]LogConfig: Setting CVar [[r.Shadow.MaxResolution:2048]]
[2019.03.18-12.55.09:911][  0]LogConfig: Setting CVar [[r.Shadow.MaxCSMResolution:2048]]
[2019.03.18-12.55.09:911][  0]LogConfig: Setting CVar [[r.Shadow.RadiusThreshold:0.01]]
[2019.03.18-12.55.09:911][  0]LogConfig: Setting CVar [[r.Shadow.DistanceScale:1.0]]
[2019.03.18-12.55.09:911][  0]LogConfig: Setting CVar [[r.Shadow.CSM.TransitionScale:1.0]]
[2019.03.18-12.55.09:911][  0]LogConfig: Setting CVar [[r.Shadow.PreShadowResolutionFactor:1.0]]
[2019.03.18-12.55.09:911][  0]LogConfig: Setting CVar [[r.DistanceFieldShadowing:1]]
[2019.03.18-12.55.09:911][  0]LogConfig: Setting CVar [[r.DistanceFieldAO:1]]
[2019.03.18-12.55.09:911][  0]LogConfig: Setting CVar [[r.AOQuality:2]]
[2019.03.18-12.55.09:911][  0]LogConfig: Setting CVar [[r.VolumetricFog:1]]
[2019.03.18-12.55.09:911][  0]LogConfig: Setting CVar [[r.VolumetricFog.GridPixelSize:8]]
[2019.03.18-12.55.09:911][  0]LogConfig: Setting CVar [[r.VolumetricFog.GridSizeZ:128]]
[2019.03.18-12.55.09:911][  0]LogConfig: Setting CVar [[r.VolumetricFog.HistoryMissSupersampleCount:4]]
[2019.03.18-12.55.09:911][  0]LogConfig: Setting CVar [[r.LightMaxDrawDistanceScale:1]]
[2019.03.18-12.55.09:911][  0]LogConfig: Setting CVar [[r.CapsuleShadows:1]]
[2019.03.18-12.55.09:911][  0]LogConfig: Applying CVar settings from Section [PostProcessQuality@3] File [D:/Program Files/Epic Games/Projects/Shoot/Saved/Config/Windows/Scalability.ini]
[2019.03.18-12.55.09:911][  0]LogConfig: Setting CVar [[r.MotionBlurQuality:4]]
[2019.03.18-12.55.09:911][  0]LogConfig: Setting CVar [[r.AmbientOcclusionMipLevelFactor:0.4]]
[2019.03.18-12.55.09:912][  0]LogConfig: Setting CVar [[r.AmbientOcclusionMaxQuality:100]]
[2019.03.18-12.55.09:912][  0]LogConfig: Setting CVar [[r.AmbientOcclusionLevels:-1]]
[2019.03.18-12.55.09:912][  0]LogConfig: Setting CVar [[r.AmbientOcclusionRadiusScale:1.0]]
[2019.03.18-12.55.09:912][  0]LogConfig: Setting CVar [[r.DepthOfFieldQuality:2]]
[2019.03.18-12.55.09:912][  0]LogConfig: Setting CVar [[r.RenderTargetPoolMin:400]]
[2019.03.18-12.55.09:912][  0]LogConfig: Setting CVar [[r.LensFlareQuality:2]]
[2019.03.18-12.55.09:912][  0]LogConfig: Setting CVar [[r.SceneColorFringeQuality:1]]
[2019.03.18-12.55.09:912][  0]LogConfig: Setting CVar [[r.EyeAdaptationQuality:2]]
[2019.03.18-12.55.09:912][  0]LogConfig: Setting CVar [[r.BloomQuality:5]]
[2019.03.18-12.55.09:912][  0]LogConfig: Setting CVar [[r.FastBlurThreshold:100]]
[2019.03.18-12.55.09:912][  0]LogConfig: Setting CVar [[r.Upscale.Quality:3]]
[2019.03.18-12.55.09:912][  0]LogConfig: Setting CVar [[r.Tonemapper.GrainQuantization:1]]
[2019.03.18-12.55.09:912][  0]LogConfig: Setting CVar [[r.LightShaftQuality:1]]
[2019.03.18-12.55.09:912][  0]LogConfig: Setting CVar [[r.Filter.SizeScale:1]]
[2019.03.18-12.55.09:912][  0]LogConfig: Setting CVar [[r.Tonemapper.Quality:5]]
[2019.03.18-12.55.09:912][  0]LogConfig: Setting CVar [[r.DOF.Gather.AccumulatorQuality:1        ; higher gathering accumulator quality]]
[2019.03.18-12.55.09:912][  0]LogConfig: Setting CVar [[r.DOF.Gather.PostfilterMethod:1          ; Median3x3 postfilering method]]
[2019.03.18-12.55.09:912][  0]LogConfig: Setting CVar [[r.DOF.Gather.EnableBokehSettings:0       ; no bokeh simulation when gathering]]
[2019.03.18-12.55.09:912][  0]LogConfig: Setting CVar [[r.DOF.Gather.RingCount:4                 ; medium number of samples when gathering]]
[2019.03.18-12.55.09:913][  0]LogConfig: Setting CVar [[r.DOF.Scatter.ForegroundCompositing:1    ; additive foreground scattering]]
[2019.03.18-12.55.09:913][  0]LogConfig: Setting CVar [[r.DOF.Scatter.BackgroundCompositing:2    ; additive background scattering]]
[2019.03.18-12.55.09:913][  0]LogConfig: Setting CVar [[r.DOF.Scatter.EnableBokehSettings:1      ; bokeh simulation when scattering]]
[2019.03.18-12.55.09:913][  0]LogConfig: Setting CVar [[r.DOF.Scatter.MaxSpriteRatio:0.1         ; only a maximum of 10% of scattered bokeh]]
[2019.03.18-12.55.09:913][  0]LogConfig: Setting CVar [[r.DOF.Recombine.Quality:1                ; cheap slight out of focus]]
[2019.03.18-12.55.09:913][  0]LogConfig: Setting CVar [[r.DOF.Recombine.EnableBokehSettings:0    ; no bokeh simulation on slight out of focus]]
[2019.03.18-12.55.09:913][  0]LogConfig: Setting CVar [[r.DOF.TemporalAAQuality:1                ; more stable temporal accumulation]]
[2019.03.18-12.55.09:913][  0]LogConfig: Setting CVar [[r.DOF.Kernel.MaxForegroundRadius:0.025]]
[2019.03.18-12.55.09:913][  0]LogConfig: Setting CVar [[r.DOF.Kernel.MaxBackgroundRadius:0.025]]
[2019.03.18-12.55.09:913][  0]LogConfig: Applying CVar settings from Section [TextureQuality@3] File [D:/Program Files/Epic Games/Projects/Shoot/Saved/Config/Windows/Scalability.ini]
[2019.03.18-12.55.09:913][  0]LogConfig: Setting CVar [[r.Streaming.MipBias:0]]
[2019.03.18-12.55.09:913][  0]LogConfig: Setting CVar [[r.Streaming.AmortizeCPUToGPUCopy:0]]
[2019.03.18-12.55.09:913][  0]LogConfig: Setting CVar [[r.Streaming.MaxNumTexturesToStreamPerFrame:0]]
[2019.03.18-12.55.09:913][  0]LogConfig: Setting CVar [[r.Streaming.Boost:1]]
[2019.03.18-12.55.09:913][  0]LogConfig: Setting CVar [[r.MaxAnisotropy:8]]
[2019.03.18-12.55.09:913][  0]LogConfig: Setting CVar [[r.Streaming.LimitPoolSizeToVRAM:0]]
[2019.03.18-12.55.09:913][  0]LogConfig: Setting CVar [[r.Streaming.PoolSize:1000]]
[2019.03.18-12.55.09:913][  0]LogConfig: Setting CVar [[r.Streaming.MaxEffectiveScreenSize:0]]
[2019.03.18-12.55.09:913][  0]LogConfig: Applying CVar settings from Section [EffectsQuality@3] File [D:/Program Files/Epic Games/Projects/Shoot/Saved/Config/Windows/Scalability.ini]
[2019.03.18-12.55.09:914][  0]LogConfig: Setting CVar [[r.TranslucencyLightingVolumeDim:64]]
[2019.03.18-12.55.09:914][  0]LogConfig: Setting CVar [[r.RefractionQuality:2]]
[2019.03.18-12.55.09:914][  0]LogConfig: Setting CVar [[r.SSR.Quality:3]]
[2019.03.18-12.55.09:914][  0]LogConfig: Setting CVar [[r.SceneColorFormat:4]]
[2019.03.18-12.55.09:914][  0]LogConfig: Setting CVar [[r.DetailMode:2]]
[2019.03.18-12.55.09:914][  0]LogConfig: Setting CVar [[r.TranslucencyVolumeBlur:1]]
[2019.03.18-12.55.09:914][  0]LogConfig: Setting CVar [[r.MaterialQualityLevel:1 ; High quality]]
[2019.03.18-12.55.09:914][  0]LogConfig: Setting CVar [[r.SSS.Scale:1]]
[2019.03.18-12.55.09:914][  0]LogConfig: Setting CVar [[r.SSS.SampleSet:2]]
[2019.03.18-12.55.09:914][  0]LogConfig: Setting CVar [[r.SSS.Quality:1]]
[2019.03.18-12.55.09:914][  0]LogConfig: Setting CVar [[r.SSS.HalfRes:1]]
[2019.03.18-12.55.09:914][  0]LogConfig: Setting CVar [[r.EmitterSpawnRateScale:1.0]]
[2019.03.18-12.55.09:914][  0]LogConfig: Setting CVar [[r.ParticleLightQuality:2]]
[2019.03.18-12.55.09:914][  0]LogConfig: Applying CVar settings from Section [FoliageQuality@3] File [D:/Program Files/Epic Games/Projects/Shoot/Saved/Config/Windows/Scalability.ini]
[2019.03.18-12.55.09:914][  0]LogConfig: Setting CVar [[foliage.DensityScale:1.0]]
[2019.03.18-12.55.09:914][  0]LogConfig: Setting CVar [[grass.DensityScale:1.0]]
[2019.03.18-12.55.09:914][  0]LogConfig: Applying CVar settings from Section [Startup] File [../../../Engine/Config/ConsoleVariables.ini]
[2019.03.18-12.55.09:931][  0]LogConfig: Setting CVar [[net.UseAdaptiveNetUpdateFrequency:0]]
[2019.03.18-12.55.09:932][  0]LogConfig: Applying CVar settings from Section [ConsoleVariables] File [D:/Program Files/Epic Games/Projects/Shoot/Saved/Config/Windows/Engine.ini]
[2019.03.18-12.55.09:932][  0]LogInit: Computer: PETER
[2019.03.18-12.55.09:932][  0]LogInit: User: Peter
[2019.03.18-12.55.09:932][  0]LogInit: CPU Page size=4096, Cores=4
[2019.03.18-12.55.09:932][  0]LogInit: High frequency timer resolution =2.732793 MHz
[2019.03.18-12.55.09:932][  0]LogMemory: Memory total: Physical=7.9GB (8GB approx)
[2019.03.18-12.55.09:932][  0]LogMemory: Platform Memory Stats for Windows
[2019.03.18-12.55.09:932][  0]LogMemory: Process Physical Memory: 102.20 MB used, 102.20 MB peak
[2019.03.18-12.55.09:932][  0]LogMemory: Process Virtual Memory: 91.38 MB used, 91.38 MB peak
[2019.03.18-12.55.09:933][  0]LogMemory: Physical Memory: 4236.55 MB used,  3840.88 MB free, 8077.43 MB total
[2019.03.18-12.55.09:933][  0]LogMemory: Virtual Memory: 4652.74 MB used,  134213072.00 MB free, 134217728.00 MB total
[2019.03.18-12.55.11:884][  0]LogInit: Using OS detected language (en-US).
[2019.03.18-12.55.11:884][  0]LogInit: Using OS detected locale (en-US).
[2019.03.18-12.55.11:931][  0]LogTextLocalizationManager: No specific localization for 'en-US' exists, so the 'en' localization will be used.
[2019.03.18-12.55.13:503][  0]LogStreaming: Display: Took  1.618s to InitEngineTextLocalization.
[2019.03.18-12.55.13:503][  0]LogInit: Setting process to per monitor DPI aware
[2019.03.18-12.55.13:866][  0]LogSlate: New Slate User Created.  User Index 0, Is Virtual User: 0
[2019.03.18-12.55.13:866][  0]LogSlate: Slate User Registered.  User Index 0, Is Virtual User: 0
[2019.03.18-12.55.17:273][  0]LogHMD: Failed to initialize OpenVR with code 110
[2019.03.18-12.55.17:273][  0]LogD3D11RHI: D3D11 adapters:
[2019.03.18-12.55.17:363][  0]LogD3D11RHI:    0. 'NVIDIA GeForce GTX 980M' (Feature Level 11_0)
[2019.03.18-12.55.17:363][  0]LogD3D11RHI:       4055/0/4038 MB DedicatedVideo/DedicatedSystem/SharedSystem, Outputs:1, VendorId:0x10de
[2019.03.18-12.55.17:376][  0]LogD3D11RHI:    1. 'Intel(R) Iris(TM) Pro Graphics 5200' (Feature Level 11_0)
[2019.03.18-12.55.17:376][  0]LogD3D11RHI:       112/0/2048 MB DedicatedVideo/DedicatedSystem/SharedSystem, Outputs:0, VendorId:0x8086
[2019.03.18-12.55.17:382][  0]LogD3D11RHI:    2. 'Microsoft Basic Render Driver' (Feature Level 11_0)
[2019.03.18-12.55.17:382][  0]LogD3D11RHI:       0/0/4038 MB DedicatedVideo/DedicatedSystem/SharedSystem, Outputs:0, VendorId:0x1414
[2019.03.18-12.55.17:382][  0]LogD3D11RHI: Chosen D3D11 Adapter: 0
[2019.03.18-12.55.17:417][  0]LogD3D11RHI: Creating new Direct3DDevice
[2019.03.18-12.55.17:417][  0]LogD3D11RHI:     GPU DeviceId: 0x13d7 (for the marketing name, search the web for "GPU Device Id")
[2019.03.18-12.55.17:417][  0]LogWindows: EnumDisplayDevices:
[2019.03.18-12.55.17:417][  0]LogWindows:    0. 'Intel(R) Iris(TM) Pro Graphics 5200' (P:1 D:1)
[2019.03.18-12.55.17:418][  0]LogWindows:    1. 'Intel(R) Iris(TM) Pro Graphics 5200' (P:0 D:0)
[2019.03.18-12.55.17:418][  0]LogWindows:    2. 'Intel(R) Iris(TM) Pro Graphics 5200' (P:0 D:0)
[2019.03.18-12.55.17:418][  0]LogWindows: DebugString: PrimaryIsNotTheChoosenAdapter PrimaryIsNotTheChoosenAdapter PrimaryIsNotTheChoosenAdapter FoundDriverCount:0 
[2019.03.18-12.55.17:418][  0]LogD3D11RHI:     Adapter Name: NVIDIA GeForce GTX 980M
[2019.03.18-12.55.17:418][  0]LogD3D11RHI:   Driver Version: Unknown (internal:Unknown, unified:Unknown)
[2019.03.18-12.55.17:418][  0]LogD3D11RHI:      Driver Date: Unknown
[2019.03.18-12.55.17:419][  0]LogRHI: Texture pool is 2839 MB (70% of 4055 MB)
[2019.03.18-12.55.17:469][  0]LogD3D11RHI: Async texture creation enabled
[2019.03.18-12.55.17:483][  0]LogD3D11RHI: GPU Timing Frequency: 1000.000000 (Debug: 2 1)
[2019.03.18-12.55.17:878][  0]LogTemp: Display: Loaded TP AllDesktopTargetPlatform
[2019.03.18-12.55.17:922][  0]LogTemp: Display: Loaded TP MacClientTargetPlatform
[2019.03.18-12.55.17:946][  0]LogTemp: Display: Loaded TP MacNoEditorTargetPlatform
[2019.03.18-12.55.17:972][  0]LogTemp: Display: Loaded TP MacServerTargetPlatform
[2019.03.18-12.55.18:018][  0]LogTemp: Display: Loaded TP MacTargetPlatform
[2019.03.18-12.55.18:061][  0]LogTemp: Display: Loaded TP WindowsClientTargetPlatform
[2019.03.18-12.55.18:106][  0]LogTemp: Display: Loaded TP WindowsNoEditorTargetPlatform
[2019.03.18-12.55.18:133][  0]LogTemp: Display: Loaded TP WindowsServerTargetPlatform
[2019.03.18-12.55.18:153][  0]LogTemp: Display: Loaded TP WindowsTargetPlatform
[2019.03.18-12.55.18:310][  0]LogTemp: Display: Loaded TP AndroidTargetPlatform
[2019.03.18-12.55.18:310][  0]LogTemp: Display: Loaded TP AndroidTargetPlatform
[2019.03.18-12.55.18:310][  0]LogTemp: Display: Loaded TP AndroidTargetPlatform
[2019.03.18-12.55.18:310][  0]LogTemp: Display: Loaded TP AndroidTargetPlatform
[2019.03.18-12.55.18:310][  0]LogTemp: Display: Loaded TP AndroidTargetPlatform
[2019.03.18-12.55.18:310][  0]LogTemp: Display: Loaded TP AndroidTargetPlatform
[2019.03.18-12.55.18:310][  0]LogTemp: Display: Loaded TP AndroidTargetPlatform
[2019.03.18-12.55.18:310][  0]LogTemp: Display: Loaded TP AndroidTargetPlatform
[2019.03.18-12.55.18:310][  0]LogTemp: Display: Loaded TP AndroidTargetPlatform
[2019.03.18-12.55.18:310][  0]LogTemp: Display: Loaded TP AndroidTargetPlatform
[2019.03.18-12.55.18:310][  0]LogTemp: Display: Loaded TP AndroidTargetPlatform
[2019.03.18-12.55.18:310][  0]LogTemp: Display: Loaded TP AndroidTargetPlatform
[2019.03.18-12.55.18:310][  0]LogTemp: Display: Loaded TP AndroidTargetPlatform
[2019.03.18-12.55.18:310][  0]LogTemp: Display: Loaded TP AndroidTargetPlatform
[2019.03.18-12.55.18:311][  0]LogTemp: Display: Loaded TP AndroidTargetPlatform
[2019.03.18-12.55.18:311][  0]LogTemp: Display: Loaded TP AndroidTargetPlatform
[2019.03.18-12.55.18:311][  0]LogTemp: Display: Loaded TP AndroidTargetPlatform
[2019.03.18-12.55.18:311][  0]LogTemp: Display: Loaded TP AndroidTargetPlatform
[2019.03.18-12.55.18:346][  0]LogTemp: Display: Loaded TP HTML5TargetPlatform
[2019.03.18-12.55.18:509][  0]LogTemp: Display: Loaded TP IOSTargetPlatform
[2019.03.18-12.55.18:509][  0]LogTemp: Display: Loaded TP IOSTargetPlatform
[2019.03.18-12.55.18:540][  0]LogTemp: Display: Loaded TP TVOSTargetPlatform
[2019.03.18-12.55.18:540][  0]LogTemp: Display: Loaded TP TVOSTargetPlatform
[2019.03.18-12.55.18:612][  0]LogTemp: Display: Loaded TP LinuxClientTargetPlatform
[2019.03.18-12.55.18:645][  0]LogTemp: Display: Loaded TP LinuxNoEditorTargetPlatform
[2019.03.18-12.55.18:668][  0]LogTemp: Display: Loaded TP LinuxServerTargetPlatform
[2019.03.18-12.55.18:740][  0]LogTemp: Display: Loaded TP LinuxTargetPlatform
[2019.03.18-12.55.18:823][  0]LogTemp: Display: Loaded TP LuminTargetPlatform
[2019.03.18-12.55.18:823][  0]LogTemp: Display: Loaded TP LuminTargetPlatform
[2019.03.18-12.55.18:823][  0]LogTargetPlatformManager: Display: Building Assets For Windows
[2019.03.18-12.55.20:320][  0]LogShaderCompilers: Guid format shader working directory is 20 characters bigger than the processId version (../../../../Projects/Shoot/Intermediate/Shaders/WorkingDirectory/7556/).
[2019.03.18-12.55.20:321][  0]LogShaderCompilers: Cleaned the shader compiler working directory 'C:/Users/Peter/AppData/Local/Temp/UnrealShaderWorkingDir/7AF786C94B797543FAB1BDBBCDE49B9C/'.
[2019.03.18-12.55.20:339][  0]LogXGEController: Cleaning working directory: C:/Users/Peter/AppData/Local/Temp/UnrealXGEWorkingDir/
[2019.03.18-12.55.20:340][  0]LogXGEController: Cannot use XGE Controller as Incredibuild is not installed on this machine.
[2019.03.18-12.55.20:340][  0]LogShaderCompilers: Cannot use XGE Shader Compiler as Incredibuild is not installed on this machine.
[2019.03.18-12.55.20:340][  0]LogShaderCompilers: Display: Using Local Shader Compiler.
[2019.03.18-12.55.24:222][  0]LogDerivedDataCache: Display: Max Cache Size: 512 MB
[2019.03.18-12.55.24:616][  0]LogDerivedDataCache: Loaded boot cache 0.39s 72MB C:/Users/Peter/AppData/Local/UnrealEngine/4.21/DerivedDataCache/Boot.ddc.
[2019.03.18-12.55.24:616][  0]LogDerivedDataCache: Display: Loaded Boot cache: C:/Users/Peter/AppData/Local/UnrealEngine/4.21/DerivedDataCache/Boot.ddc
[2019.03.18-12.55.24:616][  0]LogDerivedDataCache: FDerivedDataBackendGraph:  Pak pak cache file ../../../../Projects/Shoot/DerivedDataCache/DDC.ddp not found, will not use a pak cache.
[2019.03.18-12.55.24:616][  0]LogDerivedDataCache: Unable to find inner node Pak for hierarchical cache Hierarchy.
[2019.03.18-12.55.24:616][  0]LogDerivedDataCache: FDerivedDataBackendGraph:  CompressedPak pak cache file ../../../../Projects/Shoot/DerivedDataCache/Compressed.ddp not found, will not use a pak cache.
[2019.03.18-12.55.24:617][  0]LogDerivedDataCache: Unable to find inner node CompressedPak for hierarchical cache Hierarchy.
[2019.03.18-12.55.24:670][  0]LogDerivedDataCache: Display: Pak cache opened for reading ../../../Engine/DerivedDataCache/Compressed.ddp.
[2019.03.18-12.55.24:671][  0]LogDerivedDataCache: FDerivedDataBackendGraph:  EnterprisePak pak cache file ../../../Enterprise/DerivedDataCache/Compressed.ddp not found, will not use a pak cache.
[2019.03.18-12.55.24:671][  0]LogDerivedDataCache: Unable to find inner node EnterprisePak for hierarchical cache Hierarchy.
[2019.03.18-12.55.24:685][  0]LogDerivedDataCache: Using Local data cache path C:/Users/Peter/AppData/Local/UnrealEngine/Common/DerivedDataCache: Writable
[2019.03.18-12.55.24:685][  0]LogDerivedDataCache: Shared data cache path not found in *engine.ini, will not use an Shared cache.
[2019.03.18-12.55.24:685][  0]LogDerivedDataCache: Unable to find inner node Shared for hierarchical cache Hierarchy.
[2019.03.18-12.55.24:708][  0]LogMaterial: Verifying Global Shaders for PCD3D_SM5
[2019.03.18-12.55.24:710][  0]LogSlate: Using FreeType 2.6.0
[2019.03.18-12.55.24:726][  0]LogSlate: SlateFontServices - WITH_FREETYPE: 1, WITH_HARFBUZZ: 1
[2019.03.18-12.55.25:199][  0]LogAssetRegistry: FAssetRegistry took 0.0356 seconds to start up
[2019.03.18-12.55.25:591][  0]LogInit: Selected Device Profile: [Windows]
[2019.03.18-12.55.26:514][  0]LogSimplygon: Simplygon DLL not present - disabling.
[2019.03.18-12.55.26:722][  0]LogMeshReduction: Using SimplygonSwarm for distributed automatic mesh merging
[2019.03.18-12.55.26:722][  0]LogMeshReduction: Using ProxyLODMeshReduction for automatic mesh merging
[2019.03.18-12.55.26:722][  0]LogMeshReduction: Using QuadricMeshReduction for automatic static mesh reduction
[2019.03.18-12.55.26:722][  0]LogMeshReduction: No automatic skeletal mesh reduction module available
[2019.03.18-12.55.26:838][  0]LogNetVersion: Shoot 1.0.0, NetCL: 4541578, EngineNetVer: 5, GameNetVer: 0 (Checksum: 2524423328)
[2019.03.18-12.55.27:948][  0]LogPackageLocalizationCache: Processed 11 localized package path(s) for 2 prioritized culture(s) in 0.180587 seconds
[2019.03.18-12.55.27:953][  0]LogUObjectArray: 39775 objects as part of root set at end of initial load.
[2019.03.18-12.55.27:953][  0]LogUObjectAllocator: 6914664 out of 0 bytes used by permanent object pool.
[2019.03.18-12.55.27:953][  0]LogUObjectArray: CloseDisregardForGC: 0/0 objects in disregard for GC pool
[2019.03.18-12.55.39:438][  0]LogTcpMessaging: Initializing TcpMessaging bridge
[2019.03.18-12.55.39:508][  0]LogUdpMessaging: Initializing bridge on interface 0.0.0.0:0 to multicast group 230.0.0.1:6666.
[2019.03.18-12.55.41:353][  0]SourceControl: Source control is disabled
[2019.03.18-12.55.41:353][  0]SourceControl: Source control is disabled
[2019.03.18-12.55.41:484][  0]SourceControl: Source control is disabled
[2019.03.18-12.55.41:523][  0]SourceControl: Source control is disabled
[2019.03.18-12.55.43:238][  0]LogAndroidPermission: UAndroidPermissionCallbackProxy::GetInstance
[2019.03.18-12.55.43:486][  0]LogOcInput: OculusInput pre-init called
[2019.03.18-12.55.43:897][  0]LogEngine: Initializing Engine...
[2019.03.18-12.55.43:898][  0]LogHMD: Failed to initialize OpenVR with code 110
[2019.03.18-12.55.43:899][  0]LogStats: UGameplayTagsManager::ConstructGameplayTagTree: ImportINI prefixes -  0.000 s
[2019.03.18-12.55.43:899][  0]LogStats: UGameplayTagsManager::ConstructGameplayTagTree: Construct from data asset -  0.000 s
[2019.03.18-12.55.43:899][  0]LogStats: UGameplayTagsManager::ConstructGameplayTagTree: ImportINI -  0.000 s
[2019.03.18-12.55.43:899][  0]LogStats: UGameplayTagsManager::ConstructGameplayTagTree: GameplayTagTreeChangedEvent.Broadcast -  0.000 s
[2019.03.18-12.55.44:301][  0]LogInit: Initializing FReadOnlyCVARCache
[2019.03.18-12.55.44:423][  0]LogAIModule: Creating AISystem for world Untitled
[2019.03.18-12.55.44:436][  0]LogInit: XAudio2 using 'Speakers (Sound Blaster Recon3Di)' : 2 channels at 48 kHz using 32 bits per sample (channel mask 0x3)
[2019.03.18-12.55.44:561][  0]LogInit: FAudioDevice initialized.
[2019.03.18-12.55.44:562][  0]LogNetVersion: Set ProjectVersion to 1.0.0.0. Version Checksum will be recalculated on next use.
[2019.03.18-12.55.44:751][  0]LogDerivedDataCache: Saved boot cache 0.19s 72MB C:/Users/Peter/AppData/Local/UnrealEngine/4.21/DerivedDataCache/Boot.ddc.
[2019.03.18-12.55.44:762][  0]LogInit: Texture streaming: Enabled
[2019.03.18-12.55.44:923][  0]LogEngineSessionManager: EngineSessionManager initialized
[2019.03.18-12.55.44:952][  0]LogEngineSessionManager: EngineSessionManager sent abnormal shutdown report. Type=Debugger, SessionId={AC60EECA-4850-5F5C-0D21-B0B675B5B672}
[2019.03.18-12.55.45:046][  0]LogInit: Transaction tracking system initialized
[2019.03.18-12.55.45:301][  0]BlueprintLog: New page: Editor Load
[2019.03.18-12.55.46:209][  0]LocalizationService: Localization service is disabled
[2019.03.18-12.55.47:568][  0]LogFileCache: Scanning file cache for directory 'D:/Program Files/Epic Games/Projects/Shoot/Content/' took 0.02s
[2019.03.18-12.55.47:568][  0]LogCook: Display: Max memory allowance for cook 16384mb min free memory 0mb
[2019.03.18-12.55.47:568][  0]LogCook: Display: Mobile HDR setting 1
[2019.03.18-12.55.47:568][  0]LogGameplayTags: Display: UGameplayTagsManager::DoneAddingNativeTags. DelegateIsBound: 0
[2019.03.18-12.55.47:569][  0]LogStats: UGameplayTagsManager::ConstructGameplayTagTree: ImportINI prefixes -  0.000 s
[2019.03.18-12.55.47:569][  0]LogStats: UGameplayTagsManager::ConstructGameplayTagTree: Construct from data asset -  0.000 s
[2019.03.18-12.55.47:569][  0]LogStats: UGameplayTagsManager::ConstructGameplayTagTree: ImportINI -  0.000 s
[2019.03.18-12.55.47:569][  0]LogStats: UGameplayTagsManager::ConstructGameplayTagTree: GameplayTagTreeChangedEvent.Broadcast -  0.000 s
[2019.03.18-12.55.48:909][  0]SourceControl: Source control is disabled
[2019.03.18-12.55.48:909][  0]Cmd: MAP LOAD FILE="../../../../Projects/Shoot/Content/StarterContent/Maps/Minimal_Default.umap" TEMPLATE=0 SHOWPROGRESS=1 FEATURELEVEL=3
[2019.03.18-12.55.48:914][  0]LightingResults: New page: Lighting Build
[2019.03.18-12.55.48:935][  0]MapCheck: New page: Map Check
[2019.03.18-12.55.48:935][  0]LightingResults: New page: Lighting Build
[2019.03.18-12.55.49:532][  0]LogAIModule: Creating AISystem for world Minimal_Default
[2019.03.18-12.55.49:545][  0]LogEditorServer: Finished looking for orphan Actors (0.000 secs)
[2019.03.18-12.55.49:565][  0]Cmd: MAP CHECKDEP NOCLEARLOG
[2019.03.18-12.55.49:565][  0]MapCheck: Map check complete: 0 Error(s), 0 Warning(s), took 0.108ms to complete.
[2019.03.18-12.55.49:565][  0]LogFileHelpers: Loading map 'Minimal_Default' took 0.656
[2019.03.18-12.55.49:767][  0]LogSlate: Updating window title bar state: overlay mode, drag disabled, window buttons hidden, title bar hidden
[2019.03.18-12.55.49:775][  0]LogSlate: Updating window title bar state: overlay mode, drag disabled, window buttons hidden, title bar hidden
[2019.03.18-12.55.49:782][  0]LogSlate: Updating window title bar state: overlay mode, drag disabled, window buttons hidden, title bar hidden
[2019.03.18-12.55.49:789][  0]LogSlate: Updating window title bar state: overlay mode, drag disabled, window buttons hidden, title bar hidden
[2019.03.18-12.55.49:844][  0]LogCollectionManager: Loaded 0 collections in 0.002358 seconds
[2019.03.18-12.55.49:875][  0]LogFileCache: Scanning file cache for directory 'D:/Program Files/Epic Games/Projects/Shoot/Saved/Collections/' took 0.01s
[2019.03.18-12.55.49:875][  0]LogFileCache: Scanning file cache for directory 'D:/Program Files/Epic Games/Projects/Shoot/Content/Developers/Peter/Collections/' took 0.00s
[2019.03.18-12.55.49:875][  0]LogFileCache: Scanning file cache for directory 'D:/Program Files/Epic Games/Projects/Shoot/Content/Collections/' took 0.00s
[2019.03.18-12.55.49:875][  0]LogCollectionManager: Rebuilt the GUID cache for 0 collections in 0.000001 seconds
[2019.03.18-12.55.49:884][  0]LogContentBrowser: Native class hierarchy populated in 0.0089 seconds. Added 2656 classes and 622 folders.
[2019.03.18-12.55.49:912][  0]LogContentBrowser: Native class hierarchy updated for 'WidgetCarousel' in 0.0004 seconds. Added 0 classes and 0 folders.
[2019.03.18-12.55.49:930][  0]LogPakFile: Registered encryption key '00000000000000000000000000000000': 0 pak files mounted, 0 remain pending
[2019.03.18-12.55.49:947][  0]LogPakFile: Registered encryption key '00000000000000000000000000000000': 0 pak files mounted, 0 remain pending
[2019.03.18-12.55.49:975][  0]LogPakFile: Registered encryption key '00000000000000000000000000000000': 0 pak files mounted, 0 remain pending
[2019.03.18-12.55.49:996][  0]LogPakFile: Registered encryption key '00000000000000000000000000000000': 0 pak files mounted, 0 remain pending
[2019.03.18-12.55.50:005][  0]LogPakFile: Registered encryption key '00000000000000000000000000000000': 0 pak files mounted, 0 remain pending
[2019.03.18-12.55.50:027][  0]LogPakFile: Registered encryption key '00000000000000000000000000000000': 0 pak files mounted, 0 remain pending
[2019.03.18-12.55.50:049][  0]LogPakFile: Registered encryption key '00000000000000000000000000000000': 0 pak files mounted, 0 remain pending
[2019.03.18-12.55.50:065][  0]LogPakFile: Registered encryption key '00000000000000000000000000000000': 0 pak files mounted, 0 remain pending
[2019.03.18-12.55.50:076][  0]LogPakFile: Registered encryption key '00000000000000000000000000000000': 0 pak files mounted, 0 remain pending
[2019.03.18-12.55.50:092][  0]LogPakFile: Registered encryption key '00000000000000000000000000000000': 0 pak files mounted, 0 remain pending
[2019.03.18-12.55.50:097][  0]LogPakFile: Registered encryption key '00000000000000000000000000000000': 0 pak files mounted, 0 remain pending
[2019.03.18-12.55.50:117][  0]LogPakFile: Registered encryption key '00000000000000000000000000000000': 0 pak files mounted, 0 remain pending
[2019.03.18-12.55.50:129][  0]LogPakFile: Registered encryption key '00000000000000000000000000000000': 0 pak files mounted, 0 remain pending
[2019.03.18-12.55.50:138][  0]LogPakFile: Registered encryption key '00000000000000000000000000000000': 0 pak files mounted, 0 remain pending
[2019.03.18-12.55.50:150][  0]LogPakFile: Registered encryption key '00000000000000000000000000000000': 0 pak files mounted, 0 remain pending
[2019.03.18-12.55.50:163][  0]LogPakFile: Registered encryption key '00000000000000000000000000000000': 0 pak files mounted, 0 remain pending
[2019.03.18-12.55.50:209][  0]LogPakFile: Registered encryption key '00000000000000000000000000000000': 0 pak files mounted, 0 remain pending
[2019.03.18-12.55.50:226][  0]LogPakFile: Registered encryption key '00000000000000000000000000000000': 0 pak files mounted, 0 remain pending
[2019.03.18-12.55.50:241][  0]LogPakFile: Registered encryption key '00000000000000000000000000000000': 0 pak files mounted, 0 remain pending
[2019.03.18-12.55.50:255][  0]LogPakFile: Registered encryption key '00000000000000000000000000000000': 0 pak files mounted, 0 remain pending
[2019.03.18-12.55.50:306][  0]LogPakFile: Registered encryption key '00000000000000000000000000000000': 0 pak files mounted, 0 remain pending
[2019.03.18-12.55.50:325][  0]LogPakFile: Registered encryption key '00000000000000000000000000000000': 0 pak files mounted, 0 remain pending
[2019.03.18-12.55.50:344][  0]LogPakFile: Registered encryption key '00000000000000000000000000000000': 0 pak files mounted, 0 remain pending
[2019.03.18-12.55.50:363][  0]LogPakFile: Registered encryption key '00000000000000000000000000000000': 0 pak files mounted, 0 remain pending
[2019.03.18-12.55.50:378][  0]LogPakFile: Registered encryption key '00000000000000000000000000000000': 0 pak files mounted, 0 remain pending
[2019.03.18-12.55.50:391][  0]LogPakFile: Registered encryption key '00000000000000000000000000000000': 0 pak files mounted, 0 remain pending
[2019.03.18-12.55.51:109][  0]LogContentBrowser: Native class hierarchy updated for 'AddContentDialog' in 0.0004 seconds. Added 0 classes and 0 folders.
[2019.03.18-12.55.51:150][  0]LogContentBrowser: Native class hierarchy updated for 'SceneOutliner' in 0.0003 seconds. Added 1 classes and 2 folders.
[2019.03.18-12.55.51:197][  0]LogSlate: Took 0.018619 seconds to synchronously load lazily loaded font '../../../Engine/Content/Slate/Fonts/Roboto-Regular.ttf' (155K)
[2019.03.18-12.55.51:205][  0]LogSlate: Took 0.006651 seconds to synchronously load lazily loaded font '../../../Engine/Content/Slate/Fonts/Roboto-Bold.ttf' (160K)
[2019.03.18-12.55.51:233][  0]LogSlate: Took 0.023168 seconds to synchronously load lazily loaded font '../../../Engine/Content/Editor/Slate/Fonts/FontAwesome.ttf' (139K)
[2019.03.18-12.55.51:409][  0]LogRenderer: Reallocating scene render targets to support 1208x576 Format 10 NumSamples 1 (Frame:1).
[2019.03.18-12.55.51:462][  0]LogSlate: Took 0.000170 seconds to synchronously load lazily loaded font '../../../Engine/Content/Slate/Fonts/Roboto-Light.ttf' (167K)
[2019.03.18-12.55.51:669][  0]LogContentBrowser: Native class hierarchy updated for 'HierarchicalLODOutliner' in 0.0004 seconds. Added 0 classes and 0 folders.
[2019.03.18-12.55.51:670][  0]LogLoad: (Engine Initialization) Total time: 75.96 seconds
[2019.03.18-12.55.51:670][  0]LogLoad: (Engine Initialization) Total Blueprint compile time: 0.00 seconds
[2019.03.18-12.55.51:698][  0]LogWindowsTextInputMethodSystem: Display: IME system now deactivated.
[2019.03.18-12.55.51:703][  0]LogActor: Warning: test /Engine/Transient.World_0:PersistentLevel.test_0 has natively added scene component(s), but none of them were set as the actor's RootComponent - picking one arbitrarily
[2019.03.18-12.55.51:774][  0]LogContentStreaming: Texture pool size now 1000 MB
[2019.03.18-12.55.51:822][  1]LogAssetRegistry: Asset discovery search completed in 26.6479 seconds
[2019.03.18-12.55.51:823][  1]LogCollectionManager: Rebuilt the object cache for 0 collections in 0.000000 seconds (found 0 objects)
[2019.03.18-12.55.51:823][  1]LogCollectionManager: Fixed up redirectors for 0 collections in 0.000115 seconds (updated 0 objects)
[2019.03.18-12.57.55:582][503]LogSlate: FSceneViewport::OnFocusLost() reason 0
[2019.03.18-12.57.55:699][510]LogTemp: Repeating last play command: Selected Viewport
[2019.03.18-12.57.55:720][510]LogBlueprintUserMessages: Early PlayInEditor Detection: Level '/Game/StarterContent/Maps/Minimal_Default.Minimal_Default:PersistentLevel' has LevelScriptBlueprint '/Game/StarterContent/Maps/Minimal_Default.Minimal_Default:PersistentLevel.Minimal_Default' with GeneratedClass '/Game/StarterContent/Maps/Minimal_Default.Minimal_Default_C' with ClassGeneratedBy '/Game/StarterContent/Maps/Minimal_Default.Minimal_Default:PersistentLevel.Minimal_Default'
[2019.03.18-12.57.55:721][510]LogPlayLevel: PlayLevel: No blueprints needed recompiling
[2019.03.18-12.57.55:721][510]PIE: New page: PIE session: Minimal_Default (Mar 18, 2019, 2:57:55 PM)
[2019.03.18-12.57.55:737][510]LogPlayLevel: Creating play world package: /Game/StarterContent/Maps/UEDPIE_0_Minimal_Default
[2019.03.18-12.57.55:743][510]LogPlayLevel: PIE: StaticDuplicateObject took: (0.006122s)
[2019.03.18-12.57.55:744][510]LogAIModule: Creating AISystem for world Minimal_Default
[2019.03.18-12.57.55:745][510]LogPlayLevel: PIE: World Init took: (0.001130s)
[2019.03.18-12.57.55:745][510]LogPlayLevel: PIE: Created PIE world by copying editor world from /Game/StarterContent/Maps/Minimal_Default.Minimal_Default to /Game/StarterContent/Maps/UEDPIE_0_Minimal_Default.Minimal_Default (0.007969s)
[2019.03.18-12.57.55:786][510]LogInit: XAudio2 using 'Speakers (Sound Blaster Recon3Di)' : 2 channels at 48 kHz using 32 bits per sample (channel mask 0x3)
[2019.03.18-12.57.55:803][510]LogInit: FAudioDevice initialized.
[2019.03.18-12.57.55:856][510]LogUObjectGlobals: Warning: Failed to find object 'Class /Script/Shoot.ShootGameMode'
[2019.03.18-12.57.55:856][510]LogLoad: Game class is 'GameModeBase'
[2019.03.18-12.57.55:860][510]LogWorld: Bringing World /Game/StarterContent/Maps/UEDPIE_0_Minimal_Default.Minimal_Default up for play (max tick rate 60) at 2019.03.18-13.57.55
[2019.03.18-12.57.55:860][510]LogWorld: Bringing up level for play took: 0.001683
[2019.03.18-12.57.55:904][510]LogContentBrowser: Native class hierarchy updated for 'MovieSceneCapture' in 0.0007 seconds. Added 20 classes and 0 folders.
[2019.03.18-12.57.55:905][510]PIE: Play in editor start time for /Game/StarterContent/Maps/UEDPIE_0_Minimal_Default 0.393
[2019.03.18-12.57.55:906][510]LogBlueprintUserMessages: Late PlayInEditor Detection: Level '/Game/StarterContent/Maps/Minimal_Default.Minimal_Default:PersistentLevel' has LevelScriptBlueprint '/Game/StarterContent/Maps/Minimal_Default.Minimal_Default:PersistentLevel.Minimal_Default' with GeneratedClass '/Game/StarterContent/Maps/Minimal_Default.Minimal_Default_C' with ClassGeneratedBy '/Game/StarterContent/Maps/Minimal_Default.Minimal_Default:PersistentLevel.Minimal_Default'
[2019.03.18-12.58.15:038][655]LogBlueprintUserMessages: Early EndPlayMap Detection: Level '/Game/StarterContent/Maps/Minimal_Default.Minimal_Default:PersistentLevel' has LevelScriptBlueprint '/Game/StarterContent/Maps/Minimal_Default.Minimal_Default:PersistentLevel.Minimal_Default' with GeneratedClass '/Game/StarterContent/Maps/Minimal_Default.Minimal_Default_C' with ClassGeneratedBy '/Game/StarterContent/Maps/Minimal_Default.Minimal_Default:PersistentLevel.Minimal_Default'
[2019.03.18-12.58.15:038][655]LogSlate: Updating window title bar state: overlay mode, drag disabled, window buttons hidden, title bar hidden
[2019.03.18-12.58.15:084][655]LogPlayLevel: Display: Shutting down PIE online subsystems
[2019.03.18-12.58.15:085][655]LogBlueprintUserMessages: Late EndPlayMap Detection: Level '/Game/StarterContent/Maps/Minimal_Default.Minimal_Default:PersistentLevel' has LevelScriptBlueprint '/Game/StarterContent/Maps/Minimal_Default.Minimal_Default:PersistentLevel.Minimal_Default' with GeneratedClass '/Game/StarterContent/Maps/Minimal_Default.Minimal_Default_C' with ClassGeneratedBy '/Game/StarterContent/Maps/Minimal_Default.Minimal_Default:PersistentLevel.Minimal_Default'
[2019.03.18-12.58.15:128][655]LogSlate: Updating window title bar state: overlay mode, drag disabled, window buttons hidden, title bar hidden
[2019.03.18-12.58.15:162][656]LogPlayLevel: Display: Destroying online subsystem :Context_3
[2019.03.18-12.58.18:055][819]LogSlate: FSceneViewport::OnFocusLost() reason 0
[2019.03.18-12.59.33:821][352]LogSlate: Took 0.000161 seconds to synchronously load lazily loaded font '../../../Engine/Content/Slate/Fonts/Roboto-Light.ttf' (167K)
[2019.03.18-12.59.33:828][352]LogAssetEditorManager: Opening Asset editor for StaticMesh /Game/StarterContent/Models/Bow/Bow_pCube1.Bow_pCube1
[2019.03.18-12.59.34:291][352]LogSlate: Took 0.000200 seconds to synchronously load lazily loaded font '../../../Engine/Content/Slate/Fonts/Roboto-Italic.ttf' (157K)
[2019.03.18-12.59.41:785][781]Cmd: OBJ SAVEPACKAGE PACKAGE="/Game/StarterContent/Models/Bow/Bow_pCube1" FILE="../../../../Projects/Shoot/Content/StarterContent/Models/Bow/Bow_pCube1.uasset" SILENT=true
[2019.03.18-12.59.41:836][781]LogSavePackage: Moving '../../../../Projects/Shoot/Saved/Bow_pCube10B185E8844A7933677BD76BB4E8E8F92.tmp' to '../../../../Projects/Shoot/Content/StarterContent/Models/Bow/Bow_pCube1.uasset'
[2019.03.18-12.59.43:108][857]LogSlate: Window 'Bow_pCube1' being destroyed
[2019.03.18-12.59.43:112][857]LogSlate: Window 'Bow_pCube1' being destroyed
[2019.03.18-12.59.44:240][920]LogTemp: Repeating last play command: Selected Viewport
[2019.03.18-12.59.44:252][920]LogBlueprintUserMessages: Early PlayInEditor Detection: Level '/Game/StarterContent/Maps/Minimal_Default.Minimal_Default:PersistentLevel' has LevelScriptBlueprint '/Game/StarterContent/Maps/Minimal_Default.Minimal_Default:PersistentLevel.Minimal_Default' with GeneratedClass '/Game/StarterContent/Maps/Minimal_Default.Minimal_Default_C' with ClassGeneratedBy '/Game/StarterContent/Maps/Minimal_Default.Minimal_Default:PersistentLevel.Minimal_Default'
[2019.03.18-12.59.44:252][920]LogPlayLevel: PlayLevel: No blueprints needed recompiling
[2019.03.18-12.59.44:252][920]PIE: New page: PIE session: Minimal_Default (Mar 18, 2019, 2:59:44 PM)
[2019.03.18-12.59.44:253][920]LogPlayLevel: Creating play world package: /Game/StarterContent/Maps/UEDPIE_0_Minimal_Default
[2019.03.18-12.59.44:256][920]LogPlayLevel: PIE: StaticDuplicateObject took: (0.002945s)
[2019.03.18-12.59.44:256][920]LogAIModule: Creating AISystem for world Minimal_Default
[2019.03.18-12.59.44:256][920]LogPlayLevel: PIE: World Init took: (0.000616s)
[2019.03.18-12.59.44:256][920]LogPlayLevel: PIE: Created PIE world by copying editor world from /Game/StarterContent/Maps/Minimal_Default.Minimal_Default to /Game/StarterContent/Maps/UEDPIE_0_Minimal_Default.Minimal_Default (0.003963s)
[2019.03.18-12.59.44:280][920]LogInit: XAudio2 using 'Speakers (Sound Blaster Recon3Di)' : 2 channels at 48 kHz using 32 bits per sample (channel mask 0x3)
[2019.03.18-12.59.44:290][920]LogInit: FAudioDevice initialized.
[2019.03.18-12.59.44:322][920]LogLoad: Game class is 'GameModeBase'
[2019.03.18-12.59.44:323][920]LogWorld: Bringing World /Game/StarterContent/Maps/UEDPIE_0_Minimal_Default.Minimal_Default up for play (max tick rate 60) at 2019.03.18-13.59.44
[2019.03.18-12.59.44:324][920]LogWorld: Bringing up level for play took: 0.001053
[2019.03.18-12.59.44:337][920]PIE: Play in editor start time for /Game/StarterContent/Maps/UEDPIE_0_Minimal_Default 0.825
[2019.03.18-12.59.44:337][920]LogBlueprintUserMessages: Late PlayInEditor Detection: Level '/Game/StarterContent/Maps/Minimal_Default.Minimal_Default:PersistentLevel' has LevelScriptBlueprint '/Game/StarterContent/Maps/Minimal_Default.Minimal_Default:PersistentLevel.Minimal_Default' with GeneratedClass '/Game/StarterContent/Maps/Minimal_Default.Minimal_Default_C' with ClassGeneratedBy '/Game/StarterContent/Maps/Minimal_Default.Minimal_Default:PersistentLevel.Minimal_Default'
[2019.03.18-12.59.48:718][182]LogBlueprintUserMessages: Early EndPlayMap Detection: Level '/Game/StarterContent/Maps/Minimal_Default.Minimal_Default:PersistentLevel' has LevelScriptBlueprint '/Game/StarterContent/Maps/Minimal_Default.Minimal_Default:PersistentLevel.Minimal_Default' with GeneratedClass '/Game/StarterContent/Maps/Minimal_Default.Minimal_Default_C' with ClassGeneratedBy '/Game/StarterContent/Maps/Minimal_Default.Minimal_Default:PersistentLevel.Minimal_Default'
[2019.03.18-12.59.48:718][182]LogSlate: Updating window title bar state: overlay mode, drag disabled, window buttons hidden, title bar hidden
[2019.03.18-12.59.48:758][182]LogPlayLevel: Display: Shutting down PIE online subsystems
[2019.03.18-12.59.48:758][182]LogBlueprintUserMessages: Late EndPlayMap Detection: Level '/Game/StarterContent/Maps/Minimal_Default.Minimal_Default:PersistentLevel' has LevelScriptBlueprint '/Game/StarterContent/Maps/Minimal_Default.Minimal_Default:PersistentLevel.Minimal_Default' with GeneratedClass '/Game/StarterContent/Maps/Minimal_Default.Minimal_Default_C' with ClassGeneratedBy '/Game/StarterContent/Maps/Minimal_Default.Minimal_Default:PersistentLevel.Minimal_Default'
[2019.03.18-12.59.48:779][182]LogSlate: Updating window title bar state: overlay mode, drag disabled, window buttons hidden, title bar hidden
[2019.03.18-12.59.48:830][185]LogPlayLevel: Display: Destroying online subsystem :Context_7
[2019.03.18-12.59.54:181][506]LogSlate: FSceneViewport::OnFocusLost() reason 0
[2019.03.18-13.00.05:776][193]LogTemp: Repeating last play command: Selected Viewport
[2019.03.18-13.00.05:790][193]LogBlueprintUserMessages: Early PlayInEditor Detection: Level '/Game/StarterContent/Maps/Minimal_Default.Minimal_Default:PersistentLevel' has LevelScriptBlueprint '/Game/StarterContent/Maps/Minimal_Default.Minimal_Default:PersistentLevel.Minimal_Default' with GeneratedClass '/Game/StarterContent/Maps/Minimal_Default.Minimal_Default_C' with ClassGeneratedBy '/Game/StarterContent/Maps/Minimal_Default.Minimal_Default:PersistentLevel.Minimal_Default'
[2019.03.18-13.00.05:790][193]LogPlayLevel: PlayLevel: No blueprints needed recompiling
[2019.03.18-13.00.05:790][193]PIE: New page: PIE session: Minimal_Default (Mar 18, 2019, 3:00:05 PM)
[2019.03.18-13.00.05:790][193]LogPlayLevel: Creating play world package: /Game/StarterContent/Maps/UEDPIE_0_Minimal_Default
[2019.03.18-13.00.05:793][193]LogPlayLevel: PIE: StaticDuplicateObject took: (0.003098s)
[2019.03.18-13.00.05:794][193]LogAIModule: Creating AISystem for world Minimal_Default
[2019.03.18-13.00.05:794][193]LogPlayLevel: PIE: World Init took: (0.000783s)
[2019.03.18-13.00.05:794][193]LogPlayLevel: PIE: Created PIE world by copying editor world from /Game/StarterContent/Maps/Minimal_Default.Minimal_Default to /Game/StarterContent/Maps/UEDPIE_0_Minimal_Default.Minimal_Default (0.004206s)
[2019.03.18-13.00.05:848][193]LogInit: XAudio2 using 'Speakers (Sound Blaster Recon3Di)' : 2 channels at 48 kHz using 32 bits per sample (channel mask 0x3)
[2019.03.18-13.00.05:858][193]LogInit: FAudioDevice initialized.
[2019.03.18-13.00.05:890][193]LogLoad: Game class is 'GameModeBase'
[2019.03.18-13.00.05:891][193]LogWorld: Bringing World /Game/StarterContent/Maps/UEDPIE_0_Minimal_Default.Minimal_Default up for play (max tick rate 60) at 2019.03.18-14.00.05
[2019.03.18-13.00.05:943][193]LogWorld: Bringing up level for play took: 0.052684
[2019.03.18-13.00.05:957][193]PIE: Play in editor start time for /Game/StarterContent/Maps/UEDPIE_0_Minimal_Default 0.445
[2019.03.18-13.00.05:957][193]LogBlueprintUserMessages: Late PlayInEditor Detection: Level '/Game/StarterContent/Maps/Minimal_Default.Minimal_Default:PersistentLevel' has LevelScriptBlueprint '/Game/StarterContent/Maps/Minimal_Default.Minimal_Default:PersistentLevel.Minimal_Default' with GeneratedClass '/Game/StarterContent/Maps/Minimal_Default.Minimal_Default_C' with ClassGeneratedBy '/Game/StarterContent/Maps/Minimal_Default.Minimal_Default:PersistentLevel.Minimal_Default'
[2019.03.18-13.12.40:066][669]LogRenderer: Reallocating scene render targets to support 1208x600 Format 10 NumSamples 1 (Frame:17477).
[2019.03.18-13.18.45:612][177]LogBlueprintUserMessages: Early EndPlayMap Detection: Level '/Game/StarterContent/Maps/Minimal_Default.Minimal_Default:PersistentLevel' has LevelScriptBlueprint '/Game/StarterContent/Maps/Minimal_Default.Minimal_Default:PersistentLevel.Minimal_Default' with GeneratedClass '/Game/StarterContent/Maps/Minimal_Default.Minimal_Default_C' with ClassGeneratedBy '/Game/StarterContent/Maps/Minimal_Default.Minimal_Default:PersistentLevel.Minimal_Default'
[2019.03.18-13.18.45:612][177]LogSlate: Updating window title bar state: overlay mode, drag disabled, window buttons hidden, title bar hidden
[2019.03.18-13.18.45:650][177]LogPlayLevel: Display: Shutting down PIE online subsystems
[2019.03.18-13.18.45:650][177]LogBlueprintUserMessages: Late EndPlayMap Detection: Level '/Game/StarterContent/Maps/Minimal_Default.Minimal_Default:PersistentLevel' has LevelScriptBlueprint '/Game/StarterContent/Maps/Minimal_Default.Minimal_Default:PersistentLevel.Minimal_Default' with GeneratedClass '/Game/StarterContent/Maps/Minimal_Default.Minimal_Default_C' with ClassGeneratedBy '/Game/StarterContent/Maps/Minimal_Default.Minimal_Default:PersistentLevel.Minimal_Default'
[2019.03.18-13.18.45:672][177]LogSlate: Updating window title bar state: overlay mode, drag disabled, window buttons hidden, title bar hidden
[2019.03.18-13.18.45:726][179]LogPlayLevel: Display: Destroying online subsystem :Context_8
