Log file open, 03/18/19 14:52:24
LogWindows: Failed to load 'aqProf.dll' (GetLastError=126)
LogWindows: File 'aqProf.dll' does not exist
LogWindows: Failed to load 'VtuneApi.dll' (GetLastError=126)
LogWindows: File 'VtuneApi.dll' does not exist
LogWindows: Failed to load 'VtuneApi32e.dll' (GetLastError=126)
LogWindows: File 'VtuneApi32e.dll' does not exist
LogConsoleResponse: Display: Failed to find resolution value strings in scalability ini. Falling back to default.
LogInit: Display: Running engine for game: Shoot
LogPakFile: Registered encryption key '00000000000000000000000000000000': 0 pak files mounted, 0 remain pending
LogPlatformFile: Not using cached read wrapper
LogTaskGraph: Started task graph with 5 named threads and 23 total threads with 3 sets of task threads.
LogStats: Stats thread started at 0.781950
LogD3D11RHI: Loaded GFSDK_Aftermath_Lib.x64.dll
LogICUInternationalization: ICU TimeZone Detection - Raw Offset: +1:00, Platform Override: ''
LogPluginManager: Mounting plugin Paper2D
LogPluginManager: Mounting plugin AISupport
LogPluginManager: Mounting plugin LightPropagationVolume
LogPluginManager: Mounting plugin ActorLayerUtilities
LogPluginManager: Mounting plugin CLionSourceCodeAccess
LogPluginManager: Mounting plugin CodeLiteSourceCodeAccess
LogPluginManager: Mounting plugin GitSourceControl
LogPluginManager: Mounting plugin KDevelopSourceCodeAccess
LogPluginManager: Mounting plugin NullSourceCodeAccess
LogPluginManager: Mounting plugin PerforceSourceControl
LogPluginManager: Mounting plugin SubversionSourceControl
LogPluginManager: Mounting plugin UObjectPlugin
LogPluginManager: Mounting plugin VisualStudioCodeSourceCodeAccess
LogPluginManager: Mounting plugin VisualStudioSourceCodeAccess
LogPluginManager: Mounting plugin XCodeSourceCodeAccess
LogPluginManager: Mounting plugin AssetManagerEditor
LogPluginManager: Mounting plugin CryptoKeys
LogPluginManager: Mounting plugin DataValidation
LogPluginManager: Mounting plugin FacialAnimation
LogPluginManager: Mounting plugin GameplayTagsEditor
LogPluginManager: Mounting plugin MacGraphicsSwitching
LogPluginManager: Mounting plugin MeshEditor
LogPluginManager: Mounting plugin MobileLauncherProfileWizard
LogPluginManager: Mounting plugin PluginBrowser
LogPluginManager: Mounting plugin SpeedTreeImporter
LogPluginManager: Mounting plugin DatasmithContent
LogPluginManager: Mounting plugin VariantManagerContent
LogPluginManager: Mounting plugin AlembicImporter
LogPluginManager: Mounting plugin AppleImageUtils
LogPluginManager: Mounting plugin AppleVision
LogPluginManager: Mounting plugin BackChannel
LogPluginManager: Mounting plugin CharacterAI
LogPluginManager: Mounting plugin GeometryCache
LogPluginManager: Mounting plugin HTML5Networking
LogPluginManager: Mounting plugin ProxyLODPlugin
LogPluginManager: Mounting plugin MagicLeap
LogPluginManager: Mounting plugin MagicLeapMedia
LogPluginManager: Mounting plugin AndroidMedia
LogPluginManager: Mounting plugin AvfMedia
LogPluginManager: Mounting plugin ImgMedia
LogPluginManager: Mounting plugin LinearTimecode
LogPluginManager: Mounting plugin MediaCompositing
LogPluginManager: Mounting plugin MediaPlayerEditor
LogPluginManager: Mounting plugin WebMMedia
LogPluginManager: Mounting plugin WmfMedia
LogPluginManager: Mounting plugin TcpMessaging
LogPluginManager: Mounting plugin UdpMessaging
LogPluginManager: Mounting plugin ActorSequence
LogPluginManager: Mounting plugin LevelSequenceEditor
LogPluginManager: Mounting plugin MatineeToLevelSequence
LogPluginManager: Mounting plugin NetcodeUnitTest
LogPluginManager: Mounting plugin NUTUnrealEngine4
LogPluginManager: Mounting plugin OnlineSubsystemGooglePlay
LogPluginManager: Mounting plugin OnlineSubsystemIOS
LogPluginManager: Mounting plugin OnlineSubsystem
LogPluginManager: Mounting plugin OnlineSubsystemNull
LogPluginManager: Mounting plugin OnlineSubsystemUtils
LogPluginManager: Mounting plugin LauncherChunkInstaller
LogPluginManager: Mounting plugin AndroidDeviceProfileSelector
LogPluginManager: Mounting plugin AndroidMoviePlayer
LogPluginManager: Mounting plugin AndroidPermission
LogPluginManager: Mounting plugin AppleMoviePlayer
LogPluginManager: Mounting plugin ArchVisCharacter
LogPluginManager: Mounting plugin AudioCapture
LogPluginManager: Mounting plugin CableComponent
LogPluginManager: Mounting plugin CustomMeshComponent
LogPluginManager: Mounting plugin EditableMesh
LogPluginManager: Mounting plugin ExampleDeviceProfileSelector
LogPluginManager: Mounting plugin Firebase
LogPluginManager: Mounting plugin GoogleCloudMessaging
LogPluginManager: Mounting plugin IOSDeviceProfileSelector
LogPluginManager: Mounting plugin LinuxDeviceProfileSelector
LogPluginManager: Mounting plugin LocationServicesBPLibrary
LogPluginManager: Mounting plugin MobilePatchingUtils
LogPluginManager: Mounting plugin OculusVR
LogPluginManager: Mounting plugin PhysXVehicles
LogPluginManager: Mounting plugin ProceduralMeshComponent
LogPluginManager: Mounting plugin RuntimePhysXCooking
LogPluginManager: Mounting plugin SteamVR
LogPluginManager: Mounting plugin WebMMoviePlayer
LogPluginManager: Mounting plugin WindowsMoviePlayer
LogStreaming: Display: Took  0.277s to configure plugins.
LogInit: Using libcurl 7.55.1-DEV
LogInit:  - built for x86_64-pc-win32
LogInit:  - supports SSL with OpenSSL/1.0.2h
LogInit:  - supports HTTP deflate (compression) using libz 1.2.8
LogInit:  - other features:
LogInit:      CURL_VERSION_SSL
LogInit:      CURL_VERSION_LIBZ
LogInit:      CURL_VERSION_IPV6
LogInit:      CURL_VERSION_ASYNCHDNS
LogInit:      CURL_VERSION_LARGEFILE
LogInit:      CURL_VERSION_IDN
LogInit:  CurlRequestOptions (configurable via config and command line):
LogInit:  - bVerifyPeer = true  - Libcurl will verify peer certificate
LogInit:  - bUseHttpProxy = false  - Libcurl will NOT use HTTP proxy
LogInit:  - bDontReuseConnections = false  - Libcurl will reuse connections
LogInit:  - MaxHostConnections = 16  - Libcurl will limit the number of connections to a host
LogInit:  - LocalHostAddr = Default
LogInit:  - BufferSize = 65536
LogInit: WinSock: version 1.1 (2.2), MaxSocks=32767, MaxUdp=65467
LogInit: Build: ++UE4+Release-4.21-CL-4753647
LogInit: Engine Version: 4.21.2-4753647+++UE4+Release-4.21
LogInit: Compatible Engine Version: 4.21.0-4541578+++UE4+Release-4.21
LogInit: Net CL: 4541578
LogInit: OS: Windows 10 (), CPU: Intel(R) Core(TM) i7-4980HQ CPU @ 2.80GHz, GPU: Intel(R) Iris(TM) Pro Graphics 5200
LogInit: Compiled (64-bit): Jan 19 2019 02:07:31
LogInit: Compiled with Visual C++: 19.13.26129.00
LogInit: Build Configuration: Development
LogInit: Branch Name: ++UE4+Release-4.21
LogInit: Command Line:  -skipcompile
LogInit: Base Directory: D:/Program Files/Epic Games/UE_4.21/Engine/Binaries/Win64/
LogInit: Installed Engine Build: 1
LogDevObjectVersion: Number of dev versions registered: 22
LogDevObjectVersion:   Dev-Blueprints (B0D832E4-1F89-4F0D-ACCF-7EB736FD4AA2): 10
LogDevObjectVersion:   Dev-Build (E1C64328-A22C-4D53-A36C-8E866417BD8C): 0
LogDevObjectVersion:   Dev-Core (375EC13C-06E4-48FB-B500-84F0262A717E): 2
LogDevObjectVersion:   Dev-Editor (E4B068ED-F494-42E9-A231-DA0B2E46BB41): 26
LogDevObjectVersion:   Dev-Framework (CFFC743F-43B0-4480-9391-14DF171D2073): 34
LogDevObjectVersion:   Dev-Mobile (B02B49B5-BB20-44E9-A304-32B752E40360): 2
LogDevObjectVersion:   Dev-Networking (A4E4105C-59A1-49B5-A7C5-40C4547EDFEE): 0
LogDevObjectVersion:   Dev-Online (39C831C9-5AE6-47DC-9A44-9C173E1C8E7C): 0
LogDevObjectVersion:   Dev-Physics (78F01B33-EBEA-4F98-B9B4-84EACCB95AA2): 0
LogDevObjectVersion:   Dev-Platform (6631380F-2D4D-43E0-8009-CF276956A95A): 0
LogDevObjectVersion:   Dev-Rendering (12F88B9F-8875-4AFC-A67C-D90C383ABD29): 27
LogDevObjectVersion:   Dev-Sequencer (7B5AE74C-D270-4C10-A958-57980B212A5A): 9
LogDevObjectVersion:   Dev-VR (D7296918-1DD6-4BDD-9DE2-64A83CC13884): 2
LogDevObjectVersion:   Dev-LoadTimes (C2A15278-BFE7-4AFE-6C17-90FF531DF755): 1
LogDevObjectVersion:   Private-Geometry (6EACA3D4-40EC-4CC1-B786-8BED09428FC5): 3
LogDevObjectVersion:   Dev-AnimPhys (29E575DD-E0A3-4627-9D10-D276232CDCEA): 17
LogDevObjectVersion:   Dev-Anim (AF43A65D-7FD3-4947-9873-3E8ED9C1BB05): 2
LogDevObjectVersion:   Dev-ReflectionCapture (6B266CEC-1EC7-4B8F-A30B-E4D90942FC07): 1
LogDevObjectVersion:   Dev-Automation (0DF73D61-A23F-47EA-B727-89E90C41499A): 1
LogDevObjectVersion:   FortniteMain (601D1886-AC64-4F84-AA16-D3DE0DEAC7D6): 17
LogDevObjectVersion:   Dev-Enterprise (9DFFBCD6-494F-0158-E221-12823C92A888): 4
LogDevObjectVersion:   Dev-Niagara (F2AED0AC-9AFE-416F-8664-AA7FFA26D6FC): 1
LogStreaming: Display: Took  0.002s to delete old logs.
LogInit: Presizing for max 8388607 objects, including 0 objects not considered by GC, pre-allocating 0 bytes for permanent pool.
LogInit: Object subsystem initialized
LogConfig: Setting CVar [[con.DebugEarlyDefault:1]]
LogConfig: Setting CVar [[r.setres:1280x720]]
[2019.03.18-13.52.25:206][  0]LogConfig: Setting CVar [[r.VSync:0]]
[2019.03.18-13.52.25:206][  0]LogConfig: Setting CVar [[r.RHICmdBypass:0]]
[2019.03.18-13.52.25:206][  0]LogConfig: Applying CVar settings from Section [/Script/Engine.RendererSettings] File [D:/Program Files/Epic Games/Projects/Shoot/Saved/Config/Windows/Engine.ini]
[2019.03.18-13.52.25:206][  0]LogConfig: Setting CVar [[r.GPUCrashDebugging:0]]
[2019.03.18-13.52.25:206][  0]LogConfig: Applying CVar settings from Section [/Script/Engine.RendererOverrideSettings] File [D:/Program Files/Epic Games/Projects/Shoot/Saved/Config/Windows/Engine.ini]
[2019.03.18-13.52.25:206][  0]LogConfig: Applying CVar settings from Section [/Script/Engine.StreamingSettings] File [D:/Program Files/Epic Games/Projects/Shoot/Saved/Config/Windows/Engine.ini]
[2019.03.18-13.52.25:206][  0]LogConfig: Setting CVar [[s.MinBulkDataSizeForAsyncLoading:131072]]
[2019.03.18-13.52.25:207][  0]LogConfig: Setting CVar [[s.AsyncLoadingThreadEnabled:0]]
[2019.03.18-13.52.25:207][  0]LogConfig: Setting CVar [[s.EventDrivenLoaderEnabled:1]]
[2019.03.18-13.52.25:207][  0]LogConfig: Setting CVar [[s.WarnIfTimeLimitExceeded:0]]
[2019.03.18-13.52.25:207][  0]LogConfig: Setting CVar [[s.TimeLimitExceededMultiplier:1.5]]
[2019.03.18-13.52.25:207][  0]LogConfig: Setting CVar [[s.TimeLimitExceededMinTime:0.005]]
[2019.03.18-13.52.25:207][  0]LogConfig: Setting CVar [[s.UseBackgroundLevelStreaming:1]]
[2019.03.18-13.52.25:207][  0]LogConfig: Setting CVar [[s.PriorityAsyncLoadingExtraTime:15.0]]
[2019.03.18-13.52.25:207][  0]LogConfig: Setting CVar [[s.LevelStreamingActorsUpdateTimeLimit:5.0]]
[2019.03.18-13.52.25:207][  0]LogConfig: Setting CVar [[s.PriorityLevelStreamingActorsUpdateExtraTime:5.0]]
[2019.03.18-13.52.25:207][  0]LogConfig: Setting CVar [[s.LevelStreamingComponentsRegistrationGranularity:10]]
[2019.03.18-13.52.25:207][  0]LogConfig: Setting CVar [[s.UnregisterComponentsTimeLimit:1.0]]
[2019.03.18-13.52.25:207][  0]LogConfig: Setting CVar [[s.LevelStreamingComponentsUnregistrationGranularity:5]]
[2019.03.18-13.52.25:207][  0]LogConfig: Applying CVar settings from Section [/Script/Engine.GarbageCollectionSettings] File [D:/Program Files/Epic Games/Projects/Shoot/Saved/Config/Windows/Engine.ini]
[2019.03.18-13.52.25:207][  0]LogConfig: Setting CVar [[gc.MaxObjectsNotConsideredByGC:1]]
[2019.03.18-13.52.25:207][  0]LogConfig: Setting CVar [[gc.SizeOfPermanentObjectPool:0]]
[2019.03.18-13.52.25:207][  0]LogConfig: Setting CVar [[gc.FlushStreamingOnGC:0]]
[2019.03.18-13.52.25:207][  0]LogConfig: Setting CVar [[gc.NumRetriesBeforeForcingGC:10]]
[2019.03.18-13.52.25:207][  0]LogConfig: Setting CVar [[gc.AllowParallelGC:1]]
[2019.03.18-13.52.25:207][  0]LogConfig: Setting CVar [[gc.TimeBetweenPurgingPendingKillObjects:61.1]]
[2019.03.18-13.52.25:207][  0]LogConfig: Setting CVar [[gc.MaxObjectsInEditor:8388607]]
[2019.03.18-13.52.25:208][  0]LogConfig: Setting CVar [[gc.IncrementalBeginDestroyEnabled:1]]
[2019.03.18-13.52.25:208][  0]LogConfig: Setting CVar [[gc.CreateGCClusters:1]]
[2019.03.18-13.52.25:208][  0]LogConfig: Setting CVar [[gc.MergeGCClusters:0]]
[2019.03.18-13.52.25:208][  0]LogConfig: Setting CVar [[gc.MinGCClusterSize:5]]
[2019.03.18-13.52.25:208][  0]LogConfig: Setting CVar [[gc.ActorClusteringEnabled:0]]
[2019.03.18-13.52.25:208][  0]LogConfig: Setting CVar [[gc.BlueprintClusteringEnabled:0]]
[2019.03.18-13.52.25:208][  0]LogConfig: Setting CVar [[gc.UseDisregardForGCOnDedicatedServers:0]]
[2019.03.18-13.52.25:208][  0]LogConfig: Applying CVar settings from Section [/Script/Engine.NetworkSettings] File [D:/Program Files/Epic Games/Projects/Shoot/Saved/Config/Windows/Engine.ini]
[2019.03.18-13.52.25:208][  0]LogConfig: Applying CVar settings from Section [/Script/UnrealEd.CookerSettings] File [D:/Program Files/Epic Games/Projects/Shoot/Saved/Config/Windows/Engine.ini]
[2019.03.18-13.52.25:214][  0]LogConfig: Applying CVar settings from Section [ViewDistanceQuality@3] File [D:/Program Files/Epic Games/Projects/Shoot/Saved/Config/Windows/Scalability.ini]
[2019.03.18-13.52.25:214][  0]LogConfig: Setting CVar [[r.SkeletalMeshLODBias:0]]
[2019.03.18-13.52.25:214][  0]LogConfig: Setting CVar [[r.ViewDistanceScale:1.0]]
[2019.03.18-13.52.25:214][  0]LogConfig: Applying CVar settings from Section [AntiAliasingQuality@3] File [D:/Program Files/Epic Games/Projects/Shoot/Saved/Config/Windows/Scalability.ini]
[2019.03.18-13.52.25:214][  0]LogConfig: Setting CVar [[r.PostProcessAAQuality:4]]
[2019.03.18-13.52.25:214][  0]LogConfig: Applying CVar settings from Section [ShadowQuality@3] File [D:/Program Files/Epic Games/Projects/Shoot/Saved/Config/Windows/Scalability.ini]
[2019.03.18-13.52.25:214][  0]LogConfig: Setting CVar [[r.LightFunctionQuality:1]]
[2019.03.18-13.52.25:214][  0]LogConfig: Setting CVar [[r.ShadowQuality:5]]
[2019.03.18-13.52.25:214][  0]LogConfig: Setting CVar [[r.Shadow.CSM.MaxCascades:10]]
[2019.03.18-13.52.25:215][  0]LogConfig: Setting CVar [[r.Shadow.MaxResolution:2048]]
[2019.03.18-13.52.25:215][  0]LogConfig: Setting CVar [[r.Shadow.MaxCSMResolution:2048]]
[2019.03.18-13.52.25:215][  0]LogConfig: Setting CVar [[r.Shadow.RadiusThreshold:0.01]]
[2019.03.18-13.52.25:215][  0]LogConfig: Setting CVar [[r.Shadow.DistanceScale:1.0]]
[2019.03.18-13.52.25:215][  0]LogConfig: Setting CVar [[r.Shadow.CSM.TransitionScale:1.0]]
[2019.03.18-13.52.25:215][  0]LogConfig: Setting CVar [[r.Shadow.PreShadowResolutionFactor:1.0]]
[2019.03.18-13.52.25:215][  0]LogConfig: Setting CVar [[r.DistanceFieldShadowing:1]]
[2019.03.18-13.52.25:215][  0]LogConfig: Setting CVar [[r.DistanceFieldAO:1]]
[2019.03.18-13.52.25:215][  0]LogConfig: Setting CVar [[r.AOQuality:2]]
[2019.03.18-13.52.25:215][  0]LogConfig: Setting CVar [[r.VolumetricFog:1]]
[2019.03.18-13.52.25:215][  0]LogConfig: Setting CVar [[r.VolumetricFog.GridPixelSize:8]]
[2019.03.18-13.52.25:215][  0]LogConfig: Setting CVar [[r.VolumetricFog.GridSizeZ:128]]
[2019.03.18-13.52.25:215][  0]LogConfig: Setting CVar [[r.VolumetricFog.HistoryMissSupersampleCount:4]]
[2019.03.18-13.52.25:216][  0]LogConfig: Setting CVar [[r.LightMaxDrawDistanceScale:1]]
[2019.03.18-13.52.25:216][  0]LogConfig: Setting CVar [[r.CapsuleShadows:1]]
[2019.03.18-13.52.25:216][  0]LogConfig: Applying CVar settings from Section [PostProcessQuality@3] File [D:/Program Files/Epic Games/Projects/Shoot/Saved/Config/Windows/Scalability.ini]
[2019.03.18-13.52.25:216][  0]LogConfig: Setting CVar [[r.MotionBlurQuality:4]]
[2019.03.18-13.52.25:216][  0]LogConfig: Setting CVar [[r.AmbientOcclusionMipLevelFactor:0.4]]
[2019.03.18-13.52.25:216][  0]LogConfig: Setting CVar [[r.AmbientOcclusionMaxQuality:100]]
[2019.03.18-13.52.25:216][  0]LogConfig: Setting CVar [[r.AmbientOcclusionLevels:-1]]
[2019.03.18-13.52.25:216][  0]LogConfig: Setting CVar [[r.AmbientOcclusionRadiusScale:1.0]]
[2019.03.18-13.52.25:216][  0]LogConfig: Setting CVar [[r.DepthOfFieldQuality:2]]
[2019.03.18-13.52.25:216][  0]LogConfig: Setting CVar [[r.RenderTargetPoolMin:400]]
[2019.03.18-13.52.25:216][  0]LogConfig: Setting CVar [[r.LensFlareQuality:2]]
[2019.03.18-13.52.25:217][  0]LogConfig: Setting CVar [[r.SceneColorFringeQuality:1]]
[2019.03.18-13.52.25:217][  0]LogConfig: Setting CVar [[r.EyeAdaptationQuality:2]]
[2019.03.18-13.52.25:217][  0]LogConfig: Setting CVar [[r.BloomQuality:5]]
[2019.03.18-13.52.25:217][  0]LogConfig: Setting CVar [[r.FastBlurThreshold:100]]
[2019.03.18-13.52.25:217][  0]LogConfig: Setting CVar [[r.Upscale.Quality:3]]
[2019.03.18-13.52.25:217][  0]LogConfig: Setting CVar [[r.Tonemapper.GrainQuantization:1]]
[2019.03.18-13.52.25:217][  0]LogConfig: Setting CVar [[r.LightShaftQuality:1]]
[2019.03.18-13.52.25:217][  0]LogConfig: Setting CVar [[r.Filter.SizeScale:1]]
[2019.03.18-13.52.25:217][  0]LogConfig: Setting CVar [[r.Tonemapper.Quality:5]]
[2019.03.18-13.52.25:217][  0]LogConfig: Setting CVar [[r.DOF.Gather.AccumulatorQuality:1        ; higher gathering accumulator quality]]
[2019.03.18-13.52.25:217][  0]LogConfig: Setting CVar [[r.DOF.Gather.PostfilterMethod:1          ; Median3x3 postfilering method]]
[2019.03.18-13.52.25:217][  0]LogConfig: Setting CVar [[r.DOF.Gather.EnableBokehSettings:0       ; no bokeh simulation when gathering]]
[2019.03.18-13.52.25:218][  0]LogConfig: Setting CVar [[r.DOF.Gather.RingCount:4                 ; medium number of samples when gathering]]
[2019.03.18-13.52.25:218][  0]LogConfig: Setting CVar [[r.DOF.Scatter.ForegroundCompositing:1    ; additive foreground scattering]]
[2019.03.18-13.52.25:218][  0]LogConfig: Setting CVar [[r.DOF.Scatter.BackgroundCompositing:2    ; additive background scattering]]
[2019.03.18-13.52.25:218][  0]LogConfig: Setting CVar [[r.DOF.Scatter.EnableBokehSettings:1      ; bokeh simulation when scattering]]
[2019.03.18-13.52.25:218][  0]LogConfig: Setting CVar [[r.DOF.Scatter.MaxSpriteRatio:0.1         ; only a maximum of 10% of scattered bokeh]]
[2019.03.18-13.52.25:218][  0]LogConfig: Setting CVar [[r.DOF.Recombine.Quality:1                ; cheap slight out of focus]]
[2019.03.18-13.52.25:218][  0]LogConfig: Setting CVar [[r.DOF.Recombine.EnableBokehSettings:0    ; no bokeh simulation on slight out of focus]]
[2019.03.18-13.52.25:218][  0]LogConfig: Setting CVar [[r.DOF.TemporalAAQuality:1                ; more stable temporal accumulation]]
[2019.03.18-13.52.25:218][  0]LogConfig: Setting CVar [[r.DOF.Kernel.MaxForegroundRadius:0.025]]
[2019.03.18-13.52.25:218][  0]LogConfig: Setting CVar [[r.DOF.Kernel.MaxBackgroundRadius:0.025]]
[2019.03.18-13.52.25:218][  0]LogConfig: Applying CVar settings from Section [TextureQuality@3] File [D:/Program Files/Epic Games/Projects/Shoot/Saved/Config/Windows/Scalability.ini]
[2019.03.18-13.52.25:218][  0]LogConfig: Setting CVar [[r.Streaming.MipBias:0]]
[2019.03.18-13.52.25:218][  0]LogConfig: Setting CVar [[r.Streaming.AmortizeCPUToGPUCopy:0]]
[2019.03.18-13.52.25:219][  0]LogConfig: Setting CVar [[r.Streaming.MaxNumTexturesToStreamPerFrame:0]]
[2019.03.18-13.52.25:219][  0]LogConfig: Setting CVar [[r.Streaming.Boost:1]]
[2019.03.18-13.52.25:219][  0]LogConfig: Setting CVar [[r.MaxAnisotropy:8]]
[2019.03.18-13.52.25:219][  0]LogConfig: Setting CVar [[r.Streaming.LimitPoolSizeToVRAM:0]]
[2019.03.18-13.52.25:219][  0]LogConfig: Setting CVar [[r.Streaming.PoolSize:1000]]
[2019.03.18-13.52.25:219][  0]LogConfig: Setting CVar [[r.Streaming.MaxEffectiveScreenSize:0]]
[2019.03.18-13.52.25:219][  0]LogConfig: Applying CVar settings from Section [EffectsQuality@3] File [D:/Program Files/Epic Games/Projects/Shoot/Saved/Config/Windows/Scalability.ini]
[2019.03.18-13.52.25:219][  0]LogConfig: Setting CVar [[r.TranslucencyLightingVolumeDim:64]]
[2019.03.18-13.52.25:219][  0]LogConfig: Setting CVar [[r.RefractionQuality:2]]
[2019.03.18-13.52.25:219][  0]LogConfig: Setting CVar [[r.SSR.Quality:3]]
[2019.03.18-13.52.25:219][  0]LogConfig: Setting CVar [[r.SceneColorFormat:4]]
[2019.03.18-13.52.25:219][  0]LogConfig: Setting CVar [[r.DetailMode:2]]
[2019.03.18-13.52.25:219][  0]LogConfig: Setting CVar [[r.TranslucencyVolumeBlur:1]]
[2019.03.18-13.52.25:219][  0]LogConfig: Setting CVar [[r.MaterialQualityLevel:1 ; High quality]]
[2019.03.18-13.52.25:220][  0]LogConfig: Setting CVar [[r.SSS.Scale:1]]
[2019.03.18-13.52.25:220][  0]LogConfig: Setting CVar [[r.SSS.SampleSet:2]]
[2019.03.18-13.52.25:220][  0]LogConfig: Setting CVar [[r.SSS.Quality:1]]
[2019.03.18-13.52.25:220][  0]LogConfig: Setting CVar [[r.SSS.HalfRes:1]]
[2019.03.18-13.52.25:220][  0]LogConfig: Setting CVar [[r.EmitterSpawnRateScale:1.0]]
[2019.03.18-13.52.25:220][  0]LogConfig: Setting CVar [[r.ParticleLightQuality:2]]
[2019.03.18-13.52.25:220][  0]LogConfig: Applying CVar settings from Section [FoliageQuality@3] File [D:/Program Files/Epic Games/Projects/Shoot/Saved/Config/Windows/Scalability.ini]
[2019.03.18-13.52.25:220][  0]LogConfig: Setting CVar [[foliage.DensityScale:1.0]]
[2019.03.18-13.52.25:220][  0]LogConfig: Setting CVar [[grass.DensityScale:1.0]]
[2019.03.18-13.52.25:220][  0]LogInit: Selected Device Profile: [Windows]
[2019.03.18-13.52.25:220][  0]LogInit: Applying CVar settings loaded from the selected device profile: [Windows]
[2019.03.18-13.52.25:271][  0]LogHAL: Display: Platform has ~ 8 GB [8469803008 / 8589934592 / 8], which maps to Default [LargestMinGB=32, LargerMinGB=12, DefaultMinGB=8, SmallerMinGB=6, SmallestMinGB=0)
[2019.03.18-13.52.25:271][  0]LogConfig: Setting CVar [[r.Vulkan.UseRealUBs:1]]
[2019.03.18-13.52.25:271][  0]LogInit: Going up to parent DeviceProfile []
[2019.03.18-13.52.25:271][  0]LogConfig: Applying CVar settings from Section [ViewDistanceQuality@3] File [D:/Program Files/Epic Games/Projects/Shoot/Saved/Config/Windows/Scalability.ini]
[2019.03.18-13.52.25:271][  0]LogConfig: Setting CVar [[r.SkeletalMeshLODBias:0]]
[2019.03.18-13.52.25:271][  0]LogConfig: Setting CVar [[r.ViewDistanceScale:1.0]]
[2019.03.18-13.52.25:271][  0]LogConfig: Applying CVar settings from Section [AntiAliasingQuality@3] File [D:/Program Files/Epic Games/Projects/Shoot/Saved/Config/Windows/Scalability.ini]
[2019.03.18-13.52.25:271][  0]LogConfig: Setting CVar [[r.PostProcessAAQuality:4]]
[2019.03.18-13.52.25:271][  0]LogConfig: Applying CVar settings from Section [ShadowQuality@3] File [D:/Program Files/Epic Games/Projects/Shoot/Saved/Config/Windows/Scalability.ini]
[2019.03.18-13.52.25:271][  0]LogConfig: Setting CVar [[r.LightFunctionQuality:1]]
[2019.03.18-13.52.25:271][  0]LogConfig: Setting CVar [[r.ShadowQuality:5]]
[2019.03.18-13.52.25:271][  0]LogConfig: Setting CVar [[r.Shadow.CSM.MaxCascades:10]]
[2019.03.18-13.52.25:271][  0]LogConfig: Setting CVar [[r.Shadow.MaxResolution:2048]]
[2019.03.18-13.52.25:272][  0]LogConfig: Setting CVar [[r.Shadow.MaxCSMResolution:2048]]
[2019.03.18-13.52.25:272][  0]LogConfig: Setting CVar [[r.Shadow.RadiusThreshold:0.01]]
[2019.03.18-13.52.25:272][  0]LogConfig: Setting CVar [[r.Shadow.DistanceScale:1.0]]
[2019.03.18-13.52.25:272][  0]LogConfig: Setting CVar [[r.Shadow.CSM.TransitionScale:1.0]]
[2019.03.18-13.52.25:272][  0]LogConfig: Setting CVar [[r.Shadow.PreShadowResolutionFactor:1.0]]
[2019.03.18-13.52.25:272][  0]LogConfig: Setting CVar [[r.DistanceFieldShadowing:1]]
[2019.03.18-13.52.25:272][  0]LogConfig: Setting CVar [[r.DistanceFieldAO:1]]
[2019.03.18-13.52.25:272][  0]LogConfig: Setting CVar [[r.AOQuality:2]]
[2019.03.18-13.52.25:272][  0]LogConfig: Setting CVar [[r.VolumetricFog:1]]
[2019.03.18-13.52.25:272][  0]LogConfig: Setting CVar [[r.VolumetricFog.GridPixelSize:8]]
[2019.03.18-13.52.25:272][  0]LogConfig: Setting CVar [[r.VolumetricFog.GridSizeZ:128]]
[2019.03.18-13.52.25:272][  0]LogConfig: Setting CVar [[r.VolumetricFog.HistoryMissSupersampleCount:4]]
[2019.03.18-13.52.25:272][  0]LogConfig: Setting CVar [[r.LightMaxDrawDistanceScale:1]]
[2019.03.18-13.52.25:273][  0]LogConfig: Setting CVar [[r.CapsuleShadows:1]]
[2019.03.18-13.52.25:273][  0]LogConfig: Applying CVar settings from Section [PostProcessQuality@3] File [D:/Program Files/Epic Games/Projects/Shoot/Saved/Config/Windows/Scalability.ini]
[2019.03.18-13.52.25:273][  0]LogConfig: Setting CVar [[r.MotionBlurQuality:4]]
[2019.03.18-13.52.25:273][  0]LogConfig: Setting CVar [[r.AmbientOcclusionMipLevelFactor:0.4]]
[2019.03.18-13.52.25:273][  0]LogConfig: Setting CVar [[r.AmbientOcclusionMaxQuality:100]]
[2019.03.18-13.52.25:273][  0]LogConfig: Setting CVar [[r.AmbientOcclusionLevels:-1]]
[2019.03.18-13.52.25:273][  0]LogConfig: Setting CVar [[r.AmbientOcclusionRadiusScale:1.0]]
[2019.03.18-13.52.25:273][  0]LogConfig: Setting CVar [[r.DepthOfFieldQuality:2]]
[2019.03.18-13.52.25:273][  0]LogConfig: Setting CVar [[r.RenderTargetPoolMin:400]]
[2019.03.18-13.52.25:273][  0]LogConfig: Setting CVar [[r.LensFlareQuality:2]]
[2019.03.18-13.52.25:273][  0]LogConfig: Setting CVar [[r.SceneColorFringeQuality:1]]
[2019.03.18-13.52.25:274][  0]LogConfig: Setting CVar [[r.EyeAdaptationQuality:2]]
[2019.03.18-13.52.25:274][  0]LogConfig: Setting CVar [[r.BloomQuality:5]]
[2019.03.18-13.52.25:274][  0]LogConfig: Setting CVar [[r.FastBlurThreshold:100]]
[2019.03.18-13.52.25:274][  0]LogConfig: Setting CVar [[r.Upscale.Quality:3]]
[2019.03.18-13.52.25:274][  0]LogConfig: Setting CVar [[r.Tonemapper.GrainQuantization:1]]
[2019.03.18-13.52.25:274][  0]LogConfig: Setting CVar [[r.LightShaftQuality:1]]
[2019.03.18-13.52.25:274][  0]LogConfig: Setting CVar [[r.Filter.SizeScale:1]]
[2019.03.18-13.52.25:274][  0]LogConfig: Setting CVar [[r.Tonemapper.Quality:5]]
[2019.03.18-13.52.25:274][  0]LogConfig: Setting CVar [[r.DOF.Gather.AccumulatorQuality:1        ; higher gathering accumulator quality]]
[2019.03.18-13.52.25:274][  0]LogConfig: Setting CVar [[r.DOF.Gather.PostfilterMethod:1          ; Median3x3 postfilering method]]
[2019.03.18-13.52.25:274][  0]LogConfig: Setting CVar [[r.DOF.Gather.EnableBokehSettings:0       ; no bokeh simulation when gathering]]
[2019.03.18-13.52.25:274][  0]LogConfig: Setting CVar [[r.DOF.Gather.RingCount:4                 ; medium number of samples when gathering]]
[2019.03.18-13.52.25:276][  0]LogConfig: Setting CVar [[r.DOF.Scatter.ForegroundCompositing:1    ; additive foreground scattering]]
[2019.03.18-13.52.25:276][  0]LogConfig: Setting CVar [[r.DOF.Scatter.BackgroundCompositing:2    ; additive background scattering]]
[2019.03.18-13.52.25:276][  0]LogConfig: Setting CVar [[r.DOF.Scatter.EnableBokehSettings:1      ; bokeh simulation when scattering]]
[2019.03.18-13.52.25:276][  0]LogConfig: Setting CVar [[r.DOF.Scatter.MaxSpriteRatio:0.1         ; only a maximum of 10% of scattered bokeh]]
[2019.03.18-13.52.25:276][  0]LogConfig: Setting CVar [[r.DOF.Recombine.Quality:1                ; cheap slight out of focus]]
[2019.03.18-13.52.25:276][  0]LogConfig: Setting CVar [[r.DOF.Recombine.EnableBokehSettings:0    ; no bokeh simulation on slight out of focus]]
[2019.03.18-13.52.25:276][  0]LogConfig: Setting CVar [[r.DOF.TemporalAAQuality:1                ; more stable temporal accumulation]]
[2019.03.18-13.52.25:276][  0]LogConfig: Setting CVar [[r.DOF.Kernel.MaxForegroundRadius:0.025]]
[2019.03.18-13.52.25:276][  0]LogConfig: Setting CVar [[r.DOF.Kernel.MaxBackgroundRadius:0.025]]
[2019.03.18-13.52.25:276][  0]LogConfig: Applying CVar settings from Section [TextureQuality@3] File [D:/Program Files/Epic Games/Projects/Shoot/Saved/Config/Windows/Scalability.ini]
[2019.03.18-13.52.25:276][  0]LogConfig: Setting CVar [[r.Streaming.MipBias:0]]
[2019.03.18-13.52.25:276][  0]LogConfig: Setting CVar [[r.Streaming.AmortizeCPUToGPUCopy:0]]
[2019.03.18-13.52.25:276][  0]LogConfig: Setting CVar [[r.Streaming.MaxNumTexturesToStreamPerFrame:0]]
[2019.03.18-13.52.25:276][  0]LogConfig: Setting CVar [[r.Streaming.Boost:1]]
[2019.03.18-13.52.25:276][  0]LogConfig: Setting CVar [[r.MaxAnisotropy:8]]
[2019.03.18-13.52.25:276][  0]LogConfig: Setting CVar [[r.Streaming.LimitPoolSizeToVRAM:0]]
[2019.03.18-13.52.25:276][  0]LogConfig: Setting CVar [[r.Streaming.PoolSize:1000]]
[2019.03.18-13.52.25:276][  0]LogConfig: Setting CVar [[r.Streaming.MaxEffectiveScreenSize:0]]
[2019.03.18-13.52.25:276][  0]LogConfig: Applying CVar settings from Section [EffectsQuality@3] File [D:/Program Files/Epic Games/Projects/Shoot/Saved/Config/Windows/Scalability.ini]
[2019.03.18-13.52.25:276][  0]LogConfig: Setting CVar [[r.TranslucencyLightingVolumeDim:64]]
[2019.03.18-13.52.25:276][  0]LogConfig: Setting CVar [[r.RefractionQuality:2]]
[2019.03.18-13.52.25:277][  0]LogConfig: Setting CVar [[r.SSR.Quality:3]]
[2019.03.18-13.52.25:277][  0]LogConfig: Setting CVar [[r.SceneColorFormat:4]]
[2019.03.18-13.52.25:277][  0]LogConfig: Setting CVar [[r.DetailMode:2]]
[2019.03.18-13.52.25:277][  0]LogConfig: Setting CVar [[r.TranslucencyVolumeBlur:1]]
[2019.03.18-13.52.25:277][  0]LogConfig: Setting CVar [[r.MaterialQualityLevel:1 ; High quality]]
[2019.03.18-13.52.25:277][  0]LogConfig: Setting CVar [[r.SSS.Scale:1]]
[2019.03.18-13.52.25:277][  0]LogConfig: Setting CVar [[r.SSS.SampleSet:2]]
[2019.03.18-13.52.25:277][  0]LogConfig: Setting CVar [[r.SSS.Quality:1]]
[2019.03.18-13.52.25:277][  0]LogConfig: Setting CVar [[r.SSS.HalfRes:1]]
[2019.03.18-13.52.25:277][  0]LogConfig: Setting CVar [[r.EmitterSpawnRateScale:1.0]]
[2019.03.18-13.52.25:278][  0]LogConfig: Setting CVar [[r.ParticleLightQuality:2]]
[2019.03.18-13.52.25:278][  0]LogConfig: Applying CVar settings from Section [FoliageQuality@3] File [D:/Program Files/Epic Games/Projects/Shoot/Saved/Config/Windows/Scalability.ini]
[2019.03.18-13.52.25:278][  0]LogConfig: Setting CVar [[foliage.DensityScale:1.0]]
[2019.03.18-13.52.25:278][  0]LogConfig: Setting CVar [[grass.DensityScale:1.0]]
[2019.03.18-13.52.25:278][  0]LogConfig: Applying CVar settings from Section [Startup] File [../../../Engine/Config/ConsoleVariables.ini]
[2019.03.18-13.52.25:283][  0]LogConfig: Setting CVar [[net.UseAdaptiveNetUpdateFrequency:0]]
[2019.03.18-13.52.25:284][  0]LogConfig: Applying CVar settings from Section [ConsoleVariables] File [D:/Program Files/Epic Games/Projects/Shoot/Saved/Config/Windows/Engine.ini]
[2019.03.18-13.52.25:284][  0]LogInit: Computer: PETER
[2019.03.18-13.52.25:284][  0]LogInit: User: Peter
[2019.03.18-13.52.25:284][  0]LogInit: CPU Page size=4096, Cores=4
[2019.03.18-13.52.25:284][  0]LogInit: High frequency timer resolution =2.732793 MHz
[2019.03.18-13.52.25:284][  0]LogMemory: Memory total: Physical=7.9GB (8GB approx)
[2019.03.18-13.52.25:284][  0]LogMemory: Platform Memory Stats for Windows
[2019.03.18-13.52.25:285][  0]LogMemory: Process Physical Memory: 102.17 MB used, 102.17 MB peak
[2019.03.18-13.52.25:285][  0]LogMemory: Process Virtual Memory: 91.36 MB used, 91.36 MB peak
[2019.03.18-13.52.25:285][  0]LogMemory: Physical Memory: 5313.41 MB used,  2764.03 MB free, 8077.43 MB total
[2019.03.18-13.52.25:285][  0]LogMemory: Virtual Memory: 4652.74 MB used,  134213072.00 MB free, 134217728.00 MB total
[2019.03.18-13.52.25:916][  0]LogInit: Using OS detected language (en-US).
[2019.03.18-13.52.25:916][  0]LogInit: Using OS detected locale (en-US).
[2019.03.18-13.52.25:917][  0]LogTextLocalizationManager: No specific localization for 'en-US' exists, so the 'en' localization will be used.
[2019.03.18-13.52.26:720][  0]LogStreaming: Display: Took  0.804s to InitEngineTextLocalization.
[2019.03.18-13.52.26:720][  0]LogInit: Setting process to per monitor DPI aware
[2019.03.18-13.52.26:904][  0]LogSlate: New Slate User Created.  User Index 0, Is Virtual User: 0
[2019.03.18-13.52.26:904][  0]LogSlate: Slate User Registered.  User Index 0, Is Virtual User: 0
[2019.03.18-13.52.31:101][  0]LogHMD: Failed to initialize OpenVR with code 110
[2019.03.18-13.52.31:101][  0]LogD3D11RHI: D3D11 adapters:
[2019.03.18-13.52.31:197][  0]LogD3D11RHI:    0. 'NVIDIA GeForce GTX 980M' (Feature Level 11_0)
[2019.03.18-13.52.31:197][  0]LogD3D11RHI:       4055/0/4038 MB DedicatedVideo/DedicatedSystem/SharedSystem, Outputs:1, VendorId:0x10de
[2019.03.18-13.52.31:209][  0]LogD3D11RHI:    1. 'Intel(R) Iris(TM) Pro Graphics 5200' (Feature Level 11_0)
[2019.03.18-13.52.31:209][  0]LogD3D11RHI:       112/0/2048 MB DedicatedVideo/DedicatedSystem/SharedSystem, Outputs:0, VendorId:0x8086
[2019.03.18-13.52.31:214][  0]LogD3D11RHI:    2. 'Microsoft Basic Render Driver' (Feature Level 11_0)
[2019.03.18-13.52.31:214][  0]LogD3D11RHI:       0/0/4038 MB DedicatedVideo/DedicatedSystem/SharedSystem, Outputs:0, VendorId:0x1414
[2019.03.18-13.52.31:215][  0]LogD3D11RHI: Chosen D3D11 Adapter: 0
[2019.03.18-13.52.31:247][  0]LogD3D11RHI: Creating new Direct3DDevice
[2019.03.18-13.52.31:247][  0]LogD3D11RHI:     GPU DeviceId: 0x13d7 (for the marketing name, search the web for "GPU Device Id")
[2019.03.18-13.52.31:247][  0]LogWindows: EnumDisplayDevices:
[2019.03.18-13.52.31:248][  0]LogWindows:    0. 'Intel(R) Iris(TM) Pro Graphics 5200' (P:1 D:1)
[2019.03.18-13.52.31:248][  0]LogWindows:    1. 'Intel(R) Iris(TM) Pro Graphics 5200' (P:0 D:0)
[2019.03.18-13.52.31:249][  0]LogWindows:    2. 'Intel(R) Iris(TM) Pro Graphics 5200' (P:0 D:0)
[2019.03.18-13.52.31:249][  0]LogWindows: DebugString: PrimaryIsNotTheChoosenAdapter PrimaryIsNotTheChoosenAdapter PrimaryIsNotTheChoosenAdapter FoundDriverCount:0 
[2019.03.18-13.52.31:249][  0]LogD3D11RHI:     Adapter Name: NVIDIA GeForce GTX 980M
[2019.03.18-13.52.31:249][  0]LogD3D11RHI:   Driver Version: Unknown (internal:Unknown, unified:Unknown)
[2019.03.18-13.52.31:249][  0]LogD3D11RHI:      Driver Date: Unknown
[2019.03.18-13.52.31:249][  0]LogRHI: Texture pool is 2839 MB (70% of 4055 MB)
[2019.03.18-13.52.31:297][  0]LogD3D11RHI: Async texture creation enabled
[2019.03.18-13.52.31:310][  0]LogD3D11RHI: GPU Timing Frequency: 1000.000000 (Debug: 2 1)
[2019.03.18-13.52.31:698][  0]LogTemp: Display: Loaded TP AllDesktopTargetPlatform
[2019.03.18-13.52.31:726][  0]LogTemp: Display: Loaded TP MacClientTargetPlatform
[2019.03.18-13.52.31:740][  0]LogTemp: Display: Loaded TP MacNoEditorTargetPlatform
[2019.03.18-13.52.31:756][  0]LogTemp: Display: Loaded TP MacServerTargetPlatform
[2019.03.18-13.52.31:782][  0]LogTemp: Display: Loaded TP MacTargetPlatform
[2019.03.18-13.52.31:802][  0]LogTemp: Display: Loaded TP WindowsClientTargetPlatform
[2019.03.18-13.52.31:817][  0]LogTemp: Display: Loaded TP WindowsNoEditorTargetPlatform
[2019.03.18-13.52.31:831][  0]LogTemp: Display: Loaded TP WindowsServerTargetPlatform
[2019.03.18-13.52.31:845][  0]LogTemp: Display: Loaded TP WindowsTargetPlatform
[2019.03.18-13.52.31:948][  0]LogTemp: Display: Loaded TP AndroidTargetPlatform
[2019.03.18-13.52.31:949][  0]LogTemp: Display: Loaded TP AndroidTargetPlatform
[2019.03.18-13.52.31:949][  0]LogTemp: Display: Loaded TP AndroidTargetPlatform
[2019.03.18-13.52.31:949][  0]LogTemp: Display: Loaded TP AndroidTargetPlatform
[2019.03.18-13.52.31:949][  0]LogTemp: Display: Loaded TP AndroidTargetPlatform
[2019.03.18-13.52.31:949][  0]LogTemp: Display: Loaded TP AndroidTargetPlatform
[2019.03.18-13.52.31:949][  0]LogTemp: Display: Loaded TP AndroidTargetPlatform
[2019.03.18-13.52.31:949][  0]LogTemp: Display: Loaded TP AndroidTargetPlatform
[2019.03.18-13.52.31:949][  0]LogTemp: Display: Loaded TP AndroidTargetPlatform
[2019.03.18-13.52.31:949][  0]LogTemp: Display: Loaded TP AndroidTargetPlatform
[2019.03.18-13.52.31:949][  0]LogTemp: Display: Loaded TP AndroidTargetPlatform
[2019.03.18-13.52.31:949][  0]LogTemp: Display: Loaded TP AndroidTargetPlatform
[2019.03.18-13.52.31:949][  0]LogTemp: Display: Loaded TP AndroidTargetPlatform
[2019.03.18-13.52.31:949][  0]LogTemp: Display: Loaded TP AndroidTargetPlatform
[2019.03.18-13.52.31:949][  0]LogTemp: Display: Loaded TP AndroidTargetPlatform
[2019.03.18-13.52.31:949][  0]LogTemp: Display: Loaded TP AndroidTargetPlatform
[2019.03.18-13.52.31:949][  0]LogTemp: Display: Loaded TP AndroidTargetPlatform
[2019.03.18-13.52.31:950][  0]LogTemp: Display: Loaded TP AndroidTargetPlatform
[2019.03.18-13.52.31:964][  0]LogTemp: Display: Loaded TP HTML5TargetPlatform
[2019.03.18-13.52.32:072][  0]LogTemp: Display: Loaded TP IOSTargetPlatform
[2019.03.18-13.52.32:072][  0]LogTemp: Display: Loaded TP IOSTargetPlatform
[2019.03.18-13.52.32:095][  0]LogTemp: Display: Loaded TP TVOSTargetPlatform
[2019.03.18-13.52.32:095][  0]LogTemp: Display: Loaded TP TVOSTargetPlatform
[2019.03.18-13.52.32:119][  0]LogTemp: Display: Loaded TP LinuxClientTargetPlatform
[2019.03.18-13.52.32:132][  0]LogTemp: Display: Loaded TP LinuxNoEditorTargetPlatform
[2019.03.18-13.52.32:146][  0]LogTemp: Display: Loaded TP LinuxServerTargetPlatform
[2019.03.18-13.52.32:183][  0]LogTemp: Display: Loaded TP LinuxTargetPlatform
[2019.03.18-13.52.32:242][  0]LogTemp: Display: Loaded TP LuminTargetPlatform
[2019.03.18-13.52.32:242][  0]LogTemp: Display: Loaded TP LuminTargetPlatform
[2019.03.18-13.52.32:242][  0]LogTargetPlatformManager: Display: Building Assets For Windows
[2019.03.18-13.52.32:652][  0]LogShaderCompilers: Guid format shader working directory is 20 characters bigger than the processId version (../../../../Projects/Shoot/Intermediate/Shaders/WorkingDirectory/5624/).
[2019.03.18-13.52.32:652][  0]LogShaderCompilers: Cleaned the shader compiler working directory 'C:/Users/Peter/AppData/Local/Temp/UnrealShaderWorkingDir/033E439E4BA260EF5EE2FEA0303AD162/'.
[2019.03.18-13.52.32:668][  0]LogXGEController: Cleaning working directory: C:/Users/Peter/AppData/Local/Temp/UnrealXGEWorkingDir/
[2019.03.18-13.52.32:669][  0]LogXGEController: Cannot use XGE Controller as Incredibuild is not installed on this machine.
[2019.03.18-13.52.32:669][  0]LogShaderCompilers: Cannot use XGE Shader Compiler as Incredibuild is not installed on this machine.
[2019.03.18-13.52.32:669][  0]LogShaderCompilers: Display: Using Local Shader Compiler.
[2019.03.18-13.52.34:487][  0]LogDerivedDataCache: Display: Max Cache Size: 512 MB
[2019.03.18-13.52.34:882][  0]LogDerivedDataCache: Loaded boot cache 0.39s 72MB C:/Users/Peter/AppData/Local/UnrealEngine/4.21/DerivedDataCache/Boot.ddc.
[2019.03.18-13.52.34:882][  0]LogDerivedDataCache: Display: Loaded Boot cache: C:/Users/Peter/AppData/Local/UnrealEngine/4.21/DerivedDataCache/Boot.ddc
[2019.03.18-13.52.34:882][  0]LogDerivedDataCache: FDerivedDataBackendGraph:  Pak pak cache file ../../../../Projects/Shoot/DerivedDataCache/DDC.ddp not found, will not use a pak cache.
[2019.03.18-13.52.34:882][  0]LogDerivedDataCache: Unable to find inner node Pak for hierarchical cache Hierarchy.
[2019.03.18-13.52.34:882][  0]LogDerivedDataCache: FDerivedDataBackendGraph:  CompressedPak pak cache file ../../../../Projects/Shoot/DerivedDataCache/Compressed.ddp not found, will not use a pak cache.
[2019.03.18-13.52.34:882][  0]LogDerivedDataCache: Unable to find inner node CompressedPak for hierarchical cache Hierarchy.
[2019.03.18-13.52.34:944][  0]LogDerivedDataCache: Display: Pak cache opened for reading ../../../Engine/DerivedDataCache/Compressed.ddp.
[2019.03.18-13.52.34:945][  0]LogDerivedDataCache: FDerivedDataBackendGraph:  EnterprisePak pak cache file ../../../Enterprise/DerivedDataCache/Compressed.ddp not found, will not use a pak cache.
[2019.03.18-13.52.34:945][  0]LogDerivedDataCache: Unable to find inner node EnterprisePak for hierarchical cache Hierarchy.
[2019.03.18-13.52.34:958][  0]LogDerivedDataCache: Using Local data cache path C:/Users/Peter/AppData/Local/UnrealEngine/Common/DerivedDataCache: Writable
[2019.03.18-13.52.34:958][  0]LogDerivedDataCache: Shared data cache path not found in *engine.ini, will not use an Shared cache.
[2019.03.18-13.52.34:958][  0]LogDerivedDataCache: Unable to find inner node Shared for hierarchical cache Hierarchy.
[2019.03.18-13.52.34:979][  0]LogMaterial: Verifying Global Shaders for PCD3D_SM5
[2019.03.18-13.52.34:980][  0]LogSlate: Using FreeType 2.6.0
[2019.03.18-13.52.35:001][  0]LogSlate: SlateFontServices - WITH_FREETYPE: 1, WITH_HARFBUZZ: 1
[2019.03.18-13.52.35:451][  0]LogAssetRegistry: FAssetRegistry took 0.0357 seconds to start up
[2019.03.18-13.52.36:799][  0]LogInit: Selected Device Profile: [Windows]
[2019.03.18-13.52.37:729][  0]LogSimplygon: Simplygon DLL not present - disabling.
[2019.03.18-13.52.37:850][  0]LogMeshReduction: Using SimplygonSwarm for distributed automatic mesh merging
[2019.03.18-13.52.37:850][  0]LogMeshReduction: Using ProxyLODMeshReduction for automatic mesh merging
[2019.03.18-13.52.37:850][  0]LogMeshReduction: Using QuadricMeshReduction for automatic static mesh reduction
[2019.03.18-13.52.37:851][  0]LogMeshReduction: No automatic skeletal mesh reduction module available
[2019.03.18-13.52.37:882][  0]LogNetVersion: Shoot 1.0.0, NetCL: 4541578, EngineNetVer: 5, GameNetVer: 0 (Checksum: 2524423328)
[2019.03.18-13.52.39:094][  0]LogPackageLocalizationCache: Processed 11 localized package path(s) for 2 prioritized culture(s) in 0.080306 seconds
[2019.03.18-13.52.39:098][  0]LogUObjectArray: 39775 objects as part of root set at end of initial load.
[2019.03.18-13.52.39:098][  0]LogUObjectAllocator: 6914664 out of 0 bytes used by permanent object pool.
[2019.03.18-13.52.39:098][  0]LogUObjectArray: CloseDisregardForGC: 0/0 objects in disregard for GC pool
[2019.03.18-13.52.48:154][  0]LogTcpMessaging: Initializing TcpMessaging bridge
[2019.03.18-13.52.48:180][  0]LogUdpMessaging: Initializing bridge on interface 0.0.0.0:0 to multicast group 230.0.0.1:6666.
[2019.03.18-13.52.49:549][  0]SourceControl: Source control is disabled
[2019.03.18-13.52.49:550][  0]SourceControl: Source control is disabled
[2019.03.18-13.52.49:585][  0]SourceControl: Source control is disabled
[2019.03.18-13.52.49:600][  0]SourceControl: Source control is disabled
[2019.03.18-13.52.50:421][  0]LogAndroidPermission: UAndroidPermissionCallbackProxy::GetInstance
[2019.03.18-13.52.50:572][  0]LogOcInput: OculusInput pre-init called
[2019.03.18-13.52.50:937][  0]LogEngine: Initializing Engine...
[2019.03.18-13.52.50:937][  0]LogHMD: Failed to initialize OpenVR with code 110
[2019.03.18-13.52.50:939][  0]LogStats: UGameplayTagsManager::ConstructGameplayTagTree: ImportINI prefixes -  0.000 s
[2019.03.18-13.52.50:939][  0]LogStats: UGameplayTagsManager::ConstructGameplayTagTree: Construct from data asset -  0.000 s
[2019.03.18-13.52.50:939][  0]LogStats: UGameplayTagsManager::ConstructGameplayTagTree: ImportINI -  0.000 s
[2019.03.18-13.52.50:939][  0]LogStats: UGameplayTagsManager::ConstructGameplayTagTree: GameplayTagTreeChangedEvent.Broadcast -  0.000 s
[2019.03.18-13.52.51:244][  0]LogInit: Initializing FReadOnlyCVARCache
[2019.03.18-13.52.51:331][  0]LogAIModule: Creating AISystem for world Untitled
[2019.03.18-13.52.51:375][  0]LogInit: XAudio2 using 'Speakers (Sound Blaster Recon3Di)' : 2 channels at 48 kHz using 32 bits per sample (channel mask 0x3)
[2019.03.18-13.52.51:488][  0]LogInit: FAudioDevice initialized.
[2019.03.18-13.52.51:488][  0]LogNetVersion: Set ProjectVersion to 1.0.0.0. Version Checksum will be recalculated on next use.
[2019.03.18-13.52.51:638][  0]LogDerivedDataCache: Saved boot cache 0.15s 72MB C:/Users/Peter/AppData/Local/UnrealEngine/4.21/DerivedDataCache/Boot.ddc.
[2019.03.18-13.52.51:647][  0]LogInit: Texture streaming: Enabled
[2019.03.18-13.52.51:759][  0]LogEngineSessionManager: EngineSessionManager initialized
[2019.03.18-13.52.51:759][  0]LogEngineSessionManager: EngineSessionManager sent abnormal shutdown report. Type=Debugger, SessionId={17B8E1F6-49C6-776A-96B2-5B99BA6877F8}
[2019.03.18-13.52.51:942][  0]LogInit: Transaction tracking system initialized
[2019.03.18-13.52.52:131][  0]BlueprintLog: New page: Editor Load
[2019.03.18-13.52.52:704][  0]LocalizationService: Localization service is disabled
[2019.03.18-13.52.53:790][  0]LogFileCache: Scanning file cache for directory 'D:/Program Files/Epic Games/Projects/Shoot/Content/' took 0.02s
[2019.03.18-13.52.53:790][  0]LogCook: Display: Max memory allowance for cook 16384mb min free memory 0mb
[2019.03.18-13.52.53:790][  0]LogCook: Display: Mobile HDR setting 1
[2019.03.18-13.52.53:790][  0]LogGameplayTags: Display: UGameplayTagsManager::DoneAddingNativeTags. DelegateIsBound: 0
[2019.03.18-13.52.53:790][  0]LogStats: UGameplayTagsManager::ConstructGameplayTagTree: ImportINI prefixes -  0.000 s
[2019.03.18-13.52.53:790][  0]LogStats: UGameplayTagsManager::ConstructGameplayTagTree: Construct from data asset -  0.000 s
[2019.03.18-13.52.53:791][  0]LogStats: UGameplayTagsManager::ConstructGameplayTagTree: ImportINI -  0.000 s
[2019.03.18-13.52.53:791][  0]LogStats: UGameplayTagsManager::ConstructGameplayTagTree: GameplayTagTreeChangedEvent.Broadcast -  0.000 s
[2019.03.18-13.52.54:753][  0]SourceControl: Source control is disabled
[2019.03.18-13.52.54:766][  0]Cmd: MAP LOAD FILE="../../../../Projects/Shoot/Content/StarterContent/Maps/Minimal_Default.umap" TEMPLATE=0 SHOWPROGRESS=1 FEATURELEVEL=3
[2019.03.18-13.52.54:767][  0]LightingResults: New page: Lighting Build
[2019.03.18-13.52.54:807][  0]MapCheck: New page: Map Check
[2019.03.18-13.52.54:807][  0]LightingResults: New page: Lighting Build
[2019.03.18-13.52.55:585][  0]LogAIModule: Creating AISystem for world Minimal_Default
[2019.03.18-13.52.55:646][  0]LogEditorServer: Finished looking for orphan Actors (0.000 secs)
[2019.03.18-13.52.55:729][  0]Cmd: MAP CHECKDEP NOCLEARLOG
[2019.03.18-13.52.55:729][  0]MapCheck: Map check complete: 0 Error(s), 0 Warning(s), took 0.15ms to complete.
[2019.03.18-13.52.55:730][  0]LogFileHelpers: Loading map 'Minimal_Default' took 0.975
[2019.03.18-13.52.55:923][  0]LogSlate: Updating window title bar state: overlay mode, drag disabled, window buttons hidden, title bar hidden
[2019.03.18-13.52.55:931][  0]LogSlate: Updating window title bar state: overlay mode, drag disabled, window buttons hidden, title bar hidden
[2019.03.18-13.52.55:938][  0]LogSlate: Updating window title bar state: overlay mode, drag disabled, window buttons hidden, title bar hidden
[2019.03.18-13.52.55:945][  0]LogSlate: Updating window title bar state: overlay mode, drag disabled, window buttons hidden, title bar hidden
[2019.03.18-13.52.55:963][  0]LogCollectionManager: Loaded 0 collections in 0.002427 seconds
[2019.03.18-13.52.56:028][  0]LogFileCache: Scanning file cache for directory 'D:/Program Files/Epic Games/Projects/Shoot/Saved/Collections/' took 0.01s
[2019.03.18-13.52.56:028][  0]LogFileCache: Scanning file cache for directory 'D:/Program Files/Epic Games/Projects/Shoot/Content/Developers/Peter/Collections/' took 0.00s
[2019.03.18-13.52.56:028][  0]LogFileCache: Scanning file cache for directory 'D:/Program Files/Epic Games/Projects/Shoot/Content/Collections/' took 0.00s
[2019.03.18-13.52.56:028][  0]LogCollectionManager: Rebuilt the GUID cache for 0 collections in 0.000001 seconds
[2019.03.18-13.52.56:046][  0]LogContentBrowser: Native class hierarchy populated in 0.0186 seconds. Added 2656 classes and 622 folders.
[2019.03.18-13.52.56:086][  0]LogContentBrowser: Native class hierarchy updated for 'WidgetCarousel' in 0.0005 seconds. Added 0 classes and 0 folders.
[2019.03.18-13.52.56:103][  0]LogPakFile: Registered encryption key '00000000000000000000000000000000': 0 pak files mounted, 0 remain pending
[2019.03.18-13.52.56:121][  0]LogPakFile: Registered encryption key '00000000000000000000000000000000': 0 pak files mounted, 0 remain pending
[2019.03.18-13.52.56:149][  0]LogPakFile: Registered encryption key '00000000000000000000000000000000': 0 pak files mounted, 0 remain pending
[2019.03.18-13.52.56:169][  0]LogPakFile: Registered encryption key '00000000000000000000000000000000': 0 pak files mounted, 0 remain pending
[2019.03.18-13.52.56:179][  0]LogPakFile: Registered encryption key '00000000000000000000000000000000': 0 pak files mounted, 0 remain pending
[2019.03.18-13.52.56:201][  0]LogPakFile: Registered encryption key '00000000000000000000000000000000': 0 pak files mounted, 0 remain pending
[2019.03.18-13.52.56:210][  0]LogPakFile: Registered encryption key '00000000000000000000000000000000': 0 pak files mounted, 0 remain pending
[2019.03.18-13.52.56:227][  0]LogPakFile: Registered encryption key '00000000000000000000000000000000': 0 pak files mounted, 0 remain pending
[2019.03.18-13.52.56:238][  0]LogPakFile: Registered encryption key '00000000000000000000000000000000': 0 pak files mounted, 0 remain pending
[2019.03.18-13.52.56:254][  0]LogPakFile: Registered encryption key '00000000000000000000000000000000': 0 pak files mounted, 0 remain pending
[2019.03.18-13.52.56:259][  0]LogPakFile: Registered encryption key '00000000000000000000000000000000': 0 pak files mounted, 0 remain pending
[2019.03.18-13.52.56:268][  0]LogPakFile: Registered encryption key '00000000000000000000000000000000': 0 pak files mounted, 0 remain pending
[2019.03.18-13.52.56:281][  0]LogPakFile: Registered encryption key '00000000000000000000000000000000': 0 pak files mounted, 0 remain pending
[2019.03.18-13.52.56:290][  0]LogPakFile: Registered encryption key '00000000000000000000000000000000': 0 pak files mounted, 0 remain pending
[2019.03.18-13.52.56:302][  0]LogPakFile: Registered encryption key '00000000000000000000000000000000': 0 pak files mounted, 0 remain pending
[2019.03.18-13.52.56:314][  0]LogPakFile: Registered encryption key '00000000000000000000000000000000': 0 pak files mounted, 0 remain pending
[2019.03.18-13.52.56:362][  0]LogPakFile: Registered encryption key '00000000000000000000000000000000': 0 pak files mounted, 0 remain pending
[2019.03.18-13.52.56:379][  0]LogPakFile: Registered encryption key '00000000000000000000000000000000': 0 pak files mounted, 0 remain pending
[2019.03.18-13.52.56:392][  0]LogPakFile: Registered encryption key '00000000000000000000000000000000': 0 pak files mounted, 0 remain pending
[2019.03.18-13.52.56:407][  0]LogPakFile: Registered encryption key '00000000000000000000000000000000': 0 pak files mounted, 0 remain pending
[2019.03.18-13.52.56:458][  0]LogPakFile: Registered encryption key '00000000000000000000000000000000': 0 pak files mounted, 0 remain pending
[2019.03.18-13.52.56:465][  0]LogPakFile: Registered encryption key '00000000000000000000000000000000': 0 pak files mounted, 0 remain pending
[2019.03.18-13.52.56:485][  0]LogPakFile: Registered encryption key '00000000000000000000000000000000': 0 pak files mounted, 0 remain pending
[2019.03.18-13.52.56:504][  0]LogPakFile: Registered encryption key '00000000000000000000000000000000': 0 pak files mounted, 0 remain pending
[2019.03.18-13.52.56:519][  0]LogPakFile: Registered encryption key '00000000000000000000000000000000': 0 pak files mounted, 0 remain pending
[2019.03.18-13.52.56:532][  0]LogPakFile: Registered encryption key '00000000000000000000000000000000': 0 pak files mounted, 0 remain pending
[2019.03.18-13.52.57:250][  0]LogContentBrowser: Native class hierarchy updated for 'AddContentDialog' in 0.0004 seconds. Added 0 classes and 0 folders.
[2019.03.18-13.52.57:284][  0]LogContentBrowser: Native class hierarchy updated for 'SceneOutliner' in 0.0004 seconds. Added 1 classes and 2 folders.
[2019.03.18-13.52.57:347][  0]LogSlate: Took 0.026233 seconds to synchronously load lazily loaded font '../../../Engine/Content/Slate/Fonts/Roboto-Regular.ttf' (155K)
[2019.03.18-13.52.57:357][  0]LogSlate: Took 0.009567 seconds to synchronously load lazily loaded font '../../../Engine/Content/Slate/Fonts/Roboto-Bold.ttf' (160K)
[2019.03.18-13.52.57:382][  0]LogSlate: Took 0.019780 seconds to synchronously load lazily loaded font '../../../Engine/Content/Editor/Slate/Fonts/FontAwesome.ttf' (139K)
[2019.03.18-13.52.57:541][  0]LogRenderer: Reallocating scene render targets to support 1208x576 Format 10 NumSamples 1 (Frame:1).
[2019.03.18-13.52.57:643][  0]LogSlate: Took 0.016867 seconds to synchronously load lazily loaded font '../../../Engine/Content/Slate/Fonts/Roboto-Light.ttf' (167K)
[2019.03.18-13.52.57:813][  0]LogContentBrowser: Native class hierarchy updated for 'HierarchicalLODOutliner' in 0.0004 seconds. Added 0 classes and 0 folders.
[2019.03.18-13.52.57:813][  0]LogLoad: (Engine Initialization) Total time: 49.88 seconds
[2019.03.18-13.52.57:813][  0]LogLoad: (Engine Initialization) Total Blueprint compile time: 0.00 seconds
[2019.03.18-13.52.57:840][  0]LogWindowsTextInputMethodSystem: Display: IME system now deactivated.
[2019.03.18-13.52.57:844][  0]LogActor: Warning: test /Engine/Transient.World_0:PersistentLevel.test_0 has natively added scene component(s), but none of them were set as the actor's RootComponent - picking one arbitrarily
[2019.03.18-13.52.57:912][  0]LogContentStreaming: Texture pool size now 1000 MB
[2019.03.18-13.52.57:976][  1]LogAssetRegistry: Asset discovery search completed in 22.5501 seconds
[2019.03.18-13.52.57:977][  1]LogCollectionManager: Rebuilt the object cache for 0 collections in 0.000000 seconds (found 0 objects)
[2019.03.18-13.52.57:978][  1]LogCollectionManager: Fixed up redirectors for 0 collections in 0.000117 seconds (updated 0 objects)
[2019.03.18-13.53.02:257][254]LogSlate: FSceneViewport::OnFocusLost() reason 0
[2019.03.18-13.53.02:724][282]LogTemp: Repeating last play command: Selected Viewport
[2019.03.18-13.53.02:815][282]LogBlueprintUserMessages: Early PlayInEditor Detection: Level '/Game/StarterContent/Maps/Minimal_Default.Minimal_Default:PersistentLevel' has LevelScriptBlueprint '/Game/StarterContent/Maps/Minimal_Default.Minimal_Default:PersistentLevel.Minimal_Default' with GeneratedClass '/Game/StarterContent/Maps/Minimal_Default.Minimal_Default_C' with ClassGeneratedBy '/Game/StarterContent/Maps/Minimal_Default.Minimal_Default:PersistentLevel.Minimal_Default'
[2019.03.18-13.53.02:861][282]LogPlayLevel: PlayLevel: No blueprints needed recompiling
[2019.03.18-13.53.02:941][282]PIE: New page: PIE session: Minimal_Default (Mar 18, 2019, 3:53:02 PM)
[2019.03.18-13.53.03:148][282]LogPlayLevel: Creating play world package: /Game/StarterContent/Maps/UEDPIE_0_Minimal_Default
[2019.03.18-13.53.03:271][282]LogPlayLevel: PIE: StaticDuplicateObject took: (0.122684s)
[2019.03.18-13.53.03:271][282]LogAIModule: Creating AISystem for world Minimal_Default
[2019.03.18-13.53.03:282][282]LogPlayLevel: PIE: World Init took: (0.011263s)
[2019.03.18-13.53.03:282][282]LogPlayLevel: PIE: Created PIE world by copying editor world from /Game/StarterContent/Maps/Minimal_Default.Minimal_Default to /Game/StarterContent/Maps/UEDPIE_0_Minimal_Default.Minimal_Default (0.134611s)
[2019.03.18-13.53.03:364][282]LogInit: XAudio2 using 'Speakers (Sound Blaster Recon3Di)' : 2 channels at 48 kHz using 32 bits per sample (channel mask 0x3)
[2019.03.18-13.53.03:374][282]LogInit: FAudioDevice initialized.
[2019.03.18-13.53.03:565][282]LogUObjectGlobals: Warning: Failed to find object 'Class /Script/Shoot.ShootGameMode'
[2019.03.18-13.53.03:565][282]LogLoad: Game class is 'GameModeBase'
[2019.03.18-13.53.03:757][282]LogWorld: Bringing World /Game/StarterContent/Maps/UEDPIE_0_Minimal_Default.Minimal_Default up for play (max tick rate 60) at 2019.03.18-14.53.03
[2019.03.18-13.53.03:854][282]LogWorld: Bringing up level for play took: 0.118752
[2019.03.18-13.53.04:285][282]LogContentBrowser: Native class hierarchy updated for 'MovieSceneCapture' in 0.0139 seconds. Added 20 classes and 0 folders.
[2019.03.18-13.53.04:373][282]PIE: Play in editor start time for /Game/StarterContent/Maps/UEDPIE_0_Minimal_Default 0.862
[2019.03.18-13.53.04:373][282]LogBlueprintUserMessages: Late PlayInEditor Detection: Level '/Game/StarterContent/Maps/Minimal_Default.Minimal_Default:PersistentLevel' has LevelScriptBlueprint '/Game/StarterContent/Maps/Minimal_Default.Minimal_Default:PersistentLevel.Minimal_Default' with GeneratedClass '/Game/StarterContent/Maps/Minimal_Default.Minimal_Default_C' with ClassGeneratedBy '/Game/StarterContent/Maps/Minimal_Default.Minimal_Default:PersistentLevel.Minimal_Default'
[2019.03.18-13.53.35:740][108]LogBlueprintUserMessages: Early EndPlayMap Detection: Level '/Game/StarterContent/Maps/Minimal_Default.Minimal_Default:PersistentLevel' has LevelScriptBlueprint '/Game/StarterContent/Maps/Minimal_Default.Minimal_Default:PersistentLevel.Minimal_Default' with GeneratedClass '/Game/StarterContent/Maps/Minimal_Default.Minimal_Default_C' with ClassGeneratedBy '/Game/StarterContent/Maps/Minimal_Default.Minimal_Default:PersistentLevel.Minimal_Default'
[2019.03.18-13.53.35:792][108]LogSlate: Updating window title bar state: overlay mode, drag disabled, window buttons hidden, title bar hidden
[2019.03.18-13.53.36:014][108]LogPlayLevel: Display: Shutting down PIE online subsystems
[2019.03.18-13.53.36:026][108]LogBlueprintUserMessages: Late EndPlayMap Detection: Level '/Game/StarterContent/Maps/Minimal_Default.Minimal_Default:PersistentLevel' has LevelScriptBlueprint '/Game/StarterContent/Maps/Minimal_Default.Minimal_Default:PersistentLevel.Minimal_Default' with GeneratedClass '/Game/StarterContent/Maps/Minimal_Default.Minimal_Default_C' with ClassGeneratedBy '/Game/StarterContent/Maps/Minimal_Default.Minimal_Default:PersistentLevel.Minimal_Default'
[2019.03.18-13.53.36:109][108]LogSlate: Updating window title bar state: overlay mode, drag disabled, window buttons hidden, title bar hidden
[2019.03.18-13.53.36:332][109]LogPlayLevel: Display: Destroying online subsystem :Context_3
[2019.03.18-13.54.43:031][ 96]LogEditorViewport: Clicking on Actor (LMB): StaticMeshActor (cube)
[2019.03.18-13.54.44:395][154]LogEditorViewport: Clicking on Actor (LMB): BP_Sky_Sphere_C (BP_Sky_Sphere)
[2019.03.18-13.54.45:880][234]LogSlate: FSceneViewport::OnFocusLost() reason 0
[2019.03.18-13.54.46:013][242]LogTemp: Repeating last play command: Selected Viewport
[2019.03.18-13.54.46:034][242]LogBlueprintUserMessages: Early PlayInEditor Detection: Level '/Game/StarterContent/Maps/Minimal_Default.Minimal_Default:PersistentLevel' has LevelScriptBlueprint '/Game/StarterContent/Maps/Minimal_Default.Minimal_Default:PersistentLevel.Minimal_Default' with GeneratedClass '/Game/StarterContent/Maps/Minimal_Default.Minimal_Default_C' with ClassGeneratedBy '/Game/StarterContent/Maps/Minimal_Default.Minimal_Default:PersistentLevel.Minimal_Default'
[2019.03.18-13.54.46:034][242]LogPlayLevel: PlayLevel: No blueprints needed recompiling
[2019.03.18-13.54.46:034][242]PIE: New page: PIE session: Minimal_Default (Mar 18, 2019, 3:54:46 PM)
[2019.03.18-13.54.46:035][242]LogPlayLevel: Creating play world package: /Game/StarterContent/Maps/UEDPIE_0_Minimal_Default
[2019.03.18-13.54.46:040][242]LogPlayLevel: PIE: StaticDuplicateObject took: (0.005238s)
[2019.03.18-13.54.46:041][242]LogAIModule: Creating AISystem for world Minimal_Default
[2019.03.18-13.54.46:041][242]LogPlayLevel: PIE: World Init took: (0.001138s)
[2019.03.18-13.54.46:042][242]LogPlayLevel: PIE: Created PIE world by copying editor world from /Game/StarterContent/Maps/Minimal_Default.Minimal_Default to /Game/StarterContent/Maps/UEDPIE_0_Minimal_Default.Minimal_Default (0.006871s)
[2019.03.18-13.54.46:082][242]LogInit: XAudio2 using 'Speakers (Sound Blaster Recon3Di)' : 2 channels at 48 kHz using 32 bits per sample (channel mask 0x3)
[2019.03.18-13.54.46:099][242]LogInit: FAudioDevice initialized.
[2019.03.18-13.54.46:164][242]LogLoad: Game class is 'GameModeBase'
[2019.03.18-13.54.46:166][242]LogWorld: Bringing World /Game/StarterContent/Maps/UEDPIE_0_Minimal_Default.Minimal_Default up for play (max tick rate 60) at 2019.03.18-14.54.46
[2019.03.18-13.54.46:167][242]LogWorld: Bringing up level for play took: 0.001784
[2019.03.18-13.54.46:182][242]PIE: Play in editor start time for /Game/StarterContent/Maps/UEDPIE_0_Minimal_Default 0.67
[2019.03.18-13.54.46:182][242]LogBlueprintUserMessages: Late PlayInEditor Detection: Level '/Game/StarterContent/Maps/Minimal_Default.Minimal_Default:PersistentLevel' has LevelScriptBlueprint '/Game/StarterContent/Maps/Minimal_Default.Minimal_Default:PersistentLevel.Minimal_Default' with GeneratedClass '/Game/StarterContent/Maps/Minimal_Default.Minimal_Default_C' with ClassGeneratedBy '/Game/StarterContent/Maps/Minimal_Default.Minimal_Default:PersistentLevel.Minimal_Default'
[2019.03.18-13.57.15:213][175]LogBlueprintUserMessages: Early EndPlayMap Detection: Level '/Game/StarterContent/Maps/Minimal_Default.Minimal_Default:PersistentLevel' has LevelScriptBlueprint '/Game/StarterContent/Maps/Minimal_Default.Minimal_Default:PersistentLevel.Minimal_Default' with GeneratedClass '/Game/StarterContent/Maps/Minimal_Default.Minimal_Default_C' with ClassGeneratedBy '/Game/StarterContent/Maps/Minimal_Default.Minimal_Default:PersistentLevel.Minimal_Default'
[2019.03.18-13.57.15:214][175]LogSlate: Updating window title bar state: overlay mode, drag disabled, window buttons hidden, title bar hidden
[2019.03.18-13.57.15:265][175]LogPlayLevel: Display: Shutting down PIE online subsystems
[2019.03.18-13.57.15:265][175]LogBlueprintUserMessages: Late EndPlayMap Detection: Level '/Game/StarterContent/Maps/Minimal_Default.Minimal_Default:PersistentLevel' has LevelScriptBlueprint '/Game/StarterContent/Maps/Minimal_Default.Minimal_Default:PersistentLevel.Minimal_Default' with GeneratedClass '/Game/StarterContent/Maps/Minimal_Default.Minimal_Default_C' with ClassGeneratedBy '/Game/StarterContent/Maps/Minimal_Default.Minimal_Default:PersistentLevel.Minimal_Default'
[2019.03.18-13.57.15:313][175]LogSlate: Updating window title bar state: overlay mode, drag disabled, window buttons hidden, title bar hidden
[2019.03.18-13.57.15:354][176]LogPlayLevel: Display: Destroying online subsystem :Context_6
[2019.03.18-13.57.55:445][520]LogSlate: FSceneViewport::OnFocusLost() reason 0
[2019.03.18-14.00.36:719][ 95]LogSlate: Window 'Shoot - Unreal Editor' being destroyed
[2019.03.18-14.00.37:414][ 96]Cmd: QUIT_EDITOR
[2019.03.18-14.00.38:787][ 96]LogWindowsTextInputMethodSystem: Display: IME system now deactivated.
[2019.03.18-14.00.38:877][ 96]LogExit: Preparing to exit.
